<?xml version="1.0" encoding="UTF-8"?>
<coverage generated="1555741559416" clover="3.2.0">
  <project timestamp="1555741559417" name="All files">
    <metrics statements="652" coveredstatements="227" conditionals="431" coveredconditionals="126" methods="173" coveredmethods="84" elements="1256" coveredelements="437" complexity="0" loc="652" ncloc="652" packages="5" files="32" classes="32">
      <package name="src">
        <metrics statements="50" coveredstatements="5" conditionals="42" coveredconditionals="6" methods="18" coveredmethods="2"/>
        <file name="App.js" path="/home/omar/Documents/evolveu/objects/src/App.js">
          <metrics statements="6" coveredstatements="5" conditionals="10" coveredconditionals="6" methods="3" coveredmethods="2"/>
          <line num="29" count="1" type="stmt"/>
          <line num="41" count="1" type="stmt"/>
          <line num="42" count="1" type="stmt"/>
          <line num="61" count="0" type="stmt"/>
          <line num="67" count="1" type="stmt"/>
          <line num="69" count="1" type="stmt"/>
        </file>
        <file name="index.js" path="/home/omar/Documents/evolveu/objects/src/index.js">
          <metrics statements="6" coveredstatements="0" conditionals="0" coveredconditionals="0" methods="0" coveredmethods="0"/>
          <line num="1" count="0" type="stmt"/>
          <line num="2" count="0" type="stmt"/>
          <line num="3" count="0" type="stmt"/>
          <line num="4" count="0" type="stmt"/>
          <line num="5" count="0" type="stmt"/>
          <line num="12" count="0" type="stmt"/>
        </file>
        <file name="serviceWorker.js" path="/home/omar/Documents/evolveu/objects/src/serviceWorker.js">
          <metrics statements="38" coveredstatements="0" conditionals="32" coveredconditionals="0" methods="15" coveredmethods="0"/>
          <line num="13" count="0" type="stmt"/>
          <line num="24" count="0" type="cond" truecount="0" falsecount="4"/>
          <line num="26" count="0" type="stmt"/>
          <line num="27" count="0" type="cond" truecount="0" falsecount="2"/>
          <line num="31" count="0" type="stmt"/>
          <line num="34" count="0" type="stmt"/>
          <line num="35" count="0" type="stmt"/>
          <line num="37" count="0" type="cond" truecount="0" falsecount="2"/>
          <line num="39" count="0" type="stmt"/>
          <line num="43" count="0" type="stmt"/>
          <line num="44" count="0" type="stmt"/>
          <line num="51" count="0" type="stmt"/>
          <line num="58" count="0" type="stmt"/>
          <line num="61" count="0" type="stmt"/>
          <line num="62" count="0" type="stmt"/>
          <line num="63" count="0" type="cond" truecount="0" falsecount="2"/>
          <line num="64" count="0" type="stmt"/>
          <line num="66" count="0" type="stmt"/>
          <line num="67" count="0" type="cond" truecount="0" falsecount="2"/>
          <line num="68" count="0" type="cond" truecount="0" falsecount="2"/>
          <line num="72" count="0" type="stmt"/>
          <line num="78" count="0" type="cond" truecount="0" falsecount="4"/>
          <line num="79" count="0" type="stmt"/>
          <line num="85" count="0" type="stmt"/>
          <line num="88" count="0" type="cond" truecount="0" falsecount="4"/>
          <line num="89" count="0" type="stmt"/>
          <line num="97" count="0" type="stmt"/>
          <line num="103" count="0" type="stmt"/>
          <line num="106" count="0" type="stmt"/>
          <line num="107" count="0" type="cond" truecount="0" falsecount="2"/>
          <line num="112" count="0" type="stmt"/>
          <line num="113" count="0" type="stmt"/>
          <line num="114" count="0" type="stmt"/>
          <line num="119" count="0" type="stmt"/>
          <line num="123" count="0" type="stmt"/>
          <line num="130" count="0" type="cond" truecount="0" falsecount="2"/>
          <line num="131" count="0" type="stmt"/>
          <line num="132" count="0" type="stmt"/>
        </file>
      </package>
      <package name="src.components">
        <metrics statements="232" coveredstatements="15" conditionals="154" coveredconditionals="11" methods="40" coveredmethods="9"/>
        <file name="AppNavBar.jsx" path="/home/omar/Documents/evolveu/objects/src/components/AppNavBar.jsx">
          <metrics statements="1" coveredstatements="1" conditionals="10" coveredconditionals="5" methods="1" coveredmethods="1"/>
          <line num="10" count="1" type="stmt"/>
        </file>
        <file name="BankAccounts.jsx" path="/home/omar/Documents/evolveu/objects/src/components/BankAccounts.jsx">
          <metrics statements="183" coveredstatements="3" conditionals="108" coveredconditionals="0" methods="26" coveredmethods="2"/>
          <line num="10" count="1" type="stmt"/>
          <line num="11" count="1" type="stmt"/>
          <line num="70" count="0" type="stmt"/>
          <line num="76" count="0" type="cond" truecount="0" falsecount="2"/>
          <line num="77" count="0" type="stmt"/>
          <line num="78" count="0" type="stmt"/>
          <line num="84" count="0" type="stmt"/>
          <line num="102" count="0" type="stmt"/>
          <line num="103" count="0" type="stmt"/>
          <line num="105" count="0" type="cond" truecount="0" falsecount="6"/>
          <line num="111" count="0" type="stmt"/>
          <line num="112" count="0" type="stmt"/>
          <line num="114" count="0" type="stmt"/>
          <line num="115" count="0" type="cond" truecount="0" falsecount="2"/>
          <line num="116" count="0" type="stmt"/>
          <line num="119" count="0" type="cond" truecount="0" falsecount="2"/>
          <line num="120" count="0" type="stmt"/>
          <line num="121" count="0" type="stmt"/>
          <line num="133" count="0" type="stmt"/>
          <line num="134" count="0" type="stmt"/>
          <line num="135" count="0" type="stmt"/>
          <line num="137" count="0" type="stmt"/>
          <line num="138" count="0" type="stmt"/>
          <line num="140" count="0" type="stmt"/>
          <line num="143" count="0" type="cond" truecount="0" falsecount="2"/>
          <line num="144" count="0" type="stmt"/>
          <line num="146" count="0" type="stmt"/>
          <line num="148" count="0" type="stmt"/>
          <line num="163" count="0" type="cond" truecount="0" falsecount="4"/>
          <line num="174" count="0" type="stmt"/>
          <line num="175" count="0" type="stmt"/>
          <line num="176" count="0" type="cond" truecount="0" falsecount="2"/>
          <line num="177" count="0" type="stmt"/>
          <line num="193" count="0" type="cond" truecount="0" falsecount="2"/>
          <line num="194" count="0" type="stmt"/>
          <line num="210" count="0" type="cond" truecount="0" falsecount="2"/>
          <line num="211" count="0" type="stmt"/>
          <line num="213" count="0" type="stmt"/>
          <line num="215" count="0" type="stmt"/>
          <line num="233" count="0" type="cond" truecount="0" falsecount="2"/>
          <line num="234" count="0" type="stmt"/>
          <line num="238" count="0" type="cond" truecount="0" falsecount="2"/>
          <line num="239" count="0" type="stmt"/>
          <line num="242" count="0" type="stmt"/>
          <line num="248" count="0" type="stmt"/>
          <line num="250" count="0" type="stmt"/>
          <line num="251" count="0" type="cond" truecount="0" falsecount="2"/>
          <line num="252" count="0" type="stmt"/>
          <line num="254" count="0" type="stmt"/>
          <line num="256" count="0" type="stmt"/>
          <line num="275" count="0" type="cond" truecount="0" falsecount="2"/>
          <line num="276" count="0" type="stmt"/>
          <line num="278" count="0" type="stmt"/>
          <line num="280" count="0" type="stmt"/>
          <line num="295" count="0" type="cond" truecount="0" falsecount="2"/>
          <line num="296" count="0" type="stmt"/>
          <line num="298" count="0" type="stmt"/>
          <line num="300" count="0" type="stmt"/>
          <line num="315" count="0" type="cond" truecount="0" falsecount="2"/>
          <line num="316" count="0" type="stmt"/>
          <line num="317" count="0" type="stmt"/>
          <line num="319" count="0" type="stmt"/>
          <line num="321" count="0" type="cond" truecount="0" falsecount="4"/>
          <line num="323" count="0" type="stmt"/>
          <line num="324" count="0" type="stmt"/>
          <line num="325" count="0" type="cond" truecount="0" falsecount="2"/>
          <line num="326" count="0" type="stmt"/>
          <line num="329" count="0" type="cond" truecount="0" falsecount="2"/>
          <line num="331" count="0" type="stmt"/>
          <line num="335" count="0" type="stmt"/>
          <line num="337" count="0" type="stmt"/>
          <line num="343" count="0" type="stmt"/>
          <line num="345" count="0" type="stmt"/>
          <line num="346" count="0" type="stmt"/>
          <line num="349" count="0" type="stmt"/>
          <line num="351" count="0" type="cond" truecount="0" falsecount="2"/>
          <line num="352" count="0" type="stmt"/>
          <line num="354" count="0" type="stmt"/>
          <line num="356" count="0" type="stmt"/>
          <line num="370" count="0" type="cond" truecount="0" falsecount="2"/>
          <line num="371" count="0" type="stmt"/>
          <line num="372" count="0" type="stmt"/>
          <line num="374" count="0" type="stmt"/>
          <line num="378" count="0" type="stmt"/>
          <line num="380" count="0" type="stmt"/>
          <line num="381" count="0" type="stmt"/>
          <line num="384" count="0" type="stmt"/>
          <line num="391" count="0" type="cond" truecount="0" falsecount="2"/>
          <line num="392" count="0" type="stmt"/>
          <line num="394" count="0" type="stmt"/>
          <line num="396" count="0" type="stmt"/>
          <line num="405" count="0" type="cond" truecount="0" falsecount="2"/>
          <line num="408" count="0" type="stmt"/>
          <line num="409" count="0" type="cond" truecount="0" falsecount="4"/>
          <line num="410" count="0" type="stmt"/>
          <line num="411" count="0" type="stmt"/>
          <line num="414" count="0" type="stmt"/>
          <line num="421" count="0" type="stmt"/>
          <line num="423" count="0" type="stmt"/>
          <line num="424" count="0" type="stmt"/>
          <line num="427" count="0" type="stmt"/>
          <line num="428" count="0" type="cond" truecount="0" falsecount="2"/>
          <line num="429" count="0" type="stmt"/>
          <line num="433" count="0" type="cond" truecount="0" falsecount="2"/>
          <line num="434" count="0" type="stmt"/>
          <line num="436" count="0" type="stmt"/>
          <line num="438" count="0" type="stmt"/>
          <line num="448" count="0" type="cond" truecount="0" falsecount="2"/>
          <line num="451" count="0" type="stmt"/>
          <line num="452" count="0" type="cond" truecount="0" falsecount="4"/>
          <line num="453" count="0" type="stmt"/>
          <line num="454" count="0" type="stmt"/>
          <line num="457" count="0" type="stmt"/>
          <line num="465" count="0" type="stmt"/>
          <line num="467" count="0" type="stmt"/>
          <line num="468" count="0" type="stmt"/>
          <line num="471" count="0" type="stmt"/>
          <line num="473" count="0" type="stmt"/>
          <line num="474" count="0" type="cond" truecount="0" falsecount="2"/>
          <line num="475" count="0" type="cond" truecount="0" falsecount="2"/>
          <line num="476" count="0" type="stmt"/>
          <line num="478" count="0" type="stmt"/>
          <line num="483" count="0" type="cond" truecount="0" falsecount="2"/>
          <line num="484" count="0" type="stmt"/>
          <line num="486" count="0" type="stmt"/>
          <line num="488" count="0" type="stmt"/>
          <line num="498" count="0" type="cond" truecount="0" falsecount="2"/>
          <line num="499" count="0" type="stmt"/>
          <line num="504" count="0" type="stmt"/>
          <line num="505" count="0" type="cond" truecount="0" falsecount="4"/>
          <line num="506" count="0" type="stmt"/>
          <line num="507" count="0" type="stmt"/>
          <line num="510" count="0" type="stmt"/>
          <line num="519" count="0" type="stmt"/>
          <line num="521" count="0" type="stmt"/>
          <line num="522" count="0" type="stmt"/>
          <line num="525" count="0" type="stmt"/>
          <line num="527" count="0" type="stmt"/>
          <line num="529" count="0" type="cond" truecount="0" falsecount="2"/>
          <line num="532" count="0" type="cond" truecount="0" falsecount="2"/>
          <line num="533" count="0" type="stmt"/>
          <line num="536" count="0" type="stmt"/>
          <line num="538" count="0" type="cond" truecount="0" falsecount="2"/>
          <line num="539" count="0" type="stmt"/>
          <line num="543" count="0" type="stmt"/>
          <line num="548" count="0" type="cond" truecount="0" falsecount="2"/>
          <line num="549" count="0" type="stmt"/>
          <line num="551" count="0" type="stmt"/>
          <line num="553" count="0" type="stmt"/>
          <line num="563" count="0" type="cond" truecount="0" falsecount="2"/>
          <line num="564" count="0" type="stmt"/>
          <line num="572" count="0" type="cond" truecount="0" falsecount="2"/>
          <line num="573" count="0" type="stmt"/>
          <line num="580" count="0" type="cond" truecount="0" falsecount="2"/>
          <line num="581" count="0" type="stmt"/>
          <line num="588" count="0" type="cond" truecount="0" falsecount="2"/>
          <line num="589" count="0" type="stmt"/>
          <line num="596" count="0" type="cond" truecount="0" falsecount="2"/>
          <line num="597" count="0" type="stmt"/>
          <line num="603" count="0" type="cond" truecount="0" falsecount="2"/>
          <line num="605" count="0" type="stmt"/>
          <line num="611" count="0" type="cond" truecount="0" falsecount="2"/>
          <line num="612" count="0" type="cond" truecount="0" falsecount="2"/>
          <line num="618" count="0" type="stmt"/>
          <line num="622" count="0" type="stmt"/>
          <line num="624" count="0" type="stmt"/>
          <line num="625" count="0" type="stmt"/>
          <line num="628" count="0" type="stmt"/>
          <line num="631" count="0" type="stmt"/>
          <line num="637" count="0" type="stmt"/>
          <line num="646" count="0" type="cond" truecount="0" falsecount="2"/>
          <line num="647" count="0" type="stmt"/>
          <line num="649" count="0" type="stmt"/>
          <line num="655" count="0" type="cond" truecount="0" falsecount="2"/>
          <line num="656" count="0" type="cond" truecount="0" falsecount="2"/>
          <line num="662" count="0" type="stmt"/>
          <line num="666" count="0" type="stmt"/>
          <line num="668" count="0" type="stmt"/>
          <line num="669" count="0" type="stmt"/>
          <line num="672" count="0" type="stmt"/>
          <line num="675" count="0" type="stmt"/>
          <line num="681" count="0" type="stmt"/>
          <line num="691" count="1" type="stmt"/>
        </file>
        <file name="Calculator.jsx" path="/home/omar/Documents/evolveu/objects/src/components/Calculator.jsx">
          <metrics statements="21" coveredstatements="3" conditionals="13" coveredconditionals="0" methods="3" coveredmethods="2"/>
          <line num="8" count="1" type="stmt"/>
          <line num="9" count="1" type="stmt"/>
          <line num="22" count="0" type="stmt"/>
          <line num="27" count="0" type="cond" truecount="0" falsecount="2"/>
          <line num="40" count="0" type="cond" truecount="0" falsecount="2"/>
          <line num="41" count="0" type="cond" truecount="0" falsecount="2"/>
          <line num="42" count="0" type="cond" truecount="0" falsecount="2"/>
          <line num="44" count="0" type="stmt"/>
          <line num="45" count="0" type="cond" truecount="0" falsecount="5"/>
          <line num="47" count="0" type="stmt"/>
          <line num="48" count="0" type="stmt"/>
          <line num="51" count="0" type="stmt"/>
          <line num="52" count="0" type="stmt"/>
          <line num="55" count="0" type="stmt"/>
          <line num="56" count="0" type="stmt"/>
          <line num="59" count="0" type="stmt"/>
          <line num="60" count="0" type="stmt"/>
          <line num="63" count="0" type="stmt"/>
          <line num="64" count="0" type="stmt"/>
          <line num="66" count="0" type="stmt"/>
          <line num="70" count="1" type="stmt"/>
        </file>
        <file name="DataStructures.jsx" path="/home/omar/Documents/evolveu/objects/src/components/DataStructures.jsx">
          <metrics statements="9" coveredstatements="5" conditionals="16" coveredconditionals="6" methods="3" coveredmethods="2"/>
          <line num="11" count="1" type="stmt"/>
          <line num="27" count="1" type="stmt"/>
          <line num="28" count="1" type="stmt"/>
          <line num="39" count="0" type="stmt"/>
          <line num="40" count="0" type="cond" truecount="0" falsecount="2"/>
          <line num="44" count="0" type="cond" truecount="0" falsecount="2"/>
          <line num="46" count="0" type="stmt"/>
          <line num="54" count="1" type="stmt"/>
          <line num="56" count="1" type="stmt"/>
        </file>
        <file name="OneAccount.jsx" path="/home/omar/Documents/evolveu/objects/src/components/OneAccount.jsx">
          <metrics statements="17" coveredstatements="3" conditionals="7" coveredconditionals="0" methods="6" coveredmethods="2"/>
          <line num="8" count="1" type="stmt"/>
          <line num="9" count="1" type="stmt"/>
          <line num="19" count="0" type="stmt"/>
          <line num="22" count="0" type="cond" truecount="0" falsecount="2"/>
          <line num="38" count="0" type="cond" truecount="0" falsecount="2"/>
          <line num="40" count="0" type="stmt"/>
          <line num="42" count="0" type="cond" truecount="0" falsecount="3"/>
          <line num="44" count="0" type="stmt"/>
          <line num="45" count="0" type="stmt"/>
          <line num="46" count="0" type="stmt"/>
          <line num="51" count="0" type="stmt"/>
          <line num="54" count="0" type="stmt"/>
          <line num="55" count="0" type="stmt"/>
          <line num="56" count="0" type="stmt"/>
          <line num="61" count="0" type="stmt"/>
          <line num="64" count="0" type="stmt"/>
          <line num="71" count="1" type="stmt"/>
        </file>
        <file name="ReactGreeter.jsx" path="/home/omar/Documents/evolveu/objects/src/components/ReactGreeter.jsx">
          <metrics statements="1" coveredstatements="0" conditionals="0" coveredconditionals="0" methods="1" coveredmethods="0"/>
          <line num="7" count="0" type="stmt"/>
        </file>
      </package>
      <package name="src.components.BankAccounts">
        <metrics statements="53" coveredstatements="14" conditionals="58" coveredconditionals="14" methods="15" coveredmethods="3"/>
        <file name="AccountsList.jsx" path="/home/omar/Documents/evolveu/objects/src/components/BankAccounts/AccountsList.jsx">
          <metrics statements="8" coveredstatements="5" conditionals="20" coveredconditionals="3" methods="2" coveredmethods="1"/>
          <line num="8" count="1" type="cond" truecount="1" falsecount="1"/>
          <line num="11" count="1" type="stmt"/>
          <line num="13" count="1" type="cond" truecount="1" falsecount="1"/>
          <line num="14" count="0" type="stmt"/>
          <line num="46" count="1" type="stmt"/>
          <line num="47" count="0" type="stmt"/>
          <line num="48" count="0" type="stmt"/>
          <line num="101" count="1" type="stmt"/>
        </file>
        <file name="Body.jsx" path="/home/omar/Documents/evolveu/objects/src/components/BankAccounts/Body.jsx">
          <metrics statements="2" coveredstatements="2" conditionals="14" coveredconditionals="8" methods="1" coveredmethods="1"/>
          <line num="15" count="1" type="cond" truecount="3" falsecount="1"/>
          <line num="17" count="1" type="stmt"/>
        </file>
        <file name="DeleteAccount.jsx" path="/home/omar/Documents/evolveu/objects/src/components/BankAccounts/DeleteAccount.jsx">
          <metrics statements="7" coveredstatements="0" conditionals="4" coveredconditionals="0" methods="2" coveredmethods="0"/>
          <line num="13" count="0" type="stmt"/>
          <line num="16" count="0" type="cond" truecount="0" falsecount="2"/>
          <line num="17" count="0" type="stmt"/>
          <line num="22" count="0" type="stmt"/>
          <line num="23" count="0" type="cond" truecount="0" falsecount="2"/>
          <line num="24" count="0" type="stmt"/>
          <line num="29" count="0" type="stmt"/>
        </file>
        <file name="DepositWithdraw.jsx" path="/home/omar/Documents/evolveu/objects/src/components/BankAccounts/DepositWithdraw.jsx">
          <metrics statements="9" coveredstatements="0" conditionals="4" coveredconditionals="0" methods="2" coveredmethods="0"/>
          <line num="7" count="0" type="stmt"/>
          <line num="8" count="0" type="stmt"/>
          <line num="12" count="0" type="cond" truecount="0" falsecount="2"/>
          <line num="13" count="0" type="stmt"/>
          <line num="18" count="0" type="stmt"/>
          <line num="19" count="0" type="cond" truecount="0" falsecount="2"/>
          <line num="20" count="0" type="stmt"/>
          <line num="21" count="0" type="stmt"/>
          <line num="26" count="0" type="stmt"/>
        </file>
        <file name="Header.jsx" path="/home/omar/Documents/evolveu/objects/src/components/BankAccounts/Header.jsx">
          <metrics statements="12" coveredstatements="7" conditionals="8" coveredconditionals="3" methods="2" coveredmethods="1"/>
          <line num="6" count="1" type="stmt"/>
          <line num="7" count="1" type="stmt"/>
          <line num="11" count="1" type="cond" truecount="1" falsecount="1"/>
          <line num="12" count="1" type="stmt"/>
          <line num="17" count="0" type="stmt"/>
          <line num="18" count="0" type="cond" truecount="0" falsecount="2"/>
          <line num="19" count="0" type="stmt"/>
          <line num="20" count="0" type="stmt"/>
          <line num="25" count="1" type="stmt"/>
          <line num="26" count="1" type="cond" truecount="1" falsecount="1"/>
          <line num="27" count="0" type="stmt"/>
          <line num="35" count="1" type="stmt"/>
        </file>
        <file name="NewAccount.jsx" path="/home/omar/Documents/evolveu/objects/src/components/BankAccounts/NewAccount.jsx">
          <metrics statements="1" coveredstatements="0" conditionals="0" coveredconditionals="0" methods="1" coveredmethods="0"/>
          <line num="7" count="0" type="stmt"/>
        </file>
        <file name="RenameAccount.jsx" path="/home/omar/Documents/evolveu/objects/src/components/BankAccounts/RenameAccount.jsx">
          <metrics statements="7" coveredstatements="0" conditionals="4" coveredconditionals="0" methods="2" coveredmethods="0"/>
          <line num="13" count="0" type="stmt"/>
          <line num="16" count="0" type="cond" truecount="0" falsecount="2"/>
          <line num="17" count="0" type="stmt"/>
          <line num="21" count="0" type="stmt"/>
          <line num="22" count="0" type="cond" truecount="0" falsecount="2"/>
          <line num="23" count="0" type="stmt"/>
          <line num="28" count="0" type="stmt"/>
        </file>
        <file name="Transfer.jsx" path="/home/omar/Documents/evolveu/objects/src/components/BankAccounts/Transfer.jsx">
          <metrics statements="7" coveredstatements="0" conditionals="4" coveredconditionals="0" methods="3" coveredmethods="0"/>
          <line num="10" count="0" type="stmt"/>
          <line num="11" count="0" type="stmt"/>
          <line num="22" count="0" type="stmt"/>
          <line num="23" count="0" type="cond" truecount="0" falsecount="2"/>
          <line num="24" count="0" type="stmt"/>
          <line num="30" count="0" type="stmt"/>
          <line num="33" count="0" type="stmt"/>
        </file>
      </package>
      <package name="src.components.DataStructures">
        <metrics statements="127" coveredstatements="3" conditionals="82" coveredconditionals="0" methods="30" coveredmethods="0"/>
        <file name="MovieCard.jsx" path="/home/omar/Documents/evolveu/objects/src/components/DataStructures/MovieCard.jsx">
          <metrics statements="5" coveredstatements="0" conditionals="13" coveredconditionals="0" methods="1" coveredmethods="0"/>
          <line num="18" count="0" type="stmt"/>
          <line num="21" count="0" type="cond" truecount="0" falsecount="2"/>
          <line num="25" count="0" type="cond" truecount="0" falsecount="4"/>
          <line num="26" count="0" type="stmt"/>
          <line num="29" count="0" type="stmt"/>
        </file>
        <file name="MoviesListDisplay.jsx" path="/home/omar/Documents/evolveu/objects/src/components/DataStructures/MoviesListDisplay.jsx">
          <metrics statements="58" coveredstatements="1" conditionals="35" coveredconditionals="0" methods="10" coveredmethods="0"/>
          <line num="9" count="1" type="stmt"/>
          <line num="19" count="0" type="cond" truecount="0" falsecount="2"/>
          <line num="24" count="0" type="stmt"/>
          <line num="25" count="0" type="stmt"/>
          <line num="26" count="0" type="stmt"/>
          <line num="27" count="0" type="stmt"/>
          <line num="29" count="0" type="stmt"/>
          <line num="39" count="0" type="stmt"/>
          <line num="40" count="0" type="cond" truecount="0" falsecount="2"/>
          <line num="41" count="0" type="stmt"/>
          <line num="53" count="0" type="stmt"/>
          <line num="54" count="0" type="stmt"/>
          <line num="55" count="0" type="cond" truecount="0" falsecount="2"/>
          <line num="62" count="0" type="stmt"/>
          <line num="64" count="0" type="stmt"/>
          <line num="66" count="0" type="stmt"/>
          <line num="77" count="0" type="stmt"/>
          <line num="78" count="0" type="cond" truecount="0" falsecount="2"/>
          <line num="80" count="0" type="stmt"/>
          <line num="82" count="0" type="cond" truecount="0" falsecount="7"/>
          <line num="88" count="0" type="stmt"/>
          <line num="89" count="0" type="stmt"/>
          <line num="90" count="0" type="cond" truecount="0" falsecount="4"/>
          <line num="91" count="0" type="stmt"/>
          <line num="92" count="0" type="stmt"/>
          <line num="96" count="0" type="stmt"/>
          <line num="97" count="0" type="stmt"/>
          <line num="100" count="0" type="stmt"/>
          <line num="101" count="0" type="stmt"/>
          <line num="104" count="0" type="stmt"/>
          <line num="105" count="0" type="stmt"/>
          <line num="108" count="0" type="stmt"/>
          <line num="109" count="0" type="stmt"/>
          <line num="112" count="0" type="stmt"/>
          <line num="113" count="0" type="stmt"/>
          <line num="116" count="0" type="stmt"/>
          <line num="117" count="0" type="stmt"/>
          <line num="121" count="0" type="stmt"/>
          <line num="139" count="0" type="stmt"/>
          <line num="146" count="0" type="stmt"/>
          <line num="148" count="0" type="stmt"/>
          <line num="149" count="0" type="stmt"/>
          <line num="150" count="0" type="stmt"/>
          <line num="159" count="0" type="stmt"/>
          <line num="160" count="0" type="cond" truecount="0" falsecount="2"/>
          <line num="161" count="0" type="stmt"/>
          <line num="163" count="0" type="stmt"/>
          <line num="165" count="0" type="stmt"/>
          <line num="170" count="0" type="cond" truecount="0" falsecount="2"/>
          <line num="172" count="0" type="stmt"/>
          <line num="174" count="0" type="stmt"/>
          <line num="176" count="0" type="stmt"/>
          <line num="177" count="0" type="stmt"/>
          <line num="178" count="0" type="cond" truecount="0" falsecount="2"/>
          <line num="179" count="0" type="cond" truecount="0" falsecount="2"/>
          <line num="180" count="0" type="cond" truecount="0" falsecount="2"/>
          <line num="181" count="0" type="stmt"/>
          <line num="189" count="0" type="stmt"/>
        </file>
        <file name="MoviesQueueDisplay.jsx" path="/home/omar/Documents/evolveu/objects/src/components/DataStructures/MoviesQueueDisplay.jsx">
          <metrics statements="31" coveredstatements="1" conditionals="17" coveredconditionals="0" methods="9" coveredmethods="0"/>
          <line num="10" count="1" type="stmt"/>
          <line num="24" count="0" type="stmt"/>
          <line num="25" count="0" type="stmt"/>
          <line num="26" count="0" type="stmt"/>
          <line num="27" count="0" type="stmt"/>
          <line num="29" count="0" type="stmt"/>
          <line num="39" count="0" type="stmt"/>
          <line num="40" count="0" type="stmt"/>
          <line num="57" count="0" type="stmt"/>
          <line num="58" count="0" type="cond" truecount="0" falsecount="2"/>
          <line num="60" count="0" type="stmt"/>
          <line num="61" count="0" type="stmt"/>
          <line num="63" count="0" type="cond" truecount="0" falsecount="3"/>
          <line num="68" count="0" type="stmt"/>
          <line num="69" count="0" type="stmt"/>
          <line num="70" count="0" type="cond" truecount="0" falsecount="4"/>
          <line num="71" count="0" type="stmt"/>
          <line num="72" count="0" type="stmt"/>
          <line num="76" count="0" type="stmt"/>
          <line num="77" count="0" type="stmt"/>
          <line num="80" count="0" type="stmt"/>
          <line num="81" count="0" type="stmt"/>
          <line num="85" count="0" type="stmt"/>
          <line num="91" count="0" type="cond" truecount="0" falsecount="2"/>
          <line num="93" count="0" type="stmt"/>
          <line num="95" count="0" type="stmt"/>
          <line num="96" count="0" type="stmt"/>
          <line num="97" count="0" type="cond" truecount="0" falsecount="2"/>
          <line num="98" count="0" type="stmt"/>
          <line num="106" count="0" type="stmt"/>
          <line num="138" count="0" type="cond" truecount="0" falsecount="2"/>
        </file>
        <file name="MoviesStackDisplay.jsx" path="/home/omar/Documents/evolveu/objects/src/components/DataStructures/MoviesStackDisplay.jsx">
          <metrics statements="31" coveredstatements="1" conditionals="17" coveredconditionals="0" methods="9" coveredmethods="0"/>
          <line num="10" count="1" type="stmt"/>
          <line num="24" count="0" type="stmt"/>
          <line num="25" count="0" type="stmt"/>
          <line num="26" count="0" type="stmt"/>
          <line num="27" count="0" type="stmt"/>
          <line num="29" count="0" type="stmt"/>
          <line num="39" count="0" type="stmt"/>
          <line num="40" count="0" type="stmt"/>
          <line num="57" count="0" type="stmt"/>
          <line num="58" count="0" type="cond" truecount="0" falsecount="2"/>
          <line num="60" count="0" type="stmt"/>
          <line num="71" count="0" type="stmt"/>
          <line num="73" count="0" type="cond" truecount="0" falsecount="3"/>
          <line num="78" count="0" type="stmt"/>
          <line num="79" count="0" type="stmt"/>
          <line num="80" count="0" type="cond" truecount="0" falsecount="4"/>
          <line num="81" count="0" type="stmt"/>
          <line num="82" count="0" type="stmt"/>
          <line num="86" count="0" type="stmt"/>
          <line num="87" count="0" type="stmt"/>
          <line num="90" count="0" type="stmt"/>
          <line num="91" count="0" type="stmt"/>
          <line num="95" count="0" type="stmt"/>
          <line num="101" count="0" type="cond" truecount="0" falsecount="2"/>
          <line num="103" count="0" type="stmt"/>
          <line num="105" count="0" type="stmt"/>
          <line num="106" count="0" type="stmt"/>
          <line num="107" count="0" type="cond" truecount="0" falsecount="2"/>
          <line num="108" count="0" type="stmt"/>
          <line num="116" count="0" type="stmt"/>
          <line num="148" count="0" type="cond" truecount="0" falsecount="2"/>
        </file>
        <file name="Scrollable.jsx" path="/home/omar/Documents/evolveu/objects/src/components/DataStructures/Scrollable.jsx">
          <metrics statements="2" coveredstatements="0" conditionals="0" coveredconditionals="0" methods="1" coveredmethods="0"/>
          <line num="2" count="0" type="stmt"/>
          <line num="6" count="0" type="stmt"/>
        </file>
      </package>
      <package name="src.components.js">
        <metrics statements="190" coveredstatements="190" conditionals="95" coveredconditionals="95" methods="70" coveredmethods="70"/>
        <file name="City.js" path="/home/omar/Documents/evolveu/objects/src/components/js/City.js">
          <metrics statements="13" coveredstatements="13" conditionals="20" coveredconditionals="20" methods="5" coveredmethods="5"/>
          <line num="15" count="94" type="stmt"/>
          <line num="16" count="94" type="stmt"/>
          <line num="17" count="94" type="stmt"/>
          <line num="18" count="94" type="stmt"/>
          <line num="24" count="2" type="stmt"/>
          <line num="30" count="2" type="cond" truecount="2" falsecount="0"/>
          <line num="36" count="3" type="cond" truecount="4" falsecount="0"/>
          <line num="42" count="6" type="cond" truecount="2" falsecount="0"/>
          <line num="43" count="5" type="cond" truecount="2" falsecount="0"/>
          <line num="44" count="4" type="cond" truecount="2" falsecount="0"/>
          <line num="45" count="3" type="cond" truecount="2" falsecount="0"/>
          <line num="46" count="2" type="cond" truecount="2" falsecount="0"/>
          <line num="47" count="1" type="stmt"/>
        </file>
        <file name="Community.js" path="/home/omar/Documents/evolveu/objects/src/components/js/Community.js">
          <metrics statements="37" coveredstatements="37" conditionals="25" coveredconditionals="25" methods="15" coveredmethods="15"/>
          <line num="11" count="4" type="stmt"/>
          <line num="13" count="4" type="stmt"/>
          <line num="14" count="60" type="stmt"/>
          <line num="23" count="3" type="cond" truecount="4" falsecount="0"/>
          <line num="25" count="2" type="stmt"/>
          <line num="26" count="2" type="stmt"/>
          <line num="28" count="2" type="cond" truecount="2" falsecount="0"/>
          <line num="29" count="30" type="stmt"/>
          <line num="31" count="30" type="stmt"/>
          <line num="33" count="2" type="stmt"/>
          <line num="34" count="30" type="stmt"/>
          <line num="36" count="2" type="stmt"/>
          <line num="42" count="1" type="stmt"/>
          <line num="43" count="29" type="cond" truecount="2" falsecount="0"/>
          <line num="44" count="4" type="stmt"/>
          <line num="51" count="1" type="stmt"/>
          <line num="52" count="29" type="cond" truecount="2" falsecount="0"/>
          <line num="53" count="2" type="stmt"/>
          <line num="60" count="30" type="stmt"/>
          <line num="71" count="13" type="cond" truecount="2" falsecount="0"/>
          <line num="75" count="6" type="stmt"/>
          <line num="76" count="691" type="stmt"/>
          <line num="77" count="691" type="stmt"/>
          <line num="78" count="691" type="cond" truecount="2" falsecount="0"/>
          <line num="79" count="491" type="cond" truecount="2" falsecount="0"/>
          <line num="80" count="204" type="cond" truecount="2" falsecount="0"/>
          <line num="81" count="2" type="stmt"/>
          <line num="84" count="200" type="cond" truecount="2" falsecount="0"/>
          <line num="85" count="77" type="cond" truecount="2" falsecount="0"/>
          <line num="86" count="1" type="stmt"/>
          <line num="89" count="6" type="stmt"/>
          <line num="93" count="7" type="stmt"/>
          <line num="94" count="798" type="cond" truecount="2" falsecount="0"/>
          <line num="95" count="498" type="stmt"/>
          <line num="97" count="300" type="stmt"/>
          <line num="99" count="7" type="stmt"/>
          <line num="101" count="13" type="stmt"/>
        </file>
        <file name="LinkedList.js" path="/home/omar/Documents/evolveu/objects/src/components/js/LinkedList.js">
          <metrics statements="56" coveredstatements="56" conditionals="19" coveredconditionals="19" methods="8" coveredmethods="8"/>
          <line num="49" count="5" type="stmt"/>
          <line num="56" count="7" type="stmt"/>
          <line num="57" count="7" type="stmt"/>
          <line num="58" count="7" type="stmt"/>
          <line num="59" count="7" type="stmt"/>
          <line num="67" count="68" type="cond" truecount="2" falsecount="0"/>
          <line num="69" count="67" type="stmt"/>
          <line num="75" count="67" type="cond" truecount="2" falsecount="0"/>
          <line num="76" count="7" type="stmt"/>
          <line num="77" count="7" type="stmt"/>
          <line num="87" count="60" type="cond" truecount="2" falsecount="0"/>
          <line num="88" count="59" type="stmt"/>
          <line num="89" count="59" type="stmt"/>
          <line num="90" count="59" type="stmt"/>
          <line num="91" count="59" type="stmt"/>
          <line num="104" count="1" type="stmt"/>
          <line num="105" count="1" type="stmt"/>
          <line num="106" count="1" type="stmt"/>
          <line num="107" count="1" type="stmt"/>
          <line num="111" count="67" type="stmt"/>
          <line num="113" count="67" type="stmt"/>
          <line num="121" count="15" type="cond" truecount="2" falsecount="0"/>
          <line num="123" count="13" type="stmt"/>
          <line num="130" count="13" type="cond" truecount="2" falsecount="0"/>
          <line num="132" count="3" type="stmt"/>
          <line num="135" count="3" type="stmt"/>
          <line num="136" count="3" type="stmt"/>
          <line num="139" count="3" type="cond" truecount="2" falsecount="0"/>
          <line num="140" count="3" type="stmt"/>
          <line num="149" count="10" type="stmt"/>
          <line num="150" count="39" type="stmt"/>
          <line num="156" count="10" type="stmt"/>
          <line num="160" count="10" type="stmt"/>
          <line num="164" count="10" type="cond" truecount="2" falsecount="0"/>
          <line num="167" count="10" type="stmt"/>
          <line num="169" count="10" type="stmt"/>
          <line num="173" count="13" type="stmt"/>
          <line num="176" count="13" type="stmt"/>
          <line num="184" count="3" type="stmt"/>
          <line num="185" count="3" type="stmt"/>
          <line num="193" count="2" type="stmt"/>
          <line num="194" count="2" type="stmt"/>
          <line num="203" count="4" type="cond" truecount="2" falsecount="0"/>
          <line num="208" count="3" type="stmt"/>
          <line num="210" count="3" type="stmt"/>
          <line num="219" count="9" type="cond" truecount="2" falsecount="0"/>
          <line num="225" count="8" type="stmt"/>
          <line num="226" count="27" type="stmt"/>
          <line num="227" count="8" type="stmt"/>
          <line num="229" count="8" type="stmt"/>
          <line num="236" count="3" type="stmt"/>
          <line num="237" count="3" type="stmt"/>
          <line num="239" count="3" type="stmt"/>
          <line num="240" count="52" type="stmt"/>
          <line num="241" count="52" type="stmt"/>
          <line num="243" count="3" type="stmt"/>
        </file>
        <file name="MoviesList.js" path="/home/omar/Documents/evolveu/objects/src/components/js/MoviesList.js">
          <metrics statements="4" coveredstatements="4" conditionals="2" coveredconditionals="2" methods="4" coveredmethods="4"/>
          <line num="6" count="41" type="stmt"/>
          <line num="7" count="41" type="stmt"/>
          <line num="27" count="42" type="stmt"/>
          <line num="28" count="42" type="stmt"/>
        </file>
        <file name="Node.js" path="/home/omar/Documents/evolveu/objects/src/components/js/Node.js">
          <metrics statements="14" coveredstatements="14" conditionals="6" coveredconditionals="6" methods="3" coveredmethods="3"/>
          <line num="3" count="73" type="stmt"/>
          <line num="4" count="73" type="stmt"/>
          <line num="17" count="6" type="cond" truecount="2" falsecount="0"/>
          <line num="21" count="2" type="cond" truecount="2" falsecount="0"/>
          <line num="22" count="1" type="stmt"/>
          <line num="23" count="1" type="stmt"/>
          <line num="27" count="1" type="stmt"/>
          <line num="30" count="1" type="stmt"/>
          <line num="33" count="1" type="stmt"/>
          <line num="34" count="2" type="stmt"/>
          <line num="38" count="1" type="stmt"/>
          <line num="39" count="1" type="stmt"/>
          <line num="40" count="1" type="stmt"/>
          <line num="43" count="4" type="stmt"/>
        </file>
        <file name="Queue.js" path="/home/omar/Documents/evolveu/objects/src/components/js/Queue.js">
          <metrics statements="4" coveredstatements="4" conditionals="0" coveredconditionals="0" methods="4" coveredmethods="4"/>
          <line num="19" count="2" type="stmt"/>
          <line num="24" count="20" type="stmt"/>
          <line num="29" count="1" type="stmt"/>
          <line num="34" count="3" type="stmt"/>
        </file>
        <file name="Stack.js" path="/home/omar/Documents/evolveu/objects/src/components/js/Stack.js">
          <metrics statements="4" coveredstatements="4" conditionals="0" coveredconditionals="0" methods="4" coveredmethods="4"/>
          <line num="19" count="2" type="stmt"/>
          <line num="24" count="20" type="stmt"/>
          <line num="29" count="1" type="stmt"/>
          <line num="34" count="4" type="stmt"/>
        </file>
        <file name="account.js" path="/home/omar/Documents/evolveu/objects/src/components/js/account.js">
          <metrics statements="10" coveredstatements="10" conditionals="0" coveredconditionals="0" methods="7" coveredmethods="7"/>
          <line num="6" count="35" type="stmt"/>
          <line num="7" count="35" type="stmt"/>
          <line num="10" count="118" type="stmt"/>
          <line num="11" count="132" type="stmt"/>
          <line num="13" count="1" type="stmt"/>
          <line num="14" count="2" type="stmt"/>
          <line num="17" count="1" type="stmt"/>
          <line num="18" count="1" type="stmt"/>
          <line num="22" count="1" type="stmt"/>
          <line num="23" count="1" type="stmt"/>
        </file>
        <file name="accountsController.js" path="/home/omar/Documents/evolveu/objects/src/components/js/accountsController.js">
          <metrics statements="44" coveredstatements="44" conditionals="23" coveredconditionals="23" methods="16" coveredmethods="16"/>
          <line num="7" count="12" type="stmt"/>
          <line num="13" count="33" type="stmt"/>
          <line num="17" count="1" type="stmt"/>
          <line num="18" count="1" type="stmt"/>
          <line num="19" count="2" type="cond" truecount="2" falsecount="0"/>
          <line num="20" count="1" type="stmt"/>
          <line num="23" count="1" type="stmt"/>
          <line num="27" count="1" type="stmt"/>
          <line num="28" count="1" type="stmt"/>
          <line num="29" count="2" type="cond" truecount="2" falsecount="0"/>
          <line num="30" count="1" type="stmt"/>
          <line num="33" count="1" type="stmt"/>
          <line num="37" count="1" type="stmt"/>
          <line num="38" count="1" type="stmt"/>
          <line num="39" count="3" type="cond" truecount="2" falsecount="0"/>
          <line num="40" count="1" type="stmt"/>
          <line num="43" count="1" type="stmt"/>
          <line num="47" count="3" type="stmt"/>
          <line num="48" count="3" type="stmt"/>
          <line num="49" count="4" type="stmt"/>
          <line num="51" count="3" type="stmt"/>
          <line num="55" count="2" type="stmt"/>
          <line num="56" count="2" type="cond" truecount="2" falsecount="0"/>
          <line num="57" count="1" type="stmt"/>
          <line num="63" count="7" type="stmt"/>
          <line num="72" count="8" type="stmt"/>
          <line num="74" count="8" type="cond" truecount="3" falsecount="0"/>
          <line num="78" count="3" type="stmt"/>
          <line num="79" count="27" type="cond" truecount="2" falsecount="0"/>
          <line num="80" count="9" type="stmt"/>
          <line num="82" count="18" type="stmt"/>
          <line num="84" count="3" type="stmt"/>
          <line num="88" count="3" type="stmt"/>
          <line num="89" count="27" type="stmt"/>
          <line num="90" count="27" type="stmt"/>
          <line num="91" count="27" type="cond" truecount="2" falsecount="0"/>
          <line num="92" count="9" type="cond" truecount="2" falsecount="0"/>
          <line num="93" count="3" type="cond" truecount="2" falsecount="0"/>
          <line num="94" count="1" type="stmt"/>
          <line num="97" count="18" type="cond" truecount="2" falsecount="0"/>
          <line num="98" count="11" type="cond" truecount="2" falsecount="0"/>
          <line num="99" count="2" type="stmt"/>
          <line num="102" count="3" type="stmt"/>
          <line num="105" count="2" type="stmt"/>
        </file>
        <file name="math.js" path="/home/omar/Documents/evolveu/objects/src/components/js/math.js">
          <metrics statements="4" coveredstatements="4" conditionals="0" coveredconditionals="0" methods="4" coveredmethods="4"/>
          <line num="2" count="1" type="stmt"/>
          <line num="6" count="1" type="stmt"/>
          <line num="10" count="1" type="stmt"/>
          <line num="14" count="1" type="stmt"/>
        </file>
      </package>
    </metrics>
  </project>
</coverage>
