{"/home/omar/Documents/evolveu/objects/src/App.js": {"path":"/home/omar/Documents/evolveu/objects/src/App.js","statementMap":{"0":{"start":{"line":29,"column":0},"end":{"line":32,"column":119}},"1":{"start":{"line":41,"column":8},"end":{"line":41,"column":15}},"2":{"start":{"line":42,"column":8},"end":{"line":44,"column":9}},"3":{"start":{"line":61,"column":8},"end":{"line":61,"column":62}},"4":{"start":{"line":67,"column":30},"end":{"line":67,"column":40}},"5":{"start":{"line":69,"column":8},"end":{"line":84,"column":9}}},"fnMap":{"0":{"name":"(anonymous_0)","decl":{"start":{"line":40,"column":4},"end":{"line":40,"column":5}},"loc":{"start":{"line":40,"column":18},"end":{"line":45,"column":5}},"line":40},"1":{"name":"(anonymous_1)","decl":{"start":{"line":60,"column":19},"end":{"line":60,"column":20}},"loc":{"start":{"line":60,"column":28},"end":{"line":62,"column":5}},"line":60},"2":{"name":"(anonymous_2)","decl":{"start":{"line":65,"column":4},"end":{"line":65,"column":5}},"loc":{"start":{"line":65,"column":13},"end":{"line":85,"column":5}},"line":65}},"branchMap":{"0":{"loc":{"start":{"line":77,"column":21},"end":{"line":77,"column":61}},"type":"binary-expr","locations":[{"start":{"line":77,"column":21},"end":{"line":77,"column":41}},{"start":{"line":77,"column":45},"end":{"line":77,"column":61}}],"line":77},"1":{"loc":{"start":{"line":78,"column":21},"end":{"line":78,"column":59}},"type":"binary-expr","locations":[{"start":{"line":78,"column":21},"end":{"line":78,"column":41}},{"start":{"line":78,"column":45},"end":{"line":78,"column":59}}],"line":78},"2":{"loc":{"start":{"line":79,"column":21},"end":{"line":79,"column":65}},"type":"binary-expr","locations":[{"start":{"line":79,"column":21},"end":{"line":79,"column":47}},{"start":{"line":79,"column":51},"end":{"line":79,"column":65}}],"line":79},"3":{"loc":{"start":{"line":80,"column":21},"end":{"line":80,"column":69}},"type":"binary-expr","locations":[{"start":{"line":80,"column":21},"end":{"line":80,"column":49}},{"start":{"line":80,"column":53},"end":{"line":80,"column":69}}],"line":80},"4":{"loc":{"start":{"line":81,"column":21},"end":{"line":81,"column":73}},"type":"binary-expr","locations":[{"start":{"line":81,"column":21},"end":{"line":81,"column":51}},{"start":{"line":81,"column":55},"end":{"line":81,"column":73}}],"line":81}},"s":{"0":1,"1":1,"2":1,"3":0,"4":1,"5":1},"f":{"0":1,"1":0,"2":1},"b":{"0":[1,0],"1":[1,0],"2":[1,0],"3":[1,0],"4":[1,1]},"_coverageSchema":"332fd63041d2c1bcb487cc26dd0d5f7d97098a6c","hash":"ef9f0e95173648aab9f17f752abff1ac626c0783"}
,"/home/omar/Documents/evolveu/objects/src/index.js": {"path":"/home/omar/Documents/evolveu/objects/src/index.js","statementMap":{"0":{"start":{"line":1,"column":0},"end":{"line":null,"column":-1}},"1":{"start":{"line":2,"column":0},"end":{"line":null,"column":-1}},"2":{"start":{"line":3,"column":0},"end":{"line":null,"column":-1}},"3":{"start":{"line":4,"column":0},"end":{"line":null,"column":-1}},"4":{"start":{"line":5,"column":0},"end":{"line":null,"column":-1}},"5":{"start":{"line":12,"column":0},"end":{"line":null,"column":-1}}},"fnMap":{},"branchMap":{},"s":{"0":0,"1":0,"2":0,"3":0,"4":0,"5":0},"f":{},"b":{}}
,"/home/omar/Documents/evolveu/objects/src/serviceWorker.js": {"path":"/home/omar/Documents/evolveu/objects/src/serviceWorker.js","statementMap":{"0":{"start":{"line":13,"column":20},"end":{"line":13,"column":0}},"1":{"start":{"line":24,"column":2},"end":{"line":54,"column":3}},"2":{"start":{"line":26,"column":22},"end":{"line":26,"column":4}},"3":{"start":{"line":27,"column":4},"end":{"line":32,"column":5}},"4":{"start":{"line":31,"column":6},"end":{"line":null,"column":-1}},"5":{"start":{"line":34,"column":4},"end":{"line":null,"column":-1}},"6":{"start":{"line":35,"column":21},"end":{"line":35,"column":6}},"7":{"start":{"line":37,"column":6},"end":{"line":52,"column":7}},"8":{"start":{"line":39,"column":8},"end":{"line":37,"column":23}},"9":{"start":{"line":43,"column":8},"end":{"line":null,"column":-1}},"10":{"start":{"line":44,"column":10},"end":{"line":null,"column":-1}},"11":{"start":{"line":51,"column":8},"end":{"line":null,"column":-1}},"12":{"start":{"line":58,"column":2},"end":{"line":null,"column":-1}},"13":{"start":{"line":61,"column":6},"end":{"line":null,"column":-1}},"14":{"start":{"line":62,"column":33},"end":{"line":62,"column":8}},"15":{"start":{"line":63,"column":8},"end":{"line":65,"column":9}},"16":{"start":{"line":64,"column":10},"end":{"line":null,"column":-1}},"17":{"start":{"line":66,"column":8},"end":{"line":null,"column":-1}},"18":{"start":{"line":67,"column":10},"end":{"line":92,"column":11}},"19":{"start":{"line":68,"column":12},"end":{"line":91,"column":13}},"20":{"start":{"line":72,"column":14},"end":{"line":68,"column":52}},"21":{"start":{"line":78,"column":14},"end":{"line":80,"column":15}},"22":{"start":{"line":79,"column":16},"end":{"line":null,"column":-1}},"23":{"start":{"line":85,"column":14},"end":{"line":81,"column":19}},"24":{"start":{"line":88,"column":14},"end":{"line":90,"column":15}},"25":{"start":{"line":89,"column":16},"end":{"line":null,"column":-1}},"26":{"start":{"line":97,"column":6},"end":{"line":null,"column":-1}},"27":{"start":{"line":103,"column":2},"end":{"line":null,"column":-1}},"28":{"start":{"line":106,"column":26},"end":{"line":106,"column":6}},"29":{"start":{"line":107,"column":6},"end":{"line":120,"column":7}},"30":{"start":{"line":112,"column":8},"end":{"line":null,"column":-1}},"31":{"start":{"line":113,"column":10},"end":{"line":null,"column":-1}},"32":{"start":{"line":114,"column":12},"end":{"line":null,"column":-1}},"33":{"start":{"line":119,"column":8},"end":{"line":null,"column":-1}},"34":{"start":{"line":123,"column":6},"end":{"line":null,"column":-1}},"35":{"start":{"line":130,"column":2},"end":{"line":134,"column":3}},"36":{"start":{"line":131,"column":4},"end":{"line":null,"column":-1}},"37":{"start":{"line":132,"column":6},"end":{"line":null,"column":-1}}},"fnMap":{"0":{"name":"register","decl":{"start":{"line":23,"column":16},"end":{"line":23,"column":7}},"loc":{"start":{"line":23,"column":33},"end":{"line":55,"column":1}}},"1":{"name":"(anonymous_1)","decl":{"start":{"line":34,"column":36},"end":{"line":34,"column":41}},"loc":{"start":{"line":34,"column":42},"end":{"line":34,"column":4}}},"2":{"name":"(anonymous_2)","decl":{"start":{"line":43,"column":43},"end":{"line":43,"column":48}},"loc":{"start":{"line":43,"column":49},"end":{"line":43,"column":8}}},"3":{"name":"registerValidSW","decl":{"start":{"line":57,"column":9},"end":{"line":57,"column":0}},"loc":{"start":{"line":57,"column":40},"end":{"line":99,"column":1}}},"4":{"name":"(anonymous_4)","decl":{"start":{"line":60,"column":10},"end":{"line":60,"column":21}},"loc":{"start":{"line":60,"column":26},"end":{"line":58,"column":2}}},"5":{"name":"(anonymous_5)","decl":{"start":{"line":61,"column":35},"end":{"line":61,"column":40}},"loc":{"start":{"line":61,"column":41},"end":{"line":61,"column":6}}},"6":{"name":"(anonymous_6)","decl":{"start":{"line":66,"column":41},"end":{"line":66,"column":46}},"loc":{"start":{"line":66,"column":47},"end":{"line":66,"column":8}}},"7":{"name":"(anonymous_7)","decl":{"start":{"line":96,"column":11},"end":{"line":96,"column":15}},"loc":{"start":{"line":96,"column":20},"end":{"line":58,"column":2}}},"8":{"name":"checkValidServiceWorker","decl":{"start":{"line":101,"column":9},"end":{"line":101,"column":0}},"loc":{"start":{"line":101,"column":48},"end":{"line":127,"column":1}}},"9":{"name":"(anonymous_9)","decl":{"start":{"line":104,"column":10},"end":{"line":104,"column":17}},"loc":{"start":{"line":104,"column":22},"end":{"line":103,"column":2}}},"10":{"name":"(anonymous_10)","decl":{"start":{"line":112,"column":43},"end":{"line":112,"column":54}},"loc":{"start":{"line":112,"column":59},"end":{"line":112,"column":8}}},"11":{"name":"(anonymous_11)","decl":{"start":{"line":113,"column":41},"end":{"line":113,"column":46}},"loc":{"start":{"line":113,"column":47},"end":{"line":113,"column":10}}},"12":{"name":"(anonymous_12)","decl":{"start":{"line":122,"column":11},"end":{"line":122,"column":16}},"loc":{"start":{"line":122,"column":17},"end":{"line":103,"column":2}}},"13":{"name":"unregister","decl":{"start":{"line":129,"column":16},"end":{"line":129,"column":7}},"loc":{"start":{"line":129,"column":29},"end":{"line":135,"column":1}}},"14":{"name":"(anonymous_14)","decl":{"start":{"line":131,"column":39},"end":{"line":131,"column":50}},"loc":{"start":{"line":131,"column":55},"end":{"line":131,"column":4}}}},"branchMap":{"0":{"loc":{"start":{"line":14,"column":2},"end":{"line":14,"column":1}},"type":"binary-expr","locations":[{"start":{"line":14,"column":2},"end":{"line":14,"column":1}},{"start":{"line":16,"column":4},"end":{"line":14,"column":2}},{"start":{"line":18,"column":4},"end":{"line":13,"column":27}}]},"1":{"loc":{"start":{"line":24,"column":2},"end":{"line":54,"column":3}},"type":"if","locations":[{"start":{"line":24,"column":2},"end":{"line":54,"column":3}},{"start":{"line":24,"column":2},"end":{"line":54,"column":3}}]},"2":{"loc":{"start":{"line":24,"column":6},"end":{"line":24,"column":5}},"type":"binary-expr","locations":[{"start":{"line":24,"column":6},"end":{"line":24,"column":5}},{"start":{"line":24,"column":47},"end":{"line":24,"column":2}}]},"3":{"loc":{"start":{"line":27,"column":4},"end":{"line":32,"column":5}},"type":"if","locations":[{"start":{"line":27,"column":4},"end":{"line":32,"column":5}},{"start":{"line":27,"column":4},"end":{"line":32,"column":5}}]},"4":{"loc":{"start":{"line":37,"column":6},"end":{"line":52,"column":7}},"type":"if","locations":[{"start":{"line":37,"column":6},"end":{"line":52,"column":7}},{"start":{"line":37,"column":6},"end":{"line":52,"column":7}}]},"5":{"loc":{"start":{"line":63,"column":8},"end":{"line":65,"column":9}},"type":"if","locations":[{"start":{"line":63,"column":8},"end":{"line":65,"column":9}},{"start":{"line":63,"column":8},"end":{"line":65,"column":9}}]},"6":{"loc":{"start":{"line":67,"column":10},"end":{"line":92,"column":11}},"type":"if","locations":[{"start":{"line":67,"column":10},"end":{"line":92,"column":11}},{"start":{"line":67,"column":10},"end":{"line":92,"column":11}}]},"7":{"loc":{"start":{"line":68,"column":12},"end":{"line":91,"column":13}},"type":"if","locations":[{"start":{"line":68,"column":12},"end":{"line":91,"column":13}},{"start":{"line":68,"column":12},"end":{"line":91,"column":13}}]},"8":{"loc":{"start":{"line":78,"column":14},"end":{"line":80,"column":15}},"type":"if","locations":[{"start":{"line":78,"column":14},"end":{"line":80,"column":15}},{"start":{"line":78,"column":14},"end":{"line":80,"column":15}}]},"9":{"loc":{"start":{"line":78,"column":18},"end":{"line":78,"column":24}},"type":"binary-expr","locations":[{"start":{"line":78,"column":18},"end":{"line":78,"column":24}},{"start":{"line":78,"column":28},"end":{"line":78,"column":14}}]},"10":{"loc":{"start":{"line":88,"column":14},"end":{"line":90,"column":15}},"type":"if","locations":[{"start":{"line":88,"column":14},"end":{"line":90,"column":15}},{"start":{"line":88,"column":14},"end":{"line":90,"column":15}}]},"11":{"loc":{"start":{"line":88,"column":18},"end":{"line":88,"column":24}},"type":"binary-expr","locations":[{"start":{"line":88,"column":18},"end":{"line":88,"column":24}},{"start":{"line":88,"column":28},"end":{"line":88,"column":14}}]},"12":{"loc":{"start":{"line":107,"column":6},"end":{"line":120,"column":7}},"type":"if","locations":[{"start":{"line":107,"column":6},"end":{"line":120,"column":7}},{"start":{"line":107,"column":6},"end":{"line":120,"column":7}}]},"13":{"loc":{"start":{"line":108,"column":8},"end":{"line":108,"column":7}},"type":"binary-expr","locations":[{"start":{"line":108,"column":8},"end":{"line":108,"column":7}},{"start":{"line":109,"column":9},"end":{"line":109,"column":8}},{"start":{"line":109,"column":32},"end":{"line":107,"column":6}}]},"14":{"loc":{"start":{"line":130,"column":2},"end":{"line":134,"column":3}},"type":"if","locations":[{"start":{"line":130,"column":2},"end":{"line":134,"column":3}},{"start":{"line":130,"column":2},"end":{"line":134,"column":3}}]}},"s":{"0":0,"1":0,"2":0,"3":0,"4":0,"5":0,"6":0,"7":0,"8":0,"9":0,"10":0,"11":0,"12":0,"13":0,"14":0,"15":0,"16":0,"17":0,"18":0,"19":0,"20":0,"21":0,"22":0,"23":0,"24":0,"25":0,"26":0,"27":0,"28":0,"29":0,"30":0,"31":0,"32":0,"33":0,"34":0,"35":0,"36":0,"37":0},"f":{"0":0,"1":0,"2":0,"3":0,"4":0,"5":0,"6":0,"7":0,"8":0,"9":0,"10":0,"11":0,"12":0,"13":0,"14":0},"b":{"0":[0,0,0],"1":[0,0],"2":[0,0],"3":[0,0],"4":[0,0],"5":[0,0],"6":[0,0],"7":[0,0],"8":[0,0],"9":[0,0],"10":[0,0],"11":[0,0],"12":[0,0],"13":[0,0,0],"14":[0,0]}}
,"/home/omar/Documents/evolveu/objects/src/components/AppNavBar.jsx": {"path":"/home/omar/Documents/evolveu/objects/src/components/AppNavBar.jsx","statementMap":{"0":{"start":{"line":10,"column":8},"end":{"line":53,"column":9}}},"fnMap":{"0":{"name":"(anonymous_0)","decl":{"start":{"line":8,"column":4},"end":{"line":8,"column":5}},"loc":{"start":{"line":8,"column":18},"end":{"line":54,"column":5}},"line":8}},"branchMap":{"0":{"loc":{"start":{"line":18,"column":33},"end":{"line":18,"column":83}},"type":"cond-expr","locations":[{"start":{"line":18,"column":67},"end":{"line":18,"column":78}},{"start":{"line":18,"column":81},"end":{"line":18,"column":83}}],"line":18},"1":{"loc":{"start":{"line":25,"column":33},"end":{"line":25,"column":83}},"type":"cond-expr","locations":[{"start":{"line":25,"column":67},"end":{"line":25,"column":78}},{"start":{"line":25,"column":81},"end":{"line":25,"column":83}}],"line":25},"2":{"loc":{"start":{"line":32,"column":33},"end":{"line":32,"column":89}},"type":"cond-expr","locations":[{"start":{"line":32,"column":73},"end":{"line":32,"column":84}},{"start":{"line":32,"column":87},"end":{"line":32,"column":89}}],"line":32},"3":{"loc":{"start":{"line":39,"column":33},"end":{"line":39,"column":91}},"type":"cond-expr","locations":[{"start":{"line":39,"column":75},"end":{"line":39,"column":86}},{"start":{"line":39,"column":89},"end":{"line":39,"column":91}}],"line":39},"4":{"loc":{"start":{"line":46,"column":33},"end":{"line":46,"column":93}},"type":"cond-expr","locations":[{"start":{"line":46,"column":77},"end":{"line":46,"column":88}},{"start":{"line":46,"column":91},"end":{"line":46,"column":93}}],"line":46}},"s":{"0":1},"f":{"0":1},"b":{"0":[0,1],"1":[0,1],"2":[0,1],"3":[0,1],"4":[1,0]},"_coverageSchema":"332fd63041d2c1bcb487cc26dd0d5f7d97098a6c","hash":"bd2c1b04ff3ec82fa13645d114164effb24759e0"}
,"/home/omar/Documents/evolveu/objects/src/components/BankAccounts.jsx": {"path":"/home/omar/Documents/evolveu/objects/src/components/BankAccounts.jsx","statementMap":{"0":{"start":{"line":10,"column":4},"end":{"line":10,"column":12}},"1":{"start":{"line":11,"column":4},"end":{"line":61,"column":5}},"2":{"start":{"line":70,"column":26},"end":{"line":70,"column":38}},"3":{"start":{"line":76,"column":4},"end":{"line":87,"column":5}},"4":{"start":{"line":77,"column":8},"end":{"line":77,"column":60}},"5":{"start":{"line":78,"column":8},"end":{"line":81,"column":10}},"6":{"start":{"line":84,"column":8},"end":{"line":86,"column":10}},"7":{"start":{"line":102,"column":27},"end":{"line":102,"column":54}},"8":{"start":{"line":103,"column":30},"end":{"line":103,"column":73}},"9":{"start":{"line":105,"column":4},"end":{"line":686,"column":5}},"10":{"start":{"line":111,"column":30},"end":{"line":111,"column":73}},"11":{"start":{"line":112,"column":35},"end":{"line":112,"column":40}},"12":{"start":{"line":114,"column":8},"end":{"line":118,"column":10}},"13":{"start":{"line":115,"column":12},"end":{"line":117,"column":13}},"14":{"start":{"line":116,"column":16},"end":{"line":116,"column":43}},"15":{"start":{"line":119,"column":8},"end":{"line":157,"column":9}},"16":{"start":{"line":120,"column":12},"end":{"line":120,"column":98}},"17":{"start":{"line":121,"column":12},"end":{"line":121,"column":18}},"18":{"start":{"line":133,"column":12},"end":{"line":156,"column":14}},"19":{"start":{"line":134,"column":35},"end":{"line":134,"column":81}},"20":{"start":{"line":135,"column":44},"end":{"line":135,"column":68}},"21":{"start":{"line":137,"column":16},"end":{"line":139,"column":18}},"22":{"start":{"line":138,"column":20},"end":{"line":138,"column":61}},"23":{"start":{"line":140,"column":16},"end":{"line":140,"column":60}},"24":{"start":{"line":143,"column":16},"end":{"line":146,"column":102}},"25":{"start":{"line":144,"column":20},"end":{"line":144,"column":108}},"26":{"start":{"line":146,"column":20},"end":{"line":146,"column":102}},"27":{"start":{"line":148,"column":16},"end":{"line":155,"column":17}},"28":{"start":{"line":163,"column":11},"end":{"line":686,"column":5}},"29":{"start":{"line":174,"column":27},"end":{"line":174,"column":79}},"30":{"start":{"line":175,"column":34},"end":{"line":175,"column":94}},"31":{"start":{"line":176,"column":8},"end":{"line":187,"column":9}},"32":{"start":{"line":177,"column":12},"end":{"line":186,"column":14}},"33":{"start":{"line":193,"column":11},"end":{"line":686,"column":5}},"34":{"start":{"line":194,"column":7},"end":{"line":202,"column":10}},"35":{"start":{"line":210,"column":11},"end":{"line":686,"column":5}},"36":{"start":{"line":211,"column":27},"end":{"line":211,"column":89}},"37":{"start":{"line":213,"column":34},"end":{"line":213,"column":94}},"38":{"start":{"line":215,"column":8},"end":{"line":224,"column":10}},"39":{"start":{"line":233,"column":11},"end":{"line":686,"column":5}},"40":{"start":{"line":234,"column":23},"end":{"line":234,"column":96}},"41":{"start":{"line":238,"column":4},"end":{"line":243,"column":5}},"42":{"start":{"line":239,"column":8},"end":{"line":241,"column":10}},"43":{"start":{"line":242,"column":8},"end":{"line":242,"column":14}},"44":{"start":{"line":248,"column":30},"end":{"line":248,"column":90}},"45":{"start":{"line":250,"column":23},"end":{"line":250,"column":25}},"46":{"start":{"line":251,"column":4},"end":{"line":254,"column":87}},"47":{"start":{"line":252,"column":8},"end":{"line":252,"column":74}},"48":{"start":{"line":254,"column":8},"end":{"line":254,"column":87}},"49":{"start":{"line":256,"column":4},"end":{"line":267,"column":6}},"50":{"start":{"line":275,"column":11},"end":{"line":686,"column":5}},"51":{"start":{"line":276,"column":27},"end":{"line":276,"column":85}},"52":{"start":{"line":278,"column":34},"end":{"line":278,"column":94}},"53":{"start":{"line":280,"column":8},"end":{"line":289,"column":10}},"54":{"start":{"line":295,"column":11},"end":{"line":686,"column":5}},"55":{"start":{"line":296,"column":27},"end":{"line":296,"column":88}},"56":{"start":{"line":298,"column":34},"end":{"line":298,"column":94}},"57":{"start":{"line":300,"column":8},"end":{"line":309,"column":10}},"58":{"start":{"line":315,"column":11},"end":{"line":686,"column":5}},"59":{"start":{"line":316,"column":26},"end":{"line":316,"column":69}},"60":{"start":{"line":317,"column":31},"end":{"line":317,"column":56}},"61":{"start":{"line":319,"column":25},"end":{"line":319,"column":54}},"62":{"start":{"line":321,"column":4},"end":{"line":364,"column":5}},"63":{"start":{"line":323,"column":35},"end":{"line":323,"column":40}},"64":{"start":{"line":324,"column":8},"end":{"line":328,"column":10}},"65":{"start":{"line":325,"column":12},"end":{"line":327,"column":13}},"66":{"start":{"line":326,"column":16},"end":{"line":326,"column":43}},"67":{"start":{"line":329,"column":8},"end":{"line":363,"column":9}},"68":{"start":{"line":331,"column":12},"end":{"line":334,"column":14}},"69":{"start":{"line":335,"column":12},"end":{"line":335,"column":18}},"70":{"start":{"line":337,"column":12},"end":{"line":362,"column":14}},"71":{"start":{"line":343,"column":44},"end":{"line":343,"column":68}},"72":{"start":{"line":345,"column":16},"end":{"line":347,"column":18}},"73":{"start":{"line":346,"column":20},"end":{"line":346,"column":61}},"74":{"start":{"line":349,"column":16},"end":{"line":349,"column":87}},"75":{"start":{"line":351,"column":16},"end":{"line":354,"column":102}},"76":{"start":{"line":352,"column":20},"end":{"line":352,"column":108}},"77":{"start":{"line":354,"column":20},"end":{"line":354,"column":102}},"78":{"start":{"line":356,"column":16},"end":{"line":361,"column":18}},"79":{"start":{"line":370,"column":11},"end":{"line":686,"column":5}},"80":{"start":{"line":371,"column":30},"end":{"line":371,"column":73}},"81":{"start":{"line":372,"column":35},"end":{"line":372,"column":60}},"82":{"start":{"line":374,"column":8},"end":{"line":401,"column":10}},"83":{"start":{"line":378,"column":40},"end":{"line":378,"column":64}},"84":{"start":{"line":380,"column":12},"end":{"line":382,"column":14}},"85":{"start":{"line":381,"column":16},"end":{"line":381,"column":57}},"86":{"start":{"line":384,"column":12},"end":{"line":384,"column":67}},"87":{"start":{"line":391,"column":12},"end":{"line":395,"column":13}},"88":{"start":{"line":392,"column":16},"end":{"line":392,"column":38}},"89":{"start":{"line":394,"column":16},"end":{"line":394,"column":79}},"90":{"start":{"line":396,"column":12},"end":{"line":400,"column":13}},"91":{"start":{"line":405,"column":11},"end":{"line":686,"column":5}},"92":{"start":{"line":408,"column":23},"end":{"line":408,"column":81}},"93":{"start":{"line":409,"column":8},"end":{"line":412,"column":9}},"94":{"start":{"line":410,"column":8},"end":{"line":410,"column":51}},"95":{"start":{"line":411,"column":12},"end":{"line":411,"column":18}},"96":{"start":{"line":414,"column":8},"end":{"line":443,"column":10}},"97":{"start":{"line":421,"column":40},"end":{"line":421,"column":64}},"98":{"start":{"line":423,"column":12},"end":{"line":425,"column":14}},"99":{"start":{"line":424,"column":16},"end":{"line":424,"column":57}},"100":{"start":{"line":427,"column":12},"end":{"line":431,"column":14}},"101":{"start":{"line":428,"column":16},"end":{"line":430,"column":17}},"102":{"start":{"line":429,"column":20},"end":{"line":429,"column":43}},"103":{"start":{"line":433,"column":12},"end":{"line":436,"column":98}},"104":{"start":{"line":434,"column":16},"end":{"line":434,"column":104}},"105":{"start":{"line":436,"column":16},"end":{"line":436,"column":98}},"106":{"start":{"line":438,"column":12},"end":{"line":442,"column":14}},"107":{"start":{"line":448,"column":11},"end":{"line":686,"column":5}},"108":{"start":{"line":451,"column":23},"end":{"line":451,"column":81}},"109":{"start":{"line":452,"column":8},"end":{"line":455,"column":9}},"110":{"start":{"line":453,"column":12},"end":{"line":453,"column":55}},"111":{"start":{"line":454,"column":16},"end":{"line":454,"column":22}},"112":{"start":{"line":457,"column":8},"end":{"line":494,"column":10}},"113":{"start":{"line":465,"column":40},"end":{"line":465,"column":64}},"114":{"start":{"line":467,"column":12},"end":{"line":469,"column":14}},"115":{"start":{"line":468,"column":16},"end":{"line":468,"column":57}},"116":{"start":{"line":471,"column":34},"end":{"line":471,"column":53}},"117":{"start":{"line":473,"column":12},"end":{"line":481,"column":14}},"118":{"start":{"line":474,"column":16},"end":{"line":480,"column":17}},"119":{"start":{"line":475,"column":20},"end":{"line":479,"column":21}},"120":{"start":{"line":476,"column":24},"end":{"line":476,"column":48}},"121":{"start":{"line":478,"column":24},"end":{"line":478,"column":127}},"122":{"start":{"line":483,"column":12},"end":{"line":486,"column":98}},"123":{"start":{"line":484,"column":16},"end":{"line":484,"column":104}},"124":{"start":{"line":486,"column":16},"end":{"line":486,"column":98}},"125":{"start":{"line":488,"column":12},"end":{"line":493,"column":14}},"126":{"start":{"line":498,"column":11},"end":{"line":686,"column":5}},"127":{"start":{"line":499,"column":8},"end":{"line":500,"column":69}},"128":{"start":{"line":504,"column":23},"end":{"line":504,"column":74}},"129":{"start":{"line":505,"column":8},"end":{"line":508,"column":9}},"130":{"start":{"line":506,"column":12},"end":{"line":506,"column":48}},"131":{"start":{"line":507,"column":16},"end":{"line":507,"column":22}},"132":{"start":{"line":510,"column":8},"end":{"line":559,"column":10}},"133":{"start":{"line":519,"column":40},"end":{"line":519,"column":64}},"134":{"start":{"line":521,"column":12},"end":{"line":523,"column":14}},"135":{"start":{"line":522,"column":16},"end":{"line":522,"column":57}},"136":{"start":{"line":525,"column":34},"end":{"line":525,"column":53}},"137":{"start":{"line":527,"column":12},"end":{"line":546,"column":14}},"138":{"start":{"line":529,"column":16},"end":{"line":545,"column":17}},"139":{"start":{"line":532,"column":20},"end":{"line":544,"column":21}},"140":{"start":{"line":533,"column":24},"end":{"line":533,"column":48}},"141":{"start":{"line":536,"column":24},"end":{"line":540,"column":26}},"142":{"start":{"line":538,"column":28},"end":{"line":539,"column":59}},"143":{"start":{"line":539,"column":36},"end":{"line":539,"column":59}},"144":{"start":{"line":543,"column":24},"end":{"line":543,"column":126}},"145":{"start":{"line":548,"column":12},"end":{"line":551,"column":98}},"146":{"start":{"line":549,"column":16},"end":{"line":549,"column":104}},"147":{"start":{"line":551,"column":16},"end":{"line":551,"column":98}},"148":{"start":{"line":553,"column":12},"end":{"line":558,"column":14}},"149":{"start":{"line":563,"column":11},"end":{"line":686,"column":5}},"150":{"start":{"line":564,"column":4},"end":{"line":568,"column":6}},"151":{"start":{"line":572,"column":11},"end":{"line":686,"column":5}},"152":{"start":{"line":573,"column":8},"end":{"line":576,"column":10}},"153":{"start":{"line":580,"column":11},"end":{"line":686,"column":5}},"154":{"start":{"line":581,"column":8},"end":{"line":584,"column":10}},"155":{"start":{"line":588,"column":11},"end":{"line":686,"column":5}},"156":{"start":{"line":589,"column":4},"end":{"line":592,"column":6}},"157":{"start":{"line":596,"column":11},"end":{"line":686,"column":5}},"158":{"start":{"line":597,"column":8},"end":{"line":599,"column":10}},"159":{"start":{"line":603,"column":11},"end":{"line":686,"column":5}},"160":{"start":{"line":605,"column":8},"end":{"line":642,"column":10}},"161":{"start":{"line":611,"column":12},"end":{"line":619,"column":13}},"162":{"start":{"line":612,"column":16},"end":{"line":612,"column":129}},"163":{"start":{"line":618,"column":16},"end":{"line":618,"column":82}},"164":{"start":{"line":622,"column":40},"end":{"line":622,"column":64}},"165":{"start":{"line":624,"column":12},"end":{"line":626,"column":14}},"166":{"start":{"line":625,"column":16},"end":{"line":625,"column":57}},"167":{"start":{"line":628,"column":12},"end":{"line":628,"column":82}},"168":{"start":{"line":631,"column":33},"end":{"line":635,"column":13}},"169":{"start":{"line":637,"column":12},"end":{"line":640,"column":20}},"170":{"start":{"line":646,"column":11},"end":{"line":686,"column":5}},"171":{"start":{"line":647,"column":8},"end":{"line":647,"column":50}},"172":{"start":{"line":649,"column":8},"end":{"line":685,"column":10}},"173":{"start":{"line":655,"column":12},"end":{"line":663,"column":13}},"174":{"start":{"line":656,"column":16},"end":{"line":656,"column":123}},"175":{"start":{"line":662,"column":16},"end":{"line":662,"column":76}},"176":{"start":{"line":666,"column":40},"end":{"line":666,"column":64}},"177":{"start":{"line":668,"column":12},"end":{"line":670,"column":14}},"178":{"start":{"line":669,"column":16},"end":{"line":669,"column":57}},"179":{"start":{"line":672,"column":12},"end":{"line":672,"column":76}},"180":{"start":{"line":675,"column":33},"end":{"line":679,"column":13}},"181":{"start":{"line":681,"column":12},"end":{"line":684,"column":20}},"182":{"start":{"line":691,"column":8},"end":{"line":715,"column":9}}},"fnMap":{"0":{"name":"(anonymous_0)","decl":{"start":{"line":9,"column":0},"end":{"line":9,"column":1}},"loc":{"start":{"line":9,"column":14},"end":{"line":62,"column":1}},"line":9},"1":{"name":"(anonymous_1)","decl":{"start":{"line":69,"column":16},"end":{"line":69,"column":17}},"loc":{"start":{"line":69,"column":25},"end":{"line":88,"column":1}},"line":69},"2":{"name":"(anonymous_2)","decl":{"start":{"line":97,"column":15},"end":{"line":97,"column":16}},"loc":{"start":{"line":97,"column":24},"end":{"line":687,"column":1}},"line":97},"3":{"name":"(anonymous_3)","decl":{"start":{"line":114,"column":30},"end":{"line":114,"column":31}},"loc":{"start":{"line":114,"column":41},"end":{"line":118,"column":9}},"line":114},"4":{"name":"(anonymous_4)","decl":{"start":{"line":133,"column":26},"end":{"line":133,"column":27}},"loc":{"start":{"line":133,"column":39},"end":{"line":156,"column":13}},"line":133},"5":{"name":"(anonymous_5)","decl":{"start":{"line":137,"column":67},"end":{"line":137,"column":68}},"loc":{"start":{"line":137,"column":78},"end":{"line":139,"column":17}},"line":137},"6":{"name":"(anonymous_6)","decl":{"start":{"line":324,"column":30},"end":{"line":324,"column":31}},"loc":{"start":{"line":324,"column":41},"end":{"line":328,"column":9}},"line":324},"7":{"name":"(anonymous_7)","decl":{"start":{"line":337,"column":26},"end":{"line":337,"column":27}},"loc":{"start":{"line":337,"column":39},"end":{"line":362,"column":13}},"line":337},"8":{"name":"(anonymous_8)","decl":{"start":{"line":345,"column":67},"end":{"line":345,"column":68}},"loc":{"start":{"line":345,"column":78},"end":{"line":347,"column":17}},"line":345},"9":{"name":"(anonymous_9)","decl":{"start":{"line":374,"column":22},"end":{"line":374,"column":23}},"loc":{"start":{"line":374,"column":35},"end":{"line":401,"column":9}},"line":374},"10":{"name":"(anonymous_10)","decl":{"start":{"line":380,"column":34},"end":{"line":380,"column":35}},"loc":{"start":{"line":380,"column":45},"end":{"line":382,"column":13}},"line":380},"11":{"name":"(anonymous_11)","decl":{"start":{"line":414,"column":22},"end":{"line":414,"column":23}},"loc":{"start":{"line":414,"column":35},"end":{"line":443,"column":9}},"line":414},"12":{"name":"(anonymous_12)","decl":{"start":{"line":423,"column":63},"end":{"line":423,"column":64}},"loc":{"start":{"line":423,"column":74},"end":{"line":425,"column":13}},"line":423},"13":{"name":"(anonymous_13)","decl":{"start":{"line":427,"column":56},"end":{"line":427,"column":57}},"loc":{"start":{"line":427,"column":67},"end":{"line":431,"column":13}},"line":427},"14":{"name":"(anonymous_14)","decl":{"start":{"line":457,"column":22},"end":{"line":457,"column":23}},"loc":{"start":{"line":457,"column":35},"end":{"line":494,"column":9}},"line":457},"15":{"name":"(anonymous_15)","decl":{"start":{"line":467,"column":63},"end":{"line":467,"column":64}},"loc":{"start":{"line":467,"column":74},"end":{"line":469,"column":13}},"line":467},"16":{"name":"(anonymous_16)","decl":{"start":{"line":473,"column":56},"end":{"line":473,"column":57}},"loc":{"start":{"line":473,"column":67},"end":{"line":481,"column":13}},"line":473},"17":{"name":"(anonymous_17)","decl":{"start":{"line":510,"column":22},"end":{"line":510,"column":23}},"loc":{"start":{"line":510,"column":35},"end":{"line":559,"column":9}},"line":510},"18":{"name":"(anonymous_18)","decl":{"start":{"line":521,"column":63},"end":{"line":521,"column":64}},"loc":{"start":{"line":521,"column":74},"end":{"line":523,"column":13}},"line":521},"19":{"name":"(anonymous_19)","decl":{"start":{"line":527,"column":56},"end":{"line":527,"column":57}},"loc":{"start":{"line":527,"column":67},"end":{"line":546,"column":13}},"line":527},"20":{"name":"(anonymous_20)","decl":{"start":{"line":536,"column":68},"end":{"line":536,"column":69}},"loc":{"start":{"line":536,"column":79},"end":{"line":540,"column":25}},"line":536},"21":{"name":"(anonymous_21)","decl":{"start":{"line":605,"column":22},"end":{"line":605,"column":23}},"loc":{"start":{"line":605,"column":35},"end":{"line":642,"column":9}},"line":605},"22":{"name":"(anonymous_22)","decl":{"start":{"line":624,"column":63},"end":{"line":624,"column":64}},"loc":{"start":{"line":624,"column":74},"end":{"line":626,"column":13}},"line":624},"23":{"name":"(anonymous_23)","decl":{"start":{"line":649,"column":22},"end":{"line":649,"column":23}},"loc":{"start":{"line":649,"column":35},"end":{"line":685,"column":9}},"line":649},"24":{"name":"(anonymous_24)","decl":{"start":{"line":668,"column":63},"end":{"line":668,"column":64}},"loc":{"start":{"line":668,"column":74},"end":{"line":670,"column":13}},"line":668},"25":{"name":"(anonymous_25)","decl":{"start":{"line":690,"column":4},"end":{"line":690,"column":5}},"loc":{"start":{"line":690,"column":13},"end":{"line":716,"column":5}},"line":690}},"branchMap":{"0":{"loc":{"start":{"line":76,"column":4},"end":{"line":87,"column":5}},"type":"if","locations":[{"start":{"line":76,"column":4},"end":{"line":87,"column":5}},{"start":{"line":76,"column":4},"end":{"line":87,"column":5}}],"line":76},"1":{"loc":{"start":{"line":105,"column":4},"end":{"line":686,"column":5}},"type":"if","locations":[{"start":{"line":105,"column":4},"end":{"line":686,"column":5}},{"start":{"line":105,"column":4},"end":{"line":686,"column":5}}],"line":105},"2":{"loc":{"start":{"line":105,"column":8},"end":{"line":108,"column":38}},"type":"binary-expr","locations":[{"start":{"line":105,"column":8},"end":{"line":105,"column":43}},{"start":{"line":106,"column":16},"end":{"line":106,"column":37}},{"start":{"line":107,"column":16},"end":{"line":107,"column":40}},{"start":{"line":108,"column":16},"end":{"line":108,"column":38}}],"line":105},"3":{"loc":{"start":{"line":115,"column":12},"end":{"line":117,"column":13}},"type":"if","locations":[{"start":{"line":115,"column":12},"end":{"line":117,"column":13}},{"start":{"line":115,"column":12},"end":{"line":117,"column":13}}],"line":115},"4":{"loc":{"start":{"line":119,"column":8},"end":{"line":157,"column":9}},"type":"if","locations":[{"start":{"line":119,"column":8},"end":{"line":157,"column":9}},{"start":{"line":119,"column":8},"end":{"line":157,"column":9}}],"line":119},"5":{"loc":{"start":{"line":143,"column":16},"end":{"line":146,"column":102}},"type":"if","locations":[{"start":{"line":143,"column":16},"end":{"line":146,"column":102}},{"start":{"line":143,"column":16},"end":{"line":146,"column":102}}],"line":143},"6":{"loc":{"start":{"line":163,"column":11},"end":{"line":686,"column":5}},"type":"if","locations":[{"start":{"line":163,"column":11},"end":{"line":686,"column":5}},{"start":{"line":163,"column":11},"end":{"line":686,"column":5}}],"line":163},"7":{"loc":{"start":{"line":163,"column":15},"end":{"line":163,"column":107}},"type":"binary-expr","locations":[{"start":{"line":163,"column":15},"end":{"line":163,"column":59}},{"start":{"line":163,"column":63},"end":{"line":163,"column":107}}],"line":163},"8":{"loc":{"start":{"line":176,"column":8},"end":{"line":187,"column":9}},"type":"if","locations":[{"start":{"line":176,"column":8},"end":{"line":187,"column":9}},{"start":{"line":176,"column":8},"end":{"line":187,"column":9}}],"line":176},"9":{"loc":{"start":{"line":193,"column":11},"end":{"line":686,"column":5}},"type":"if","locations":[{"start":{"line":193,"column":11},"end":{"line":686,"column":5}},{"start":{"line":193,"column":11},"end":{"line":686,"column":5}}],"line":193},"10":{"loc":{"start":{"line":210,"column":11},"end":{"line":686,"column":5}},"type":"if","locations":[{"start":{"line":210,"column":11},"end":{"line":686,"column":5}},{"start":{"line":210,"column":11},"end":{"line":686,"column":5}}],"line":210},"11":{"loc":{"start":{"line":233,"column":11},"end":{"line":686,"column":5}},"type":"if","locations":[{"start":{"line":233,"column":11},"end":{"line":686,"column":5}},{"start":{"line":233,"column":11},"end":{"line":686,"column":5}}],"line":233},"12":{"loc":{"start":{"line":238,"column":4},"end":{"line":243,"column":5}},"type":"if","locations":[{"start":{"line":238,"column":4},"end":{"line":243,"column":5}},{"start":{"line":238,"column":4},"end":{"line":243,"column":5}}],"line":238},"13":{"loc":{"start":{"line":251,"column":4},"end":{"line":254,"column":87}},"type":"if","locations":[{"start":{"line":251,"column":4},"end":{"line":254,"column":87}},{"start":{"line":251,"column":4},"end":{"line":254,"column":87}}],"line":251},"14":{"loc":{"start":{"line":275,"column":11},"end":{"line":686,"column":5}},"type":"if","locations":[{"start":{"line":275,"column":11},"end":{"line":686,"column":5}},{"start":{"line":275,"column":11},"end":{"line":686,"column":5}}],"line":275},"15":{"loc":{"start":{"line":295,"column":11},"end":{"line":686,"column":5}},"type":"if","locations":[{"start":{"line":295,"column":11},"end":{"line":686,"column":5}},{"start":{"line":295,"column":11},"end":{"line":686,"column":5}}],"line":295},"16":{"loc":{"start":{"line":315,"column":11},"end":{"line":686,"column":5}},"type":"if","locations":[{"start":{"line":315,"column":11},"end":{"line":686,"column":5}},{"start":{"line":315,"column":11},"end":{"line":686,"column":5}}],"line":315},"17":{"loc":{"start":{"line":321,"column":4},"end":{"line":364,"column":5}},"type":"if","locations":[{"start":{"line":321,"column":4},"end":{"line":364,"column":5}},{"start":{"line":321,"column":4},"end":{"line":364,"column":5}}],"line":321},"18":{"loc":{"start":{"line":321,"column":8},"end":{"line":321,"column":56}},"type":"binary-expr","locations":[{"start":{"line":321,"column":8},"end":{"line":321,"column":31}},{"start":{"line":321,"column":35},"end":{"line":321,"column":56}}],"line":321},"19":{"loc":{"start":{"line":325,"column":12},"end":{"line":327,"column":13}},"type":"if","locations":[{"start":{"line":325,"column":12},"end":{"line":327,"column":13}},{"start":{"line":325,"column":12},"end":{"line":327,"column":13}}],"line":325},"20":{"loc":{"start":{"line":329,"column":8},"end":{"line":363,"column":9}},"type":"if","locations":[{"start":{"line":329,"column":8},"end":{"line":363,"column":9}},{"start":{"line":329,"column":8},"end":{"line":363,"column":9}}],"line":329},"21":{"loc":{"start":{"line":351,"column":16},"end":{"line":354,"column":102}},"type":"if","locations":[{"start":{"line":351,"column":16},"end":{"line":354,"column":102}},{"start":{"line":351,"column":16},"end":{"line":354,"column":102}}],"line":351},"22":{"loc":{"start":{"line":370,"column":11},"end":{"line":686,"column":5}},"type":"if","locations":[{"start":{"line":370,"column":11},"end":{"line":686,"column":5}},{"start":{"line":370,"column":11},"end":{"line":686,"column":5}}],"line":370},"23":{"loc":{"start":{"line":391,"column":12},"end":{"line":395,"column":13}},"type":"if","locations":[{"start":{"line":391,"column":12},"end":{"line":395,"column":13}},{"start":{"line":391,"column":12},"end":{"line":395,"column":13}}],"line":391},"24":{"loc":{"start":{"line":405,"column":11},"end":{"line":686,"column":5}},"type":"if","locations":[{"start":{"line":405,"column":11},"end":{"line":686,"column":5}},{"start":{"line":405,"column":11},"end":{"line":686,"column":5}}],"line":405},"25":{"loc":{"start":{"line":409,"column":8},"end":{"line":412,"column":9}},"type":"if","locations":[{"start":{"line":409,"column":8},"end":{"line":412,"column":9}},{"start":{"line":409,"column":8},"end":{"line":412,"column":9}}],"line":409},"26":{"loc":{"start":{"line":409,"column":12},"end":{"line":409,"column":40}},"type":"binary-expr","locations":[{"start":{"line":409,"column":12},"end":{"line":409,"column":23}},{"start":{"line":409,"column":27},"end":{"line":409,"column":40}}],"line":409},"27":{"loc":{"start":{"line":428,"column":16},"end":{"line":430,"column":17}},"type":"if","locations":[{"start":{"line":428,"column":16},"end":{"line":430,"column":17}},{"start":{"line":428,"column":16},"end":{"line":430,"column":17}}],"line":428},"28":{"loc":{"start":{"line":433,"column":12},"end":{"line":436,"column":98}},"type":"if","locations":[{"start":{"line":433,"column":12},"end":{"line":436,"column":98}},{"start":{"line":433,"column":12},"end":{"line":436,"column":98}}],"line":433},"29":{"loc":{"start":{"line":448,"column":11},"end":{"line":686,"column":5}},"type":"if","locations":[{"start":{"line":448,"column":11},"end":{"line":686,"column":5}},{"start":{"line":448,"column":11},"end":{"line":686,"column":5}}],"line":448},"30":{"loc":{"start":{"line":452,"column":8},"end":{"line":455,"column":9}},"type":"if","locations":[{"start":{"line":452,"column":8},"end":{"line":455,"column":9}},{"start":{"line":452,"column":8},"end":{"line":455,"column":9}}],"line":452},"31":{"loc":{"start":{"line":452,"column":12},"end":{"line":452,"column":40}},"type":"binary-expr","locations":[{"start":{"line":452,"column":12},"end":{"line":452,"column":23}},{"start":{"line":452,"column":27},"end":{"line":452,"column":40}}],"line":452},"32":{"loc":{"start":{"line":474,"column":16},"end":{"line":480,"column":17}},"type":"if","locations":[{"start":{"line":474,"column":16},"end":{"line":480,"column":17}},{"start":{"line":474,"column":16},"end":{"line":480,"column":17}}],"line":474},"33":{"loc":{"start":{"line":475,"column":20},"end":{"line":479,"column":21}},"type":"if","locations":[{"start":{"line":475,"column":20},"end":{"line":479,"column":21}},{"start":{"line":475,"column":20},"end":{"line":479,"column":21}}],"line":475},"34":{"loc":{"start":{"line":483,"column":12},"end":{"line":486,"column":98}},"type":"if","locations":[{"start":{"line":483,"column":12},"end":{"line":486,"column":98}},{"start":{"line":483,"column":12},"end":{"line":486,"column":98}}],"line":483},"35":{"loc":{"start":{"line":498,"column":11},"end":{"line":686,"column":5}},"type":"if","locations":[{"start":{"line":498,"column":11},"end":{"line":686,"column":5}},{"start":{"line":498,"column":11},"end":{"line":686,"column":5}}],"line":498},"36":{"loc":{"start":{"line":505,"column":8},"end":{"line":508,"column":9}},"type":"if","locations":[{"start":{"line":505,"column":8},"end":{"line":508,"column":9}},{"start":{"line":505,"column":8},"end":{"line":508,"column":9}}],"line":505},"37":{"loc":{"start":{"line":505,"column":12},"end":{"line":505,"column":40}},"type":"binary-expr","locations":[{"start":{"line":505,"column":12},"end":{"line":505,"column":23}},{"start":{"line":505,"column":27},"end":{"line":505,"column":40}}],"line":505},"38":{"loc":{"start":{"line":529,"column":16},"end":{"line":545,"column":17}},"type":"if","locations":[{"start":{"line":529,"column":16},"end":{"line":545,"column":17}},{"start":{"line":529,"column":16},"end":{"line":545,"column":17}}],"line":529},"39":{"loc":{"start":{"line":532,"column":20},"end":{"line":544,"column":21}},"type":"if","locations":[{"start":{"line":532,"column":20},"end":{"line":544,"column":21}},{"start":{"line":532,"column":20},"end":{"line":544,"column":21}}],"line":532},"40":{"loc":{"start":{"line":538,"column":28},"end":{"line":539,"column":59}},"type":"if","locations":[{"start":{"line":538,"column":28},"end":{"line":539,"column":59}},{"start":{"line":538,"column":28},"end":{"line":539,"column":59}}],"line":538},"41":{"loc":{"start":{"line":548,"column":12},"end":{"line":551,"column":98}},"type":"if","locations":[{"start":{"line":548,"column":12},"end":{"line":551,"column":98}},{"start":{"line":548,"column":12},"end":{"line":551,"column":98}}],"line":548},"42":{"loc":{"start":{"line":563,"column":11},"end":{"line":686,"column":5}},"type":"if","locations":[{"start":{"line":563,"column":11},"end":{"line":686,"column":5}},{"start":{"line":563,"column":11},"end":{"line":686,"column":5}}],"line":563},"43":{"loc":{"start":{"line":572,"column":11},"end":{"line":686,"column":5}},"type":"if","locations":[{"start":{"line":572,"column":11},"end":{"line":686,"column":5}},{"start":{"line":572,"column":11},"end":{"line":686,"column":5}}],"line":572},"44":{"loc":{"start":{"line":580,"column":11},"end":{"line":686,"column":5}},"type":"if","locations":[{"start":{"line":580,"column":11},"end":{"line":686,"column":5}},{"start":{"line":580,"column":11},"end":{"line":686,"column":5}}],"line":580},"45":{"loc":{"start":{"line":588,"column":11},"end":{"line":686,"column":5}},"type":"if","locations":[{"start":{"line":588,"column":11},"end":{"line":686,"column":5}},{"start":{"line":588,"column":11},"end":{"line":686,"column":5}}],"line":588},"46":{"loc":{"start":{"line":596,"column":11},"end":{"line":686,"column":5}},"type":"if","locations":[{"start":{"line":596,"column":11},"end":{"line":686,"column":5}},{"start":{"line":596,"column":11},"end":{"line":686,"column":5}}],"line":596},"47":{"loc":{"start":{"line":603,"column":11},"end":{"line":686,"column":5}},"type":"if","locations":[{"start":{"line":603,"column":11},"end":{"line":686,"column":5}},{"start":{"line":603,"column":11},"end":{"line":686,"column":5}}],"line":603},"48":{"loc":{"start":{"line":611,"column":12},"end":{"line":619,"column":13}},"type":"if","locations":[{"start":{"line":611,"column":12},"end":{"line":619,"column":13}},{"start":{"line":611,"column":12},"end":{"line":619,"column":13}}],"line":611},"49":{"loc":{"start":{"line":612,"column":43},"end":{"line":612,"column":128}},"type":"cond-expr","locations":[{"start":{"line":612,"column":102},"end":{"line":612,"column":114}},{"start":{"line":612,"column":117},"end":{"line":612,"column":128}}],"line":612},"50":{"loc":{"start":{"line":646,"column":11},"end":{"line":686,"column":5}},"type":"if","locations":[{"start":{"line":646,"column":11},"end":{"line":686,"column":5}},{"start":{"line":646,"column":11},"end":{"line":686,"column":5}}],"line":646},"51":{"loc":{"start":{"line":655,"column":12},"end":{"line":663,"column":13}},"type":"if","locations":[{"start":{"line":655,"column":12},"end":{"line":663,"column":13}},{"start":{"line":655,"column":12},"end":{"line":663,"column":13}}],"line":655},"52":{"loc":{"start":{"line":656,"column":40},"end":{"line":656,"column":122}},"type":"cond-expr","locations":[{"start":{"line":656,"column":96},"end":{"line":656,"column":108}},{"start":{"line":656,"column":111},"end":{"line":656,"column":122}}],"line":656}},"s":{"0":1,"1":1,"2":0,"3":0,"4":0,"5":0,"6":0,"7":0,"8":0,"9":0,"10":0,"11":0,"12":0,"13":0,"14":0,"15":0,"16":0,"17":0,"18":0,"19":0,"20":0,"21":0,"22":0,"23":0,"24":0,"25":0,"26":0,"27":0,"28":0,"29":0,"30":0,"31":0,"32":0,"33":0,"34":0,"35":0,"36":0,"37":0,"38":0,"39":0,"40":0,"41":0,"42":0,"43":0,"44":0,"45":0,"46":0,"47":0,"48":0,"49":0,"50":0,"51":0,"52":0,"53":0,"54":0,"55":0,"56":0,"57":0,"58":0,"59":0,"60":0,"61":0,"62":0,"63":0,"64":0,"65":0,"66":0,"67":0,"68":0,"69":0,"70":0,"71":0,"72":0,"73":0,"74":0,"75":0,"76":0,"77":0,"78":0,"79":0,"80":0,"81":0,"82":0,"83":0,"84":0,"85":0,"86":0,"87":0,"88":0,"89":0,"90":0,"91":0,"92":0,"93":0,"94":0,"95":0,"96":0,"97":0,"98":0,"99":0,"100":0,"101":0,"102":0,"103":0,"104":0,"105":0,"106":0,"107":0,"108":0,"109":0,"110":0,"111":0,"112":0,"113":0,"114":0,"115":0,"116":0,"117":0,"118":0,"119":0,"120":0,"121":0,"122":0,"123":0,"124":0,"125":0,"126":0,"127":0,"128":0,"129":0,"130":0,"131":0,"132":0,"133":0,"134":0,"135":0,"136":0,"137":0,"138":0,"139":0,"140":0,"141":0,"142":0,"143":0,"144":0,"145":0,"146":0,"147":0,"148":0,"149":0,"150":0,"151":0,"152":0,"153":0,"154":0,"155":0,"156":0,"157":0,"158":0,"159":0,"160":0,"161":0,"162":0,"163":0,"164":0,"165":0,"166":0,"167":0,"168":0,"169":0,"170":0,"171":0,"172":0,"173":0,"174":0,"175":0,"176":0,"177":0,"178":0,"179":0,"180":0,"181":0,"182":1},"f":{"0":1,"1":0,"2":0,"3":0,"4":0,"5":0,"6":0,"7":0,"8":0,"9":0,"10":0,"11":0,"12":0,"13":0,"14":0,"15":0,"16":0,"17":0,"18":0,"19":0,"20":0,"21":0,"22":0,"23":0,"24":0,"25":1},"b":{"0":[0,0],"1":[0,0],"2":[0,0,0,0],"3":[0,0],"4":[0,0],"5":[0,0],"6":[0,0],"7":[0,0],"8":[0,0],"9":[0,0],"10":[0,0],"11":[0,0],"12":[0,0],"13":[0,0],"14":[0,0],"15":[0,0],"16":[0,0],"17":[0,0],"18":[0,0],"19":[0,0],"20":[0,0],"21":[0,0],"22":[0,0],"23":[0,0],"24":[0,0],"25":[0,0],"26":[0,0],"27":[0,0],"28":[0,0],"29":[0,0],"30":[0,0],"31":[0,0],"32":[0,0],"33":[0,0],"34":[0,0],"35":[0,0],"36":[0,0],"37":[0,0],"38":[0,0],"39":[0,0],"40":[0,0],"41":[0,0],"42":[0,0],"43":[0,0],"44":[0,0],"45":[0,0],"46":[0,0],"47":[0,0],"48":[0,0],"49":[0,0],"50":[0,0],"51":[0,0],"52":[0,0]},"_coverageSchema":"332fd63041d2c1bcb487cc26dd0d5f7d97098a6c","hash":"c5371fe47eb653de03d83a807477df668a4d6f46"}
,"/home/omar/Documents/evolveu/objects/src/components/Calculator.jsx": {"path":"/home/omar/Documents/evolveu/objects/src/components/Calculator.jsx","statementMap":{"0":{"start":{"line":8,"column":8},"end":{"line":8,"column":15}},"1":{"start":{"line":9,"column":8},"end":{"line":14,"column":9}},"2":{"start":{"line":22,"column":45},"end":{"line":22,"column":57}},"3":{"start":{"line":27,"column":8},"end":{"line":27,"column":101}},"4":{"start":{"line":40,"column":26},"end":{"line":40,"column":77}},"5":{"start":{"line":41,"column":26},"end":{"line":41,"column":77}},"6":{"start":{"line":42,"column":29},"end":{"line":42,"column":86}},"7":{"start":{"line":44,"column":25},"end":{"line":44,"column":27}},"8":{"start":{"line":45,"column":8},"end":{"line":65,"column":9}},"9":{"start":{"line":47,"column":12},"end":{"line":47,"column":74}},"10":{"start":{"line":48,"column":12},"end":{"line":48,"column":17}},"11":{"start":{"line":51,"column":12},"end":{"line":51,"column":81}},"12":{"start":{"line":52,"column":12},"end":{"line":52,"column":17}},"13":{"start":{"line":55,"column":12},"end":{"line":55,"column":79}},"14":{"start":{"line":56,"column":12},"end":{"line":56,"column":17}},"15":{"start":{"line":59,"column":12},"end":{"line":59,"column":77}},"16":{"start":{"line":60,"column":12},"end":{"line":60,"column":17}},"17":{"start":{"line":63,"column":12},"end":{"line":63,"column":34}},"18":{"start":{"line":64,"column":12},"end":{"line":64,"column":17}},"19":{"start":{"line":66,"column":8},"end":{"line":66,"column":46}},"20":{"start":{"line":70,"column":8},"end":{"line":128,"column":9}}},"fnMap":{"0":{"name":"(anonymous_0)","decl":{"start":{"line":7,"column":4},"end":{"line":7,"column":5}},"loc":{"start":{"line":7,"column":18},"end":{"line":15,"column":5}},"line":7},"1":{"name":"(anonymous_1)","decl":{"start":{"line":20,"column":20},"end":{"line":20,"column":21}},"loc":{"start":{"line":20,"column":29},"end":{"line":67,"column":5}},"line":20},"2":{"name":"(anonymous_2)","decl":{"start":{"line":69,"column":4},"end":{"line":69,"column":5}},"loc":{"start":{"line":69,"column":13},"end":{"line":129,"column":5}},"line":69}},"branchMap":{"0":{"loc":{"start":{"line":27,"column":8},"end":{"line":27,"column":101}},"type":"cond-expr","locations":[{"start":{"line":27,"column":30},"end":{"line":27,"column":65}},{"start":{"line":27,"column":68},"end":{"line":27,"column":101}}],"line":27},"1":{"loc":{"start":{"line":40,"column":26},"end":{"line":40,"column":77}},"type":"cond-expr","locations":[{"start":{"line":40,"column":49},"end":{"line":40,"column":54}},{"start":{"line":40,"column":57},"end":{"line":40,"column":77}}],"line":40},"2":{"loc":{"start":{"line":41,"column":26},"end":{"line":41,"column":77}},"type":"cond-expr","locations":[{"start":{"line":41,"column":49},"end":{"line":41,"column":54}},{"start":{"line":41,"column":57},"end":{"line":41,"column":77}}],"line":41},"3":{"loc":{"start":{"line":42,"column":29},"end":{"line":42,"column":86}},"type":"cond-expr","locations":[{"start":{"line":42,"column":55},"end":{"line":42,"column":60}},{"start":{"line":42,"column":63},"end":{"line":42,"column":86}}],"line":42},"4":{"loc":{"start":{"line":45,"column":8},"end":{"line":65,"column":9}},"type":"switch","locations":[{"start":{"line":46,"column":12},"end":{"line":48,"column":17}},{"start":{"line":50,"column":12},"end":{"line":52,"column":17}},{"start":{"line":54,"column":12},"end":{"line":56,"column":17}},{"start":{"line":58,"column":12},"end":{"line":60,"column":17}},{"start":{"line":62,"column":12},"end":{"line":64,"column":17}}],"line":45}},"s":{"0":1,"1":1,"2":0,"3":0,"4":0,"5":0,"6":0,"7":0,"8":0,"9":0,"10":0,"11":0,"12":0,"13":0,"14":0,"15":0,"16":0,"17":0,"18":0,"19":0,"20":1},"f":{"0":1,"1":0,"2":1},"b":{"0":[0,0],"1":[0,0],"2":[0,0],"3":[0,0],"4":[0,0,0,0,0]},"_coverageSchema":"332fd63041d2c1bcb487cc26dd0d5f7d97098a6c","hash":"daea92f69b4c907fb970ded002e151fa7cad2deb"}
,"/home/omar/Documents/evolveu/objects/src/components/DataStructures.jsx": {"path":"/home/omar/Documents/evolveu/objects/src/components/DataStructures.jsx","statementMap":{"0":{"start":{"line":11,"column":18},"end":{"line":11,"column":23}},"1":{"start":{"line":27,"column":8},"end":{"line":27,"column":15}},"2":{"start":{"line":28,"column":8},"end":{"line":31,"column":9}},"3":{"start":{"line":39,"column":32},"end":{"line":39,"column":51}},"4":{"start":{"line":40,"column":8},"end":{"line":40,"column":93}},"5":{"start":{"line":40,"column":23},"end":{"line":40,"column":93}},"6":{"start":{"line":44,"column":29},"end":{"line":44,"column":70}},"7":{"start":{"line":46,"column":8},"end":{"line":49,"column":10}},"8":{"start":{"line":54,"column":49},"end":{"line":54,"column":59}},"9":{"start":{"line":56,"column":8},"end":{"line":86,"column":9}}},"fnMap":{"0":{"name":"(anonymous_0)","decl":{"start":{"line":26,"column":4},"end":{"line":26,"column":5}},"loc":{"start":{"line":26,"column":18},"end":{"line":32,"column":5}},"line":26},"1":{"name":"(anonymous_1)","decl":{"start":{"line":38,"column":20},"end":{"line":38,"column":21}},"loc":{"start":{"line":38,"column":29},"end":{"line":50,"column":5}},"line":38},"2":{"name":"(anonymous_2)","decl":{"start":{"line":53,"column":4},"end":{"line":53,"column":5}},"loc":{"start":{"line":53,"column":13},"end":{"line":87,"column":5}},"line":53}},"branchMap":{"0":{"loc":{"start":{"line":40,"column":8},"end":{"line":40,"column":93}},"type":"if","locations":[{"start":{"line":40,"column":8},"end":{"line":40,"column":93}},{"start":{"line":40,"column":8},"end":{"line":40,"column":93}}],"line":40},"1":{"loc":{"start":{"line":44,"column":29},"end":{"line":44,"column":70}},"type":"cond-expr","locations":[{"start":{"line":44,"column":56},"end":{"line":44,"column":58}},{"start":{"line":44,"column":61},"end":{"line":44,"column":70}}],"line":44},"2":{"loc":{"start":{"line":79,"column":21},"end":{"line":79,"column":94}},"type":"binary-expr","locations":[{"start":{"line":79,"column":21},"end":{"line":79,"column":52}},{"start":{"line":79,"column":56},"end":{"line":79,"column":94}}],"line":79},"3":{"loc":{"start":{"line":80,"column":21},"end":{"line":80,"column":100}},"type":"binary-expr","locations":[{"start":{"line":80,"column":21},"end":{"line":80,"column":58}},{"start":{"line":80,"column":62},"end":{"line":80,"column":100}}],"line":80},"4":{"loc":{"start":{"line":81,"column":21},"end":{"line":81,"column":95}},"type":"binary-expr","locations":[{"start":{"line":81,"column":21},"end":{"line":81,"column":52}},{"start":{"line":81,"column":56},"end":{"line":81,"column":95}}],"line":81},"5":{"loc":{"start":{"line":82,"column":21},"end":{"line":82,"column":101}},"type":"binary-expr","locations":[{"start":{"line":82,"column":21},"end":{"line":82,"column":58}},{"start":{"line":82,"column":62},"end":{"line":82,"column":101}}],"line":82},"6":{"loc":{"start":{"line":83,"column":21},"end":{"line":83,"column":117}},"type":"binary-expr","locations":[{"start":{"line":83,"column":21},"end":{"line":83,"column":52}},{"start":{"line":83,"column":56},"end":{"line":83,"column":117}}],"line":83},"7":{"loc":{"start":{"line":84,"column":21},"end":{"line":84,"column":123}},"type":"binary-expr","locations":[{"start":{"line":84,"column":21},"end":{"line":84,"column":58}},{"start":{"line":84,"column":62},"end":{"line":84,"column":123}}],"line":84}},"s":{"0":1,"1":1,"2":1,"3":0,"4":0,"5":0,"6":0,"7":0,"8":1,"9":1},"f":{"0":1,"1":0,"2":1},"b":{"0":[0,0],"1":[0,0],"2":[1,0],"3":[1,0],"4":[1,0],"5":[1,0],"6":[1,0],"7":[1,0]},"_coverageSchema":"332fd63041d2c1bcb487cc26dd0d5f7d97098a6c","hash":"2e285bd0bf89d52b2a54baa1da4bfe5e8fa43ba1"}
,"/home/omar/Documents/evolveu/objects/src/components/OneAccount.jsx": {"path":"/home/omar/Documents/evolveu/objects/src/components/OneAccount.jsx","statementMap":{"0":{"start":{"line":8,"column":8},"end":{"line":8,"column":15}},"1":{"start":{"line":9,"column":8},"end":{"line":12,"column":9}},"2":{"start":{"line":19,"column":32},"end":{"line":19,"column":44}},"3":{"start":{"line":22,"column":8},"end":{"line":24,"column":10}},"4":{"start":{"line":22,"column":19},"end":{"line":24,"column":10}},"5":{"start":{"line":38,"column":8},"end":{"line":38,"column":41}},"6":{"start":{"line":38,"column":35},"end":{"line":38,"column":41}},"7":{"start":{"line":40,"column":30},"end":{"line":40,"column":45}},"8":{"start":{"line":42,"column":8},"end":{"line":65,"column":9}},"9":{"start":{"line":44,"column":16},"end":{"line":50,"column":18}},"10":{"start":{"line":45,"column":39},"end":{"line":45,"column":104}},"11":{"start":{"line":46,"column":20},"end":{"line":49,"column":21}},"12":{"start":{"line":51,"column":16},"end":{"line":51,"column":21}},"13":{"start":{"line":54,"column":16},"end":{"line":60,"column":18}},"14":{"start":{"line":55,"column":39},"end":{"line":55,"column":104}},"15":{"start":{"line":56,"column":20},"end":{"line":59,"column":21}},"16":{"start":{"line":61,"column":16},"end":{"line":61,"column":21}},"17":{"start":{"line":64,"column":16},"end":{"line":64,"column":21}},"18":{"start":{"line":71,"column":8},"end":{"line":94,"column":9}}},"fnMap":{"0":{"name":"(anonymous_0)","decl":{"start":{"line":7,"column":4},"end":{"line":7,"column":5}},"loc":{"start":{"line":7,"column":18},"end":{"line":13,"column":5}},"line":7},"1":{"name":"(anonymous_1)","decl":{"start":{"line":18,"column":20},"end":{"line":18,"column":21}},"loc":{"start":{"line":18,"column":29},"end":{"line":25,"column":5}},"line":18},"2":{"name":"(anonymous_2)","decl":{"start":{"line":35,"column":19},"end":{"line":35,"column":20}},"loc":{"start":{"line":35,"column":28},"end":{"line":66,"column":5}},"line":35},"3":{"name":"(anonymous_3)","decl":{"start":{"line":44,"column":30},"end":{"line":44,"column":31}},"loc":{"start":{"line":44,"column":43},"end":{"line":50,"column":17}},"line":44},"4":{"name":"(anonymous_4)","decl":{"start":{"line":54,"column":30},"end":{"line":54,"column":31}},"loc":{"start":{"line":54,"column":43},"end":{"line":60,"column":17}},"line":54},"5":{"name":"(anonymous_5)","decl":{"start":{"line":68,"column":4},"end":{"line":68,"column":5}},"loc":{"start":{"line":68,"column":13},"end":{"line":95,"column":5}},"line":68}},"branchMap":{"0":{"loc":{"start":{"line":22,"column":8},"end":{"line":24,"column":10}},"type":"if","locations":[{"start":{"line":22,"column":8},"end":{"line":24,"column":10}},{"start":{"line":22,"column":8},"end":{"line":24,"column":10}}],"line":22},"1":{"loc":{"start":{"line":38,"column":8},"end":{"line":38,"column":41}},"type":"if","locations":[{"start":{"line":38,"column":8},"end":{"line":38,"column":41}},{"start":{"line":38,"column":8},"end":{"line":38,"column":41}}],"line":38},"2":{"loc":{"start":{"line":42,"column":8},"end":{"line":65,"column":9}},"type":"switch","locations":[{"start":{"line":43,"column":12},"end":{"line":51,"column":21}},{"start":{"line":53,"column":12},"end":{"line":61,"column":21}},{"start":{"line":63,"column":12},"end":{"line":64,"column":21}}],"line":42}},"s":{"0":1,"1":1,"2":0,"3":0,"4":0,"5":0,"6":0,"7":0,"8":0,"9":0,"10":0,"11":0,"12":0,"13":0,"14":0,"15":0,"16":0,"17":0,"18":1},"f":{"0":1,"1":0,"2":0,"3":0,"4":0,"5":1},"b":{"0":[0,0],"1":[0,0],"2":[0,0,0]},"_coverageSchema":"332fd63041d2c1bcb487cc26dd0d5f7d97098a6c","hash":"93d7d489b65e06b9ee372cfb7bd6a5174ae155e7"}
,"/home/omar/Documents/evolveu/objects/src/components/ReactGreeter.jsx": {"path":"/home/omar/Documents/evolveu/objects/src/components/ReactGreeter.jsx","statementMap":{"0":{"start":{"line":7,"column":8},"end":{"line":22,"column":9}}},"fnMap":{"0":{"name":"(anonymous_0)","decl":{"start":{"line":6,"column":4},"end":{"line":6,"column":5}},"loc":{"start":{"line":6,"column":13},"end":{"line":23,"column":5}},"line":6}},"branchMap":{},"s":{"0":0},"f":{"0":0},"b":{},"_coverageSchema":"332fd63041d2c1bcb487cc26dd0d5f7d97098a6c","hash":"c0e8946b116d439e692a346db761b81d8cfafcd9"}
,"/home/omar/Documents/evolveu/objects/src/components/BankAccounts/AccountsList.jsx": {"path":"/home/omar/Documents/evolveu/objects/src/components/BankAccounts/AccountsList.jsx","statementMap":{"0":{"start":{"line":8,"column":28},"end":{"line":8,"column":96}},"1":{"start":{"line":11,"column":29},"end":{"line":11,"column":59}},"2":{"start":{"line":13,"column":8},"end":{"line":44,"column":9}},"3":{"start":{"line":14,"column":12},"end":{"line":43,"column":17}},"4":{"start":{"line":46,"column":29},"end":{"line":99,"column":10}},"5":{"start":{"line":47,"column":28},"end":{"line":47,"column":104}},"6":{"start":{"line":48,"column":12},"end":{"line":98,"column":25}},"7":{"start":{"line":101,"column":8},"end":{"line":120,"column":9}}},"fnMap":{"0":{"name":"(anonymous_0)","decl":{"start":{"line":5,"column":4},"end":{"line":5,"column":5}},"loc":{"start":{"line":5,"column":18},"end":{"line":121,"column":5}},"line":5},"1":{"name":"(anonymous_1)","decl":{"start":{"line":46,"column":58},"end":{"line":46,"column":59}},"loc":{"start":{"line":46,"column":75},"end":{"line":99,"column":9}},"line":46}},"branchMap":{"0":{"loc":{"start":{"line":8,"column":28},"end":{"line":8,"column":96}},"type":"cond-expr","locations":[{"start":{"line":8,"column":56},"end":{"line":8,"column":58}},{"start":{"line":8,"column":61},"end":{"line":8,"column":96}}],"line":8},"1":{"loc":{"start":{"line":13,"column":8},"end":{"line":44,"column":9}},"type":"if","locations":[{"start":{"line":13,"column":8},"end":{"line":44,"column":9}},{"start":{"line":13,"column":8},"end":{"line":44,"column":9}}],"line":13},"2":{"loc":{"start":{"line":19,"column":32},"end":{"line":19,"column":87}},"type":"cond-expr","locations":[{"start":{"line":19,"column":74},"end":{"line":19,"column":82}},{"start":{"line":19,"column":85},"end":{"line":19,"column":87}}],"line":19},"3":{"loc":{"start":{"line":23,"column":31},"end":{"line":23,"column":123}},"type":"cond-expr","locations":[{"start":{"line":23,"column":88},"end":{"line":23,"column":105}},{"start":{"line":23,"column":108},"end":{"line":23,"column":123}}],"line":23},"4":{"loc":{"start":{"line":30,"column":36},"end":{"line":30,"column":90}},"type":"cond-expr","locations":[{"start":{"line":30,"column":77},"end":{"line":30,"column":85}},{"start":{"line":30,"column":88},"end":{"line":30,"column":90}}],"line":30},"5":{"loc":{"start":{"line":34,"column":35},"end":{"line":34,"column":132}},"type":"cond-expr","locations":[{"start":{"line":34,"column":95},"end":{"line":34,"column":113}},{"start":{"line":34,"column":116},"end":{"line":34,"column":132}}],"line":34},"6":{"loc":{"start":{"line":50,"column":32},"end":{"line":50,"column":55}},"type":"cond-expr","locations":[{"start":{"line":50,"column":42},"end":{"line":50,"column":50}},{"start":{"line":50,"column":53},"end":{"line":50,"column":55}}],"line":50},"7":{"loc":{"start":{"line":56,"column":61},"end":{"line":56,"column":125}},"type":"cond-expr","locations":[{"start":{"line":56,"column":103},"end":{"line":56,"column":120}},{"start":{"line":56,"column":123},"end":{"line":56,"column":125}}],"line":56},"8":{"loc":{"start":{"line":57,"column":31},"end":{"line":57,"column":99}},"type":"cond-expr","locations":[{"start":{"line":57,"column":56},"end":{"line":57,"column":87}},{"start":{"line":57,"column":90},"end":{"line":57,"column":99}}],"line":57},"9":{"loc":{"start":{"line":110,"column":18},"end":{"line":110,"column":61}},"type":"cond-expr","locations":[{"start":{"line":110,"column":46},"end":{"line":110,"column":56}},{"start":{"line":110,"column":59},"end":{"line":110,"column":61}}],"line":110}},"s":{"0":1,"1":1,"2":1,"3":0,"4":1,"5":0,"6":0,"7":1},"f":{"0":1,"1":0},"b":{"0":[0,1],"1":[0,1],"2":[0,0],"3":[0,0],"4":[0,0],"5":[0,0],"6":[0,0],"7":[0,0],"8":[0,0],"9":[0,1]},"_coverageSchema":"332fd63041d2c1bcb487cc26dd0d5f7d97098a6c","hash":"b5799bee5d94cb03886f5fbe06d6d0c8168a044f"}
,"/home/omar/Documents/evolveu/objects/src/components/BankAccounts/Body.jsx": {"path":"/home/omar/Documents/evolveu/objects/src/components/BankAccounts/Body.jsx","statementMap":{"0":{"start":{"line":15,"column":28},"end":{"line":15,"column":142}},"1":{"start":{"line":17,"column":8},"end":{"line":72,"column":9}}},"fnMap":{"0":{"name":"(anonymous_0)","decl":{"start":{"line":11,"column":4},"end":{"line":11,"column":5}},"loc":{"start":{"line":11,"column":18},"end":{"line":73,"column":5}},"line":11}},"branchMap":{"0":{"loc":{"start":{"line":15,"column":28},"end":{"line":15,"column":142}},"type":"cond-expr","locations":[{"start":{"line":15,"column":98},"end":{"line":15,"column":118}},{"start":{"line":15,"column":121},"end":{"line":15,"column":142}}],"line":15},"1":{"loc":{"start":{"line":15,"column":29},"end":{"line":15,"column":94}},"type":"binary-expr","locations":[{"start":{"line":15,"column":29},"end":{"line":15,"column":61}},{"start":{"line":15,"column":65},"end":{"line":15,"column":94}}],"line":15},"2":{"loc":{"start":{"line":26,"column":21},"end":{"line":33,"column":21}},"type":"binary-expr","locations":[{"start":{"line":26,"column":21},"end":{"line":26,"column":60}},{"start":{"line":27,"column":24},"end":{"line":32,"column":26}}],"line":26},"3":{"loc":{"start":{"line":34,"column":21},"end":{"line":42,"column":21}},"type":"binary-expr","locations":[{"start":{"line":34,"column":21},"end":{"line":34,"column":65}},{"start":{"line":35,"column":24},"end":{"line":41,"column":26}}],"line":34},"4":{"loc":{"start":{"line":43,"column":21},"end":{"line":53,"column":21}},"type":"binary-expr","locations":[{"start":{"line":43,"column":21},"end":{"line":43,"column":58}},{"start":{"line":44,"column":24},"end":{"line":52,"column":26}}],"line":43},"5":{"loc":{"start":{"line":54,"column":21},"end":{"line":62,"column":21}},"type":"binary-expr","locations":[{"start":{"line":54,"column":21},"end":{"line":54,"column":63}},{"start":{"line":55,"column":24},"end":{"line":61,"column":26}}],"line":54},"6":{"loc":{"start":{"line":63,"column":21},"end":{"line":69,"column":21}},"type":"binary-expr","locations":[{"start":{"line":63,"column":21},"end":{"line":63,"column":63}},{"start":{"line":64,"column":24},"end":{"line":68,"column":26}}],"line":63}},"s":{"0":1,"1":1},"f":{"0":1},"b":{"0":[1,0],"1":[1,1],"2":[1,0],"3":[1,0],"4":[1,0],"5":[1,0],"6":[1,0]},"_coverageSchema":"332fd63041d2c1bcb487cc26dd0d5f7d97098a6c","hash":"9954a89aedc25b98f56f6e3f763323a9472df140"}
,"/home/omar/Documents/evolveu/objects/src/components/BankAccounts/DeleteAccount.jsx": {"path":"/home/omar/Documents/evolveu/objects/src/components/BankAccounts/DeleteAccount.jsx","statementMap":{"0":{"start":{"line":13,"column":22},"end":{"line":13,"column":24}},"1":{"start":{"line":16,"column":4},"end":{"line":27,"column":5}},"2":{"start":{"line":17,"column":8},"end":{"line":17,"column":36}},"3":{"start":{"line":22,"column":8},"end":{"line":26,"column":10}},"4":{"start":{"line":23,"column":12},"end":{"line":25,"column":13}},"5":{"start":{"line":24,"column":16},"end":{"line":24,"column":42}},"6":{"start":{"line":29,"column":4},"end":{"line":49,"column":5}}},"fnMap":{"0":{"name":"(anonymous_0)","decl":{"start":{"line":5,"column":4},"end":{"line":5,"column":5}},"loc":{"start":{"line":5,"column":18},"end":{"line":50,"column":3}},"line":5},"1":{"name":"(anonymous_1)","decl":{"start":{"line":22,"column":41},"end":{"line":22,"column":42}},"loc":{"start":{"line":22,"column":54},"end":{"line":26,"column":9}},"line":22}},"branchMap":{"0":{"loc":{"start":{"line":16,"column":4},"end":{"line":27,"column":5}},"type":"if","locations":[{"start":{"line":16,"column":4},"end":{"line":27,"column":5}},{"start":{"line":16,"column":4},"end":{"line":27,"column":5}}],"line":16},"1":{"loc":{"start":{"line":23,"column":12},"end":{"line":25,"column":13}},"type":"if","locations":[{"start":{"line":23,"column":12},"end":{"line":25,"column":13}},{"start":{"line":23,"column":12},"end":{"line":25,"column":13}}],"line":23}},"s":{"0":0,"1":0,"2":0,"3":0,"4":0,"5":0,"6":0},"f":{"0":0,"1":0},"b":{"0":[0,0],"1":[0,0]},"_coverageSchema":"332fd63041d2c1bcb487cc26dd0d5f7d97098a6c","hash":"5b05befc6e70cde749e3c6574e8365d1ea679ddf"}
,"/home/omar/Documents/evolveu/objects/src/components/BankAccounts/DepositWithdraw.jsx": {"path":"/home/omar/Documents/evolveu/objects/src/components/BankAccounts/DepositWithdraw.jsx","statementMap":{"0":{"start":{"line":7,"column":22},"end":{"line":7,"column":24}},"1":{"start":{"line":8,"column":25},"end":{"line":8,"column":27}},"2":{"start":{"line":12,"column":4},"end":{"line":24,"column":5}},"3":{"start":{"line":13,"column":8},"end":{"line":13,"column":36}},"4":{"start":{"line":18,"column":8},"end":{"line":23,"column":10}},"5":{"start":{"line":19,"column":12},"end":{"line":22,"column":13}},"6":{"start":{"line":20,"column":16},"end":{"line":20,"column":42}},"7":{"start":{"line":21,"column":16},"end":{"line":21,"column":112}},"8":{"start":{"line":26,"column":4},"end":{"line":60,"column":5}}},"fnMap":{"0":{"name":"(anonymous_0)","decl":{"start":{"line":5,"column":4},"end":{"line":5,"column":5}},"loc":{"start":{"line":5,"column":18},"end":{"line":61,"column":3}},"line":5},"1":{"name":"(anonymous_1)","decl":{"start":{"line":18,"column":41},"end":{"line":18,"column":42}},"loc":{"start":{"line":18,"column":54},"end":{"line":23,"column":9}},"line":18}},"branchMap":{"0":{"loc":{"start":{"line":12,"column":4},"end":{"line":24,"column":5}},"type":"if","locations":[{"start":{"line":12,"column":4},"end":{"line":24,"column":5}},{"start":{"line":12,"column":4},"end":{"line":24,"column":5}}],"line":12},"1":{"loc":{"start":{"line":19,"column":12},"end":{"line":22,"column":13}},"type":"if","locations":[{"start":{"line":19,"column":12},"end":{"line":22,"column":13}},{"start":{"line":19,"column":12},"end":{"line":22,"column":13}}],"line":19}},"s":{"0":0,"1":0,"2":0,"3":0,"4":0,"5":0,"6":0,"7":0,"8":0},"f":{"0":0,"1":0},"b":{"0":[0,0],"1":[0,0]},"_coverageSchema":"332fd63041d2c1bcb487cc26dd0d5f7d97098a6c","hash":"6056c5fe972e9dbfe5ac9ca83719b1c85297a36f"}
,"/home/omar/Documents/evolveu/objects/src/components/BankAccounts/Header.jsx": {"path":"/home/omar/Documents/evolveu/objects/src/components/BankAccounts/Header.jsx","statementMap":{"0":{"start":{"line":6,"column":22},"end":{"line":6,"column":24}},"1":{"start":{"line":7,"column":25},"end":{"line":7,"column":27}},"2":{"start":{"line":11,"column":4},"end":{"line":23,"column":5}},"3":{"start":{"line":12,"column":8},"end":{"line":12,"column":59}},"4":{"start":{"line":17,"column":8},"end":{"line":22,"column":10}},"5":{"start":{"line":18,"column":12},"end":{"line":21,"column":13}},"6":{"start":{"line":19,"column":16},"end":{"line":19,"column":42}},"7":{"start":{"line":20,"column":16},"end":{"line":20,"column":112}},"8":{"start":{"line":25,"column":23},"end":{"line":25,"column":25}},"9":{"start":{"line":26,"column":4},"end":{"line":33,"column":5}},"10":{"start":{"line":27,"column":8},"end":{"line":32,"column":18}},"11":{"start":{"line":35,"column":4},"end":{"line":46,"column":5}}},"fnMap":{"0":{"name":"(anonymous_0)","decl":{"start":{"line":4,"column":2},"end":{"line":4,"column":3}},"loc":{"start":{"line":4,"column":16},"end":{"line":47,"column":3}},"line":4},"1":{"name":"(anonymous_1)","decl":{"start":{"line":17,"column":41},"end":{"line":17,"column":42}},"loc":{"start":{"line":17,"column":54},"end":{"line":22,"column":9}},"line":17}},"branchMap":{"0":{"loc":{"start":{"line":11,"column":4},"end":{"line":23,"column":5}},"type":"if","locations":[{"start":{"line":11,"column":4},"end":{"line":23,"column":5}},{"start":{"line":11,"column":4},"end":{"line":23,"column":5}}],"line":11},"1":{"loc":{"start":{"line":18,"column":12},"end":{"line":21,"column":13}},"type":"if","locations":[{"start":{"line":18,"column":12},"end":{"line":21,"column":13}},{"start":{"line":18,"column":12},"end":{"line":21,"column":13}}],"line":18},"2":{"loc":{"start":{"line":26,"column":4},"end":{"line":33,"column":5}},"type":"if","locations":[{"start":{"line":26,"column":4},"end":{"line":33,"column":5}},{"start":{"line":26,"column":4},"end":{"line":33,"column":5}}],"line":26},"3":{"loc":{"start":{"line":41,"column":18},"end":{"line":41,"column":67}},"type":"cond-expr","locations":[{"start":{"line":41,"column":42},"end":{"line":41,"column":62}},{"start":{"line":41,"column":65},"end":{"line":41,"column":67}}],"line":41}},"s":{"0":1,"1":1,"2":1,"3":1,"4":0,"5":0,"6":0,"7":0,"8":1,"9":1,"10":0,"11":1},"f":{"0":1,"1":0},"b":{"0":[1,0],"1":[0,0],"2":[0,1],"3":[0,1]},"_coverageSchema":"332fd63041d2c1bcb487cc26dd0d5f7d97098a6c","hash":"fcaaae5b811ca34029c456d508e0805120bebb8f"}
,"/home/omar/Documents/evolveu/objects/src/components/BankAccounts/NewAccount.jsx": {"path":"/home/omar/Documents/evolveu/objects/src/components/BankAccounts/NewAccount.jsx","statementMap":{"0":{"start":{"line":7,"column":8},"end":{"line":48,"column":9}}},"fnMap":{"0":{"name":"(anonymous_0)","decl":{"start":{"line":5,"column":4},"end":{"line":5,"column":5}},"loc":{"start":{"line":5,"column":18},"end":{"line":49,"column":5}},"line":5}},"branchMap":{},"s":{"0":0},"f":{"0":0},"b":{},"_coverageSchema":"332fd63041d2c1bcb487cc26dd0d5f7d97098a6c","hash":"20952158e2ee3f5d76b3ac768dd8800a028bd8ea"}
,"/home/omar/Documents/evolveu/objects/src/components/BankAccounts/RenameAccount.jsx": {"path":"/home/omar/Documents/evolveu/objects/src/components/BankAccounts/RenameAccount.jsx","statementMap":{"0":{"start":{"line":13,"column":22},"end":{"line":13,"column":24}},"1":{"start":{"line":16,"column":4},"end":{"line":26,"column":5}},"2":{"start":{"line":17,"column":8},"end":{"line":17,"column":36}},"3":{"start":{"line":21,"column":8},"end":{"line":25,"column":10}},"4":{"start":{"line":22,"column":12},"end":{"line":24,"column":13}},"5":{"start":{"line":23,"column":16},"end":{"line":23,"column":42}},"6":{"start":{"line":28,"column":4},"end":{"line":54,"column":5}}},"fnMap":{"0":{"name":"(anonymous_0)","decl":{"start":{"line":5,"column":4},"end":{"line":5,"column":5}},"loc":{"start":{"line":5,"column":18},"end":{"line":55,"column":3}},"line":5},"1":{"name":"(anonymous_1)","decl":{"start":{"line":21,"column":41},"end":{"line":21,"column":42}},"loc":{"start":{"line":21,"column":54},"end":{"line":25,"column":9}},"line":21}},"branchMap":{"0":{"loc":{"start":{"line":16,"column":4},"end":{"line":26,"column":5}},"type":"if","locations":[{"start":{"line":16,"column":4},"end":{"line":26,"column":5}},{"start":{"line":16,"column":4},"end":{"line":26,"column":5}}],"line":16},"1":{"loc":{"start":{"line":22,"column":12},"end":{"line":24,"column":13}},"type":"if","locations":[{"start":{"line":22,"column":12},"end":{"line":24,"column":13}},{"start":{"line":22,"column":12},"end":{"line":24,"column":13}}],"line":22}},"s":{"0":0,"1":0,"2":0,"3":0,"4":0,"5":0,"6":0},"f":{"0":0,"1":0},"b":{"0":[0,0],"1":[0,0]},"_coverageSchema":"332fd63041d2c1bcb487cc26dd0d5f7d97098a6c","hash":"dc5c8b621086d50cee3277b8e77357b8fceb083d"}
,"/home/omar/Documents/evolveu/objects/src/components/BankAccounts/Transfer.jsx": {"path":"/home/omar/Documents/evolveu/objects/src/components/BankAccounts/Transfer.jsx","statementMap":{"0":{"start":{"line":10,"column":29},"end":{"line":17,"column":6}},"1":{"start":{"line":11,"column":8},"end":{"line":16,"column":25}},"2":{"start":{"line":22,"column":27},"end":{"line":31,"column":6}},"3":{"start":{"line":23,"column":8},"end":{"line":30,"column":24}},"4":{"start":{"line":24,"column":12},"end":{"line":29,"column":29}},"5":{"start":{"line":30,"column":15},"end":{"line":30,"column":24}},"6":{"start":{"line":33,"column":4},"end":{"line":88,"column":5}}},"fnMap":{"0":{"name":"(anonymous_0)","decl":{"start":{"line":5,"column":4},"end":{"line":5,"column":5}},"loc":{"start":{"line":5,"column":18},"end":{"line":89,"column":3}},"line":5},"1":{"name":"(anonymous_1)","decl":{"start":{"line":10,"column":58},"end":{"line":10,"column":59}},"loc":{"start":{"line":10,"column":71},"end":{"line":17,"column":5}},"line":10},"2":{"name":"(anonymous_2)","decl":{"start":{"line":22,"column":56},"end":{"line":22,"column":57}},"loc":{"start":{"line":22,"column":69},"end":{"line":31,"column":5}},"line":22}},"branchMap":{"0":{"loc":{"start":{"line":23,"column":8},"end":{"line":30,"column":24}},"type":"if","locations":[{"start":{"line":23,"column":8},"end":{"line":30,"column":24}},{"start":{"line":23,"column":8},"end":{"line":30,"column":24}}],"line":23},"1":{"loc":{"start":{"line":41,"column":15},"end":{"line":41,"column":131}},"type":"cond-expr","locations":[{"start":{"line":41,"column":56},"end":{"line":41,"column":103}},{"start":{"line":41,"column":106},"end":{"line":41,"column":131}}],"line":41}},"s":{"0":0,"1":0,"2":0,"3":0,"4":0,"5":0,"6":0},"f":{"0":0,"1":0,"2":0},"b":{"0":[0,0],"1":[0,0]},"_coverageSchema":"332fd63041d2c1bcb487cc26dd0d5f7d97098a6c","hash":"d71e6a116c68641a77699e793ea277a1ae660912"}
,"/home/omar/Documents/evolveu/objects/src/components/DataStructures/MovieCard.jsx": {"path":"/home/omar/Documents/evolveu/objects/src/components/DataStructures/MovieCard.jsx","statementMap":{"0":{"start":{"line":18,"column":66},"end":{"line":18,"column":76}},"1":{"start":{"line":21,"column":24},"end":{"line":21,"column":86}},"2":{"start":{"line":25,"column":8},"end":{"line":27,"column":9}},"3":{"start":{"line":26,"column":12},"end":{"line":26,"column":39}},"4":{"start":{"line":29,"column":8},"end":{"line":44,"column":9}}},"fnMap":{"0":{"name":"(anonymous_0)","decl":{"start":{"line":17,"column":4},"end":{"line":17,"column":5}},"loc":{"start":{"line":17,"column":13},"end":{"line":45,"column":5}},"line":17}},"branchMap":{"0":{"loc":{"start":{"line":21,"column":24},"end":{"line":21,"column":86}},"type":"cond-expr","locations":[{"start":{"line":21,"column":57},"end":{"line":21,"column":69}},{"start":{"line":21,"column":72},"end":{"line":21,"column":86}}],"line":21},"1":{"loc":{"start":{"line":25,"column":8},"end":{"line":27,"column":9}},"type":"if","locations":[{"start":{"line":25,"column":8},"end":{"line":27,"column":9}},{"start":{"line":25,"column":8},"end":{"line":27,"column":9}}],"line":25},"2":{"loc":{"start":{"line":25,"column":12},"end":{"line":25,"column":73}},"type":"binary-expr","locations":[{"start":{"line":25,"column":12},"end":{"line":25,"column":40}},{"start":{"line":25,"column":44},"end":{"line":25,"column":73}}],"line":25},"3":{"loc":{"start":{"line":34,"column":21},"end":{"line":37,"column":26}},"type":"binary-expr","locations":[{"start":{"line":34,"column":21},"end":{"line":34,"column":49}},{"start":{"line":34,"column":53},"end":{"line":34,"column":79}},{"start":{"line":34,"column":83},"end":{"line":37,"column":26}}],"line":34},"4":{"loc":{"start":{"line":38,"column":21},"end":{"line":41,"column":26}},"type":"binary-expr","locations":[{"start":{"line":38,"column":22},"end":{"line":38,"column":44}},{"start":{"line":38,"column":48},"end":{"line":38,"column":70}},{"start":{"line":38,"column":75},"end":{"line":38,"column":104}},{"start":{"line":38,"column":108},"end":{"line":41,"column":26}}],"line":38}},"s":{"0":0,"1":0,"2":0,"3":0,"4":0},"f":{"0":0},"b":{"0":[0,0],"1":[0,0],"2":[0,0],"3":[0,0,0],"4":[0,0,0,0]},"_coverageSchema":"332fd63041d2c1bcb487cc26dd0d5f7d97098a6c","hash":"7cbfefa75e97ff4662692163b7e22e80155aa004"}
[...]
,"/home/omar/Documents/evolveu/objects/src/components/js/Node.js": {"path":"/home/omar/Documents/evolveu/objects/src/components/js/Node.js","statementMap":{"0":{"start":{"line":3,"column":8},"end":{"line":3,"column":28}},"1":{"start":{"line":4,"column":8},"end":{"line":4,"column":28}},"2":{"start":{"line":17,"column":8},"end":{"line":45,"column":9}},"3":{"start":{"line":21,"column":12},"end":{"line":24,"column":13}},"4":{"start":{"line":22,"column":16},"end":{"line":22,"column":45}},"5":{"start":{"line":23,"column":16},"end":{"line":23,"column":22}},"6":{"start":{"line":27,"column":29},"end":{"line":27,"column":51}},"7":{"start":{"line":30,"column":29},"end":{"line":30,"column":32}},"8":{"start":{"line":33,"column":12},"end":{"line":35,"column":14}},"9":{"start":{"line":34,"column":16},"end":{"line":34,"column":59}},"10":{"start":{"line":38,"column":12},"end":{"line":38,"column":54}},"11":{"start":{"line":39,"column":12},"end":{"line":39,"column":35}},"12":{"start":{"line":40,"column":12},"end":{"line":40,"column":17}},"13":{"start":{"line":43,"column":12},"end":{"line":43,"column":41}}},"fnMap":{"0":{"name":"(anonymous_0)","decl":{"start":{"line":2,"column":4},"end":{"line":2,"column":5}},"loc":{"start":{"line":2,"column":50},"end":{"line":5,"column":5}},"line":2},"1":{"name":"(anonymous_1)","decl":{"start":{"line":12,"column":4},"end":{"line":12,"column":5}},"loc":{"start":{"line":12,"column":11},"end":{"line":47,"column":5}},"line":12},"2":{"name":"(anonymous_2)","decl":{"start":{"line":33,"column":29},"end":{"line":33,"column":30}},"loc":{"start":{"line":33,"column":36},"end":{"line":35,"column":13}},"line":33}},"branchMap":{"0":{"loc":{"start":{"line":2,"column":16},"end":{"line":2,"column":31}},"type":"default-arg","locations":[{"start":{"line":2,"column":27},"end":{"line":2,"column":31}}],"line":2},"1":{"loc":{"start":{"line":2,"column":33},"end":{"line":2,"column":48}},"type":"default-arg","locations":[{"start":{"line":2,"column":44},"end":{"line":2,"column":48}}],"line":2},"2":{"loc":{"start":{"line":17,"column":8},"end":{"line":45,"column":9}},"type":"switch","locations":[{"start":{"line":19,"column":12},"end":{"line":40,"column":17}},{"start":{"line":42,"column":12},"end":{"line":43,"column":41}}],"line":17},"3":{"loc":{"start":{"line":21,"column":12},"end":{"line":24,"column":13}},"type":"if","locations":[{"start":{"line":21,"column":12},"end":{"line":24,"column":13}},{"start":{"line":21,"column":12},"end":{"line":24,"column":13}}],"line":21}},"s":{"0":73,"1":73,"2":6,"3":2,"4":1,"5":1,"6":1,"7":1,"8":1,"9":2,"10":1,"11":1,"12":1,"13":4},"f":{"0":73,"1":6,"2":2},"b":{"0":[1],"1":[6],"2":[2,4],"3":[1,1]},"_coverageSchema":"332fd63041d2c1bcb487cc26dd0d5f7d97098a6c","hash":"cb296db299f40a43683f598106b046ac3ec914a5"}
,"/home/omar/Documents/evolveu/objects/src/components/js/Queue.js": {"path":"/home/omar/Documents/evolveu/objects/src/components/js/Queue.js","statementMap":{"0":{"start":{"line":19,"column":8},"end":{"line":19,"column":22}},"1":{"start":{"line":24,"column":8},"end":{"line":24,"column":35}},"2":{"start":{"line":29,"column":8},"end":{"line":29,"column":32}},"3":{"start":{"line":34,"column":8},"end":{"line":34,"column":31}}},"fnMap":{"0":{"name":"(anonymous_0)","decl":{"start":{"line":18,"column":4},"end":{"line":18,"column":5}},"loc":{"start":{"line":18,"column":18},"end":{"line":20,"column":5}},"line":18},"1":{"name":"(anonymous_1)","decl":{"start":{"line":23,"column":4},"end":{"line":23,"column":5}},"loc":{"start":{"line":23,"column":14},"end":{"line":25,"column":5}},"line":23},"2":{"name":"(anonymous_2)","decl":{"start":{"line":28,"column":4},"end":{"line":28,"column":5}},"loc":{"start":{"line":28,"column":13},"end":{"line":30,"column":5}},"line":28},"3":{"name":"(anonymous_3)","decl":{"start":{"line":33,"column":4},"end":{"line":33,"column":5}},"loc":{"start":{"line":33,"column":11},"end":{"line":35,"column":5}},"line":33}},"branchMap":{},"s":{"0":2,"1":20,"2":1,"3":3},"f":{"0":2,"1":20,"2":1,"3":3},"b":{},"_coverageSchema":"332fd63041d2c1bcb487cc26dd0d5f7d97098a6c","hash":"1dcdcbd3d7f27fab528890c5f1cb26ac8aad8fb7"}
,"/home/omar/Documents/evolveu/objects/src/components/js/Stack.js": {"path":"/home/omar/Documents/evolveu/objects/src/components/js/Stack.js","statementMap":{"0":{"start":{"line":19,"column":8},"end":{"line":19,"column":22}},"1":{"start":{"line":24,"column":8},"end":{"line":24,"column":38}},"2":{"start":{"line":29,"column":8},"end":{"line":29,"column":32}},"3":{"start":{"line":34,"column":8},"end":{"line":34,"column":31}}},"fnMap":{"0":{"name":"(anonymous_0)","decl":{"start":{"line":18,"column":4},"end":{"line":18,"column":5}},"loc":{"start":{"line":18,"column":18},"end":{"line":20,"column":5}},"line":18},"1":{"name":"(anonymous_1)","decl":{"start":{"line":23,"column":4},"end":{"line":23,"column":5}},"loc":{"start":{"line":23,"column":14},"end":{"line":25,"column":5}},"line":23},"2":{"name":"(anonymous_2)","decl":{"start":{"line":28,"column":4},"end":{"line":28,"column":5}},"loc":{"start":{"line":28,"column":13},"end":{"line":30,"column":5}},"line":28},"3":{"name":"(anonymous_3)","decl":{"start":{"line":33,"column":4},"end":{"line":33,"column":5}},"loc":{"start":{"line":33,"column":11},"end":{"line":35,"column":5}},"line":33}},"branchMap":{},"s":{"0":2,"1":20,"2":1,"3":4},"f":{"0":2,"1":20,"2":1,"3":4},"b":{},"_coverageSchema":"332fd63041d2c1bcb487cc26dd0d5f7d97098a6c","hash":"9e5fc3293e2438b19f6e87217f14e3bc7592ea6b"}
,"/home/omar/Documents/evolveu/objects/src/components/js/account.js": {"path":"/home/omar/Documents/evolveu/objects/src/components/js/account.js","statementMap":{"0":{"start":{"line":6,"column":8},"end":{"line":6,"column":65}},"1":{"start":{"line":7,"column":8},"end":{"line":7,"column":32}},"2":{"start":{"line":10,"column":17},"end":{"line":10,"column":34}},"3":{"start":{"line":11,"column":20},"end":{"line":11,"column":40}},"4":{"start":{"line":13,"column":25},"end":{"line":13,"column":59}},"5":{"start":{"line":14,"column":27},"end":{"line":14,"column":51}},"6":{"start":{"line":17,"column":8},"end":{"line":17,"column":43}},"7":{"start":{"line":18,"column":8},"end":{"line":18,"column":49}},"8":{"start":{"line":22,"column":8},"end":{"line":22,"column":43}},"9":{"start":{"line":23,"column":8},"end":{"line":23,"column":49}}},"fnMap":{"0":{"name":"(anonymous_0)","decl":{"start":{"line":5,"column":4},"end":{"line":5,"column":5}},"loc":{"start":{"line":5,"column":46},"end":{"line":8,"column":5}},"line":5},"1":{"name":"(anonymous_1)","decl":{"start":{"line":10,"column":4},"end":{"line":10,"column":5}},"loc":{"start":{"line":10,"column":15},"end":{"line":10,"column":36}},"line":10},"2":{"name":"(anonymous_2)","decl":{"start":{"line":11,"column":4},"end":{"line":11,"column":5}},"loc":{"start":{"line":11,"column":18},"end":{"line":11,"column":42}},"line":11},"3":{"name":"(anonymous_3)","decl":{"start":{"line":13,"column":4},"end":{"line":13,"column":5}},"loc":{"start":{"line":13,"column":23},"end":{"line":13,"column":61}},"line":13},"4":{"name":"(anonymous_4)","decl":{"start":{"line":14,"column":4},"end":{"line":14,"column":5}},"loc":{"start":{"line":14,"column":25},"end":{"line":14,"column":52}},"line":14},"5":{"name":"(anonymous_5)","decl":{"start":{"line":16,"column":4},"end":{"line":16,"column":5}},"loc":{"start":{"line":16,"column":20},"end":{"line":19,"column":5}},"line":16},"6":{"name":"(anonymous_6)","decl":{"start":{"line":21,"column":4},"end":{"line":21,"column":5}},"loc":{"start":{"line":21,"column":21},"end":{"line":24,"column":5}},"line":21}},"branchMap":{},"s":{"0":35,"1":35,"2":118,"3":132,"4":1,"5":2,"6":1,"7":1,"8":1,"9":1},"f":{"0":35,"1":118,"2":132,"3":1,"4":2,"5":1,"6":1},"b":{},"_coverageSchema":"332fd63041d2c1bcb487cc26dd0d5f7d97098a6c","hash":"a8feaca28156ee480a21ce1fa639c6c89e833e1c"}
,"/home/omar/Documents/evolveu/objects/src/components/js/accountsController.js": {"path":"/home/omar/Documents/evolveu/objects/src/components/js/accountsController.js","statementMap":{"0":{"start":{"line":7,"column":8},"end":{"line":7,"column":32}},"1":{"start":{"line":13,"column":8},"end":{"line":13,"column":44}},"2":{"start":{"line":17,"column":23},"end":{"line":17,"column":25}},"3":{"start":{"line":18,"column":8},"end":{"line":22,"column":10}},"4":{"start":{"line":19,"column":12},"end":{"line":21,"column":13}},"5":{"start":{"line":20,"column":16},"end":{"line":20,"column":35}},"6":{"start":{"line":23,"column":8},"end":{"line":23,"column":38}},"7":{"start":{"line":27,"column":28},"end":{"line":27,"column":58}},"8":{"start":{"line":28,"column":8},"end":{"line":32,"column":10}},"9":{"start":{"line":29,"column":12},"end":{"line":31,"column":13}},"10":{"start":{"line":30,"column":16},"end":{"line":30,"column":44}},"11":{"start":{"line":33,"column":8},"end":{"line":33,"column":28}},"12":{"start":{"line":37,"column":29},"end":{"line":37,"column":59}},"13":{"start":{"line":38,"column":8},"end":{"line":42,"column":10}},"14":{"start":{"line":39,"column":12},"end":{"line":41,"column":13}},"15":{"start":{"line":40,"column":16},"end":{"line":40,"column":45}},"16":{"start":{"line":43,"column":8},"end":{"line":43,"column":29}},"17":{"start":{"line":47,"column":21},"end":{"line":47,"column":22}},"18":{"start":{"line":48,"column":8},"end":{"line":50,"column":10}},"19":{"start":{"line":49,"column":12},"end":{"line":49,"column":34}},"20":{"start":{"line":51,"column":8},"end":{"line":51,"column":21}},"21":{"start":{"line":55,"column":6},"end":{"line":59,"column":8}},"22":{"start":{"line":56,"column":8},"end":{"line":58,"column":9}},"23":{"start":{"line":57,"column":10},"end":{"line":57,"column":31}},"24":{"start":{"line":63,"column":6},"end":{"line":63,"column":32}},"25":{"start":{"line":72,"column":22},"end":{"line":72,"column":41}},"26":{"start":{"line":74,"column":8},"end":{"line":106,"column":9}},"27":{"start":{"line":78,"column":12},"end":{"line":83,"column":14}},"28":{"start":{"line":79,"column":16},"end":{"line":82,"column":48}},"29":{"start":{"line":80,"column":20},"end":{"line":80,"column":48}},"30":{"start":{"line":82,"column":20},"end":{"line":82,"column":48}},"31":{"start":{"line":84,"column":12},"end":{"line":84,"column":17}},"32":{"start":{"line":88,"column":12},"end":{"line":101,"column":14}},"33":{"start":{"line":89,"column":16},"end":{"line":89,"column":40}},"34":{"start":{"line":90,"column":16},"end":{"line":90,"column":40}},"35":{"start":{"line":91,"column":16},"end":{"line":100,"column":17}},"36":{"start":{"line":92,"column":20},"end":{"line":92,"column":39}},"37":{"start":{"line":92,"column":31},"end":{"line":92,"column":39}},"38":{"start":{"line":93,"column":20},"end":{"line":93,"column":40}},"39":{"start":{"line":93,"column":31},"end":{"line":93,"column":40}},"40":{"start":{"line":94,"column":20},"end":{"line":94,"column":28}},"41":{"start":{"line":97,"column":20},"end":{"line":97,"column":40}},"42":{"start":{"line":97,"column":31},"end":{"line":97,"column":40}},"43":{"start":{"line":98,"column":20},"end":{"line":98,"column":39}},"44":{"start":{"line":98,"column":31},"end":{"line":98,"column":39}},"45":{"start":{"line":99,"column":20},"end":{"line":99,"column":28}},"46":{"start":{"line":102,"column":12},"end":{"line":102,"column":17}},"47":{"start":{"line":105,"column":12},"end":{"line":105,"column":17}}},"fnMap":{"0":{"name":"(anonymous_0)","decl":{"start":{"line":6,"column":4},"end":{"line":6,"column":5}},"loc":{"start":{"line":6,"column":18},"end":{"line":8,"column":7}},"line":6},"1":{"name":"(anonymous_1)","decl":{"start":{"line":12,"column":4},"end":{"line":12,"column":5}},"loc":{"start":{"line":12,"column":27},"end":{"line":14,"column":5}},"line":12},"2":{"name":"(anonymous_2)","decl":{"start":{"line":16,"column":4},"end":{"line":16,"column":5}},"loc":{"start":{"line":16,"column":31},"end":{"line":24,"column":5}},"line":16},"3":{"name":"(anonymous_3)","decl":{"start":{"line":18,"column":37},"end":{"line":18,"column":38}},"loc":{"start":{"line":18,"column":45},"end":{"line":22,"column":9}},"line":18},"4":{"name":"(anonymous_4)","decl":{"start":{"line":26,"column":4},"end":{"line":26,"column":5}},"loc":{"start":{"line":26,"column":23},"end":{"line":34,"column":5}},"line":26},"5":{"name":"(anonymous_5)","decl":{"start":{"line":28,"column":37},"end":{"line":28,"column":38}},"loc":{"start":{"line":28,"column":45},"end":{"line":32,"column":9}},"line":28},"6":{"name":"(anonymous_6)","decl":{"start":{"line":36,"column":4},"end":{"line":36,"column":5}},"loc":{"start":{"line":36,"column":24},"end":{"line":44,"column":5}},"line":36},"7":{"name":"(anonymous_7)","decl":{"start":{"line":38,"column":37},"end":{"line":38,"column":38}},"loc":{"start":{"line":38,"column":45},"end":{"line":42,"column":9}},"line":38},"8":{"name":"(anonymous_8)","decl":{"start":{"line":46,"column":4},"end":{"line":46,"column":5}},"loc":{"start":{"line":46,"column":22},"end":{"line":52,"column":5}},"line":46},"9":{"name":"(anonymous_9)","decl":{"start":{"line":48,"column":37},"end":{"line":48,"column":38}},"loc":{"start":{"line":48,"column":45},"end":{"line":50,"column":9}},"line":48},"10":{"name":"(anonymous_10)","decl":{"start":{"line":54,"column":4},"end":{"line":54,"column":5}},"loc":{"start":{"line":54,"column":36},"end":{"line":60,"column":5}},"line":54},"11":{"name":"(anonymous_11)","decl":{"start":{"line":55,"column":34},"end":{"line":55,"column":35}},"loc":{"start":{"line":55,"column":42},"end":{"line":59,"column":7}},"line":55},"12":{"name":"(anonymous_12)","decl":{"start":{"line":62,"column":4},"end":{"line":62,"column":5}},"loc":{"start":{"line":62,"column":18},"end":{"line":64,"column":5}},"line":62},"13":{"name":"(anonymous_13)","decl":{"start":{"line":70,"column":4},"end":{"line":70,"column":5}},"loc":{"start":{"line":70,"column":34},"end":{"line":108,"column":5}},"line":70},"14":{"name":"(anonymous_14)","decl":{"start":{"line":78,"column":23},"end":{"line":78,"column":24}},"loc":{"start":{"line":78,"column":33},"end":{"line":83,"column":13}},"line":78},"15":{"name":"(anonymous_15)","decl":{"start":{"line":88,"column":23},"end":{"line":88,"column":24}},"loc":{"start":{"line":88,"column":33},"end":{"line":101,"column":13}},"line":88}},"branchMap":{"0":{"loc":{"start":{"line":19,"column":12},"end":{"line":21,"column":13}},"type":"if","locations":[{"start":{"line":19,"column":12},"end":{"line":21,"column":13}},{"start":{"line":19,"column":12},"end":{"line":21,"column":13}}],"line":19},"1":{"loc":{"start":{"line":29,"column":12},"end":{"line":31,"column":13}},"type":"if","locations":[{"start":{"line":29,"column":12},"end":{"line":31,"column":13}},{"start":{"line":29,"column":12},"end":{"line":31,"column":13}}],"line":29},"2":{"loc":{"start":{"line":39,"column":12},"end":{"line":41,"column":13}},"type":"if","locations":[{"start":{"line":39,"column":12},"end":{"line":41,"column":13}},{"start":{"line":39,"column":12},"end":{"line":41,"column":13}}],"line":39},"3":{"loc":{"start":{"line":56,"column":8},"end":{"line":58,"column":9}},"type":"if","locations":[{"start":{"line":56,"column":8},"end":{"line":58,"column":9}},{"start":{"line":56,"column":8},"end":{"line":58,"column":9}}],"line":56},"4":{"loc":{"start":{"line":74,"column":8},"end":{"line":106,"column":9}},"type":"switch","locations":[{"start":{"line":77,"column":12},"end":{"line":84,"column":17}},{"start":{"line":87,"column":12},"end":{"line":102,"column":17}},{"start":{"line":104,"column":12},"end":{"line":105,"column":17}}],"line":74},"5":{"loc":{"start":{"line":79,"column":16},"end":{"line":82,"column":48}},"type":"if","locations":[{"start":{"line":79,"column":16},"end":{"line":82,"column":48}},{"start":{"line":79,"column":16},"end":{"line":82,"column":48}}],"line":79},"6":{"loc":{"start":{"line":91,"column":16},"end":{"line":100,"column":17}},"type":"if","locations":[{"start":{"line":91,"column":16},"end":{"line":100,"column":17}},{"start":{"line":91,"column":16},"end":{"line":100,"column":17}}],"line":91},"7":{"loc":{"start":{"line":92,"column":20},"end":{"line":92,"column":39}},"type":"if","locations":[{"start":{"line":92,"column":20},"end":{"line":92,"column":39}},{"start":{"line":92,"column":20},"end":{"line":92,"column":39}}],"line":92},"8":{"loc":{"start":{"line":93,"column":20},"end":{"line":93,"column":40}},"type":"if","locations":[{"start":{"line":93,"column":20},"end":{"line":93,"column":40}},{"start":{"line":93,"column":20},"end":{"line":93,"column":40}}],"line":93},"9":{"loc":{"start":{"line":97,"column":20},"end":{"line":97,"column":40}},"type":"if","locations":[{"start":{"line":97,"column":20},"end":{"line":97,"column":40}},{"start":{"line":97,"column":20},"end":{"line":97,"column":40}}],"line":97},"10":{"loc":{"start":{"line":98,"column":20},"end":{"line":98,"column":39}},"type":"if","locations":[{"start":{"line":98,"column":20},"end":{"line":98,"column":39}},{"start":{"line":98,"column":20},"end":{"line":98,"column":39}}],"line":98}},"s":{"0":12,"1":33,"2":1,"3":1,"4":2,"5":1,"6":1,"7":1,"8":1,"9":2,"10":1,"11":1,"12":1,"13":1,"14":3,"15":1,"16":1,"17":3,"18":3,"19":4,"20":3,"21":2,"22":2,"23":1,"24":7,"25":8,"26":8,"27":3,"28":27,"29":9,"30":18,"31":3,"32":3,"33":27,"34":27,"35":27,"36":9,"37":6,"38":3,"39":2,"40":1,"41":18,"42":7,"43":11,"44":9,"45":2,"46":3,"47":2},"f":{"0":12,"1":33,"2":1,"3":2,"4":1,"5":2,"6":1,"7":3,"8":3,"9":4,"10":2,"11":2,"12":7,"13":8,"14":27,"15":27},"b":{"0":[1,1],"1":[1,1],"2":[1,2],"3":[1,1],"4":[3,3,2],"5":[9,18],"6":[9,18],"7":[6,3],"8":[2,1],"9":[7,11],"10":[9,2]},"_coverageSchema":"332fd63041d2c1bcb487cc26dd0d5f7d97098a6c","hash":"7719061f16779c088030d6988173f4589ae13288"}
,"/home/omar/Documents/evolveu/objects/src/components/js/math.js": {"path":"/home/omar/Documents/evolveu/objects/src/components/js/math.js","statementMap":{"0":{"start":{"line":2,"column":1},"end":{"line":2,"column":13}},"1":{"start":{"line":6,"column":1},"end":{"line":6,"column":13}},"2":{"start":{"line":10,"column":1},"end":{"line":10,"column":13}},"3":{"start":{"line":14,"column":1},"end":{"line":14,"column":13}}},"fnMap":{"0":{"name":"sum","decl":{"start":{"line":1,"column":9},"end":{"line":1,"column":12}},"loc":{"start":{"line":1,"column":19},"end":{"line":3,"column":1}},"line":1},"1":{"name":"difference","decl":{"start":{"line":5,"column":9},"end":{"line":5,"column":19}},"loc":{"start":{"line":5,"column":26},"end":{"line":7,"column":1}},"line":5},"2":{"name":"multiply","decl":{"start":{"line":9,"column":9},"end":{"line":9,"column":17}},"loc":{"start":{"line":9,"column":24},"end":{"line":11,"column":1}},"line":9},"3":{"name":"divide","decl":{"start":{"line":13,"column":9},"end":{"line":13,"column":15}},"loc":{"start":{"line":13,"column":22},"end":{"line":15,"column":1}},"line":13}},"branchMap":{},"s":{"0":1,"1":1,"2":1,"3":1},"f":{"0":1,"1":1,"2":1,"3":1},"b":{},"_coverageSchema":"332fd63041d2c1bcb487cc26dd0d5f7d97098a6c","hash":"9ae18cf3f29a1bbed6de4b7d8468a04e31461f44"}
}
