{"/home/omar/Documents/evolveu/objects/src/App.js": {"path":"/home/omar/Documents/evolveu/objects/src/App.js","statementMap":{"0":{"start":{"line":1,"column":0},"end":{"line":null,"column":-1}},"1":{"start":{"line":4,"column":0},"end":{"line":null,"column":-1}},"2":{"start":{"line":7,"column":0},"end":{"line":null,"column":-1}},"3":{"start":{"line":18,"column":0},"end":{"line":null,"column":-1}},"4":{"start":{"line":19,"column":0},"end":{"line":null,"column":-1}},"5":{"start":{"line":20,"column":0},"end":{"line":null,"column":-1}},"6":{"start":{"line":21,"column":0},"end":{"line":null,"column":-1}},"7":{"start":{"line":22,"column":0},"end":{"line":null,"column":-1}},"8":{"start":{"line":23,"column":0},"end":{"line":null,"column":-1}},"9":{"start":{"line":24,"column":0},"end":{"line":null,"column":-1}},"10":{"start":{"line":41,"column":8},"end":{"line":null,"column":-1}},"11":{"start":{"line":40,"column":18},"end":{"line":null,"column":-1}},"12":{"start":{"line":61,"column":8},"end":{"line":null,"column":-1}},"13":{"start":{"line":42,"column":8},"end":{"line":null,"column":-1}},"14":{"start":{"line":67,"column":30},"end":{"line":65,"column":13}},"15":{"start":{"line":69,"column":8},"end":{"line":null,"column":-1}}},"fnMap":{"0":{"name":"(anonymous_0)","decl":{"start":{"line":40,"column":4},"end":{"line":40,"column":14}},"loc":{"start":{"line":40,"column":18},"end":{"line":36,"column":28}}},"1":{"name":"(anonymous_1)","decl":{"start":{"line":60,"column":19},"end":{"line":60,"column":23}},"loc":{"start":{"line":60,"column":28},"end":{"line":40,"column":18}}},"2":{"name":"(anonymous_2)","decl":{"start":{"line":65,"column":4},"end":{"line":65,"column":9}},"loc":{"start":{"line":65,"column":13},"end":{"line":85,"column":5}}}},"branchMap":{"0":{"loc":{"start":{"line":77,"column":21},"end":{"line":77,"column":20}},"type":"binary-expr","locations":[{"start":{"line":77,"column":21},"end":{"line":77,"column":20}},{"start":{"line":77,"column":45},"end":{"line":76,"column":16}}]},"1":{"loc":{"start":{"line":78,"column":21},"end":{"line":78,"column":20}},"type":"binary-expr","locations":[{"start":{"line":78,"column":21},"end":{"line":78,"column":20}},{"start":{"line":78,"column":45},"end":{"line":76,"column":16}}]},"2":{"loc":{"start":{"line":79,"column":21},"end":{"line":79,"column":20}},"type":"binary-expr","locations":[{"start":{"line":79,"column":21},"end":{"line":79,"column":20}},{"start":{"line":79,"column":51},"end":{"line":76,"column":16}}]},"3":{"loc":{"start":{"line":80,"column":21},"end":{"line":80,"column":20}},"type":"binary-expr","locations":[{"start":{"line":80,"column":21},"end":{"line":80,"column":20}},{"start":{"line":80,"column":53},"end":{"line":76,"column":16}}]},"4":{"loc":{"start":{"line":81,"column":21},"end":{"line":81,"column":20}},"type":"binary-expr","locations":[{"start":{"line":81,"column":21},"end":{"line":81,"column":20}},{"start":{"line":81,"column":55},"end":{"line":76,"column":16}}]}},"s":{"0":0,"1":0,"2":0,"3":0,"4":0,"5":0,"6":0,"7":0,"8":0,"9":0,"10":0,"11":0,"12":0,"13":0,"14":0,"15":0},"f":{"0":0,"1":0,"2":0},"b":{"0":[0,0],"1":[0,0],"2":[0,0],"3":[0,0],"4":[0,0]}}
,"/home/omar/Documents/evolveu/objects/src/index.js": {"path":"/home/omar/Documents/evolveu/objects/src/index.js","statementMap":{"0":{"start":{"line":1,"column":0},"end":{"line":null,"column":-1}},"1":{"start":{"line":2,"column":0},"end":{"line":null,"column":-1}},"2":{"start":{"line":3,"column":0},"end":{"line":null,"column":-1}},"3":{"start":{"line":4,"column":0},"end":{"line":null,"column":-1}},"4":{"start":{"line":5,"column":0},"end":{"line":null,"column":-1}},"5":{"start":{"line":12,"column":0},"end":{"line":null,"column":-1}}},"fnMap":{},"branchMap":{},"s":{"0":0,"1":0,"2":0,"3":0,"4":0,"5":0},"f":{},"b":{}}
,"/home/omar/Documents/evolveu/objects/src/serviceWorker.js": {"path":"/home/omar/Documents/evolveu/objects/src/serviceWorker.js","statementMap":{"0":{"start":{"line":13,"column":20},"end":{"line":13,"column":0}},"1":{"start":{"line":24,"column":2},"end":{"line":54,"column":3}},"2":{"start":{"line":26,"column":22},"end":{"line":26,"column":4}},"3":{"start":{"line":27,"column":4},"end":{"line":32,"column":5}},"4":{"start":{"line":31,"column":6},"end":{"line":null,"column":-1}},"5":{"start":{"line":34,"column":4},"end":{"line":null,"column":-1}},"6":{"start":{"line":35,"column":21},"end":{"line":35,"column":6}},"7":{"start":{"line":37,"column":6},"end":{"line":52,"column":7}},"8":{"start":{"line":39,"column":8},"end":{"line":37,"column":23}},"9":{"start":{"line":43,"column":8},"end":{"line":null,"column":-1}},"10":{"start":{"line":44,"column":10},"end":{"line":null,"column":-1}},"11":{"start":{"line":51,"column":8},"end":{"line":null,"column":-1}},"12":{"start":{"line":58,"column":2},"end":{"line":null,"column":-1}},"13":{"start":{"line":61,"column":6},"end":{"line":null,"column":-1}},"14":{"start":{"line":62,"column":33},"end":{"line":62,"column":8}},"15":{"start":{"line":63,"column":8},"end":{"line":65,"column":9}},"16":{"start":{"line":64,"column":10},"end":{"line":null,"column":-1}},"17":{"start":{"line":66,"column":8},"end":{"line":null,"column":-1}},"18":{"start":{"line":67,"column":10},"end":{"line":92,"column":11}},"19":{"start":{"line":68,"column":12},"end":{"line":91,"column":13}},"20":{"start":{"line":72,"column":14},"end":{"line":68,"column":52}},"21":{"start":{"line":78,"column":14},"end":{"line":80,"column":15}},"22":{"start":{"line":79,"column":16},"end":{"line":null,"column":-1}},"23":{"start":{"line":85,"column":14},"end":{"line":81,"column":19}},"24":{"start":{"line":88,"column":14},"end":{"line":90,"column":15}},"25":{"start":{"line":89,"column":16},"end":{"line":null,"column":-1}},"26":{"start":{"line":97,"column":6},"end":{"line":null,"column":-1}},"27":{"start":{"line":103,"column":2},"end":{"line":null,"column":-1}},"28":{"start":{"line":106,"column":26},"end":{"line":106,"column":6}},"29":{"start":{"line":107,"column":6},"end":{"line":120,"column":7}},"30":{"start":{"line":112,"column":8},"end":{"line":null,"column":-1}},"31":{"start":{"line":113,"column":10},"end":{"line":null,"column":-1}},"32":{"start":{"line":114,"column":12},"end":{"line":null,"column":-1}},"33":{"start":{"line":119,"column":8},"end":{"line":null,"column":-1}},"34":{"start":{"line":123,"column":6},"end":{"line":null,"column":-1}},"35":{"start":{"line":130,"column":2},"end":{"line":134,"column":3}},"36":{"start":{"line":131,"column":4},"end":{"line":null,"column":-1}},"37":{"start":{"line":132,"column":6},"end":{"line":null,"column":-1}}},"fnMap":{"0":{"name":"register","decl":{"start":{"line":23,"column":16},"end":{"line":23,"column":7}},"loc":{"start":{"line":23,"column":33},"end":{"line":55,"column":1}}},"1":{"name":"(anonymous_1)","decl":{"start":{"line":34,"column":36},"end":{"line":34,"column":41}},"loc":{"start":{"line":34,"column":42},"end":{"line":34,"column":4}}},"2":{"name":"(anonymous_2)","decl":{"start":{"line":43,"column":43},"end":{"line":43,"column":48}},"loc":{"start":{"line":43,"column":49},"end":{"line":43,"column":8}}},"3":{"name":"registerValidSW","decl":{"start":{"line":57,"column":9},"end":{"line":57,"column":0}},"loc":{"start":{"line":57,"column":40},"end":{"line":99,"column":1}}},"4":{"name":"(anonymous_4)","decl":{"start":{"line":60,"column":10},"end":{"line":60,"column":21}},"loc":{"start":{"line":60,"column":26},"end":{"line":58,"column":2}}},"5":{"name":"(anonymous_5)","decl":{"start":{"line":61,"column":35},"end":{"line":61,"column":40}},"loc":{"start":{"line":61,"column":41},"end":{"line":61,"column":6}}},"6":{"name":"(anonymous_6)","decl":{"start":{"line":66,"column":41},"end":{"line":66,"column":46}},"loc":{"start":{"line":66,"column":47},"end":{"line":66,"column":8}}},"7":{"name":"(anonymous_7)","decl":{"start":{"line":96,"column":11},"end":{"line":96,"column":15}},"loc":{"start":{"line":96,"column":20},"end":{"line":58,"column":2}}},"8":{"name":"checkValidServiceWorker","decl":{"start":{"line":101,"column":9},"end":{"line":101,"column":0}},"loc":{"start":{"line":101,"column":48},"end":{"line":127,"column":1}}},"9":{"name":"(anonymous_9)","decl":{"start":{"line":104,"column":10},"end":{"line":104,"column":17}},"loc":{"start":{"line":104,"column":22},"end":{"line":103,"column":2}}},"10":{"name":"(anonymous_10)","decl":{"start":{"line":112,"column":43},"end":{"line":112,"column":54}},"loc":{"start":{"line":112,"column":59},"end":{"line":112,"column":8}}},"11":{"name":"(anonymous_11)","decl":{"start":{"line":113,"column":41},"end":{"line":113,"column":46}},"loc":{"start":{"line":113,"column":47},"end":{"line":113,"column":10}}},"12":{"name":"(anonymous_12)","decl":{"start":{"line":122,"column":11},"end":{"line":122,"column":16}},"loc":{"start":{"line":122,"column":17},"end":{"line":103,"column":2}}},"13":{"name":"unregister","decl":{"start":{"line":129,"column":16},"end":{"line":129,"column":7}},"loc":{"start":{"line":129,"column":29},"end":{"line":135,"column":1}}},"14":{"name":"(anonymous_14)","decl":{"start":{"line":131,"column":39},"end":{"line":131,"column":50}},"loc":{"start":{"line":131,"column":55},"end":{"line":131,"column":4}}}},"branchMap":{"0":{"loc":{"start":{"line":14,"column":2},"end":{"line":14,"column":1}},"type":"binary-expr","locations":[{"start":{"line":14,"column":2},"end":{"line":14,"column":1}},{"start":{"line":16,"column":4},"end":{"line":14,"column":2}},{"start":{"line":18,"column":4},"end":{"line":13,"column":27}}]},"1":{"loc":{"start":{"line":24,"column":2},"end":{"line":54,"column":3}},"type":"if","locations":[{"start":{"line":24,"column":2},"end":{"line":54,"column":3}},{"start":{"line":24,"column":2},"end":{"line":54,"column":3}}]},"2":{"loc":{"start":{"line":24,"column":6},"end":{"line":24,"column":5}},"type":"binary-expr","locations":[{"start":{"line":24,"column":6},"end":{"line":24,"column":5}},{"start":{"line":24,"column":47},"end":{"line":24,"column":2}}]},"3":{"loc":{"start":{"line":27,"column":4},"end":{"line":32,"column":5}},"type":"if","locations":[{"start":{"line":27,"column":4},"end":{"line":32,"column":5}},{"start":{"line":27,"column":4},"end":{"line":32,"column":5}}]},"4":{"loc":{"start":{"line":37,"column":6},"end":{"line":52,"column":7}},"type":"if","locations":[{"start":{"line":37,"column":6},"end":{"line":52,"column":7}},{"start":{"line":37,"column":6},"end":{"line":52,"column":7}}]},"5":{"loc":{"start":{"line":63,"column":8},"end":{"line":65,"column":9}},"type":"if","locations":[{"start":{"line":63,"column":8},"end":{"line":65,"column":9}},{"start":{"line":63,"column":8},"end":{"line":65,"column":9}}]},"6":{"loc":{"start":{"line":67,"column":10},"end":{"line":92,"column":11}},"type":"if","locations":[{"start":{"line":67,"column":10},"end":{"line":92,"column":11}},{"start":{"line":67,"column":10},"end":{"line":92,"column":11}}]},"7":{"loc":{"start":{"line":68,"column":12},"end":{"line":91,"column":13}},"type":"if","locations":[{"start":{"line":68,"column":12},"end":{"line":91,"column":13}},{"start":{"line":68,"column":12},"end":{"line":91,"column":13}}]},"8":{"loc":{"start":{"line":78,"column":14},"end":{"line":80,"column":15}},"type":"if","locations":[{"start":{"line":78,"column":14},"end":{"line":80,"column":15}},{"start":{"line":78,"column":14},"end":{"line":80,"column":15}}]},"9":{"loc":{"start":{"line":78,"column":18},"end":{"line":78,"column":24}},"type":"binary-expr","locations":[{"start":{"line":78,"column":18},"end":{"line":78,"column":24}},{"start":{"line":78,"column":28},"end":{"line":78,"column":14}}]},"10":{"loc":{"start":{"line":88,"column":14},"end":{"line":90,"column":15}},"type":"if","locations":[{"start":{"line":88,"column":14},"end":{"line":90,"column":15}},{"start":{"line":88,"column":14},"end":{"line":90,"column":15}}]},"11":{"loc":{"start":{"line":88,"column":18},"end":{"line":88,"column":24}},"type":"binary-expr","locations":[{"start":{"line":88,"column":18},"end":{"line":88,"column":24}},{"start":{"line":88,"column":28},"end":{"line":88,"column":14}}]},"12":{"loc":{"start":{"line":107,"column":6},"end":{"line":120,"column":7}},"type":"if","locations":[{"start":{"line":107,"column":6},"end":{"line":120,"column":7}},{"start":{"line":107,"column":6},"end":{"line":120,"column":7}}]},"13":{"loc":{"start":{"line":108,"column":8},"end":{"line":108,"column":7}},"type":"binary-expr","locations":[{"start":{"line":108,"column":8},"end":{"line":108,"column":7}},{"start":{"line":109,"column":9},"end":{"line":109,"column":8}},{"start":{"line":109,"column":32},"end":{"line":107,"column":6}}]},"14":{"loc":{"start":{"line":130,"column":2},"end":{"line":134,"column":3}},"type":"if","locations":[{"start":{"line":130,"column":2},"end":{"line":134,"column":3}},{"start":{"line":130,"column":2},"end":{"line":134,"column":3}}]}},"s":{"0":0,"1":0,"2":0,"3":0,"4":0,"5":0,"6":0,"7":0,"8":0,"9":0,"10":0,"11":0,"12":0,"13":0,"14":0,"15":0,"16":0,"17":0,"18":0,"19":0,"20":0,"21":0,"22":0,"23":0,"24":0,"25":0,"26":0,"27":0,"28":0,"29":0,"30":0,"31":0,"32":0,"33":0,"34":0,"35":0,"36":0,"37":0},"f":{"0":0,"1":0,"2":0,"3":0,"4":0,"5":0,"6":0,"7":0,"8":0,"9":0,"10":0,"11":0,"12":0,"13":0,"14":0},"b":{"0":[0,0,0],"1":[0,0],"2":[0,0],"3":[0,0],"4":[0,0],"5":[0,0],"6":[0,0],"7":[0,0],"8":[0,0],"9":[0,0],"10":[0,0],"11":[0,0],"12":[0,0],"13":[0,0,0],"14":[0,0]}}
,"/home/omar/Documents/evolveu/objects/src/components/AppNavBar.jsx": {"path":"/home/omar/Documents/evolveu/objects/src/components/AppNavBar.jsx","statementMap":{"0":{"start":{"line":1,"column":0},"end":{"line":null,"column":-1}},"1":{"start":{"line":2,"column":0},"end":{"line":null,"column":-1}},"2":{"start":{"line":3,"column":0},"end":{"line":null,"column":-1}},"3":{"start":{"line":10,"column":8},"end":{"line":null,"column":-1}}},"fnMap":{"0":{"name":"(anonymous_0)","decl":{"start":{"line":8,"column":4},"end":{"line":8,"column":9}},"loc":{"start":{"line":8,"column":18},"end":{"line":54,"column":5}}}},"branchMap":{"0":{"loc":{"start":{"line":18,"column":67},"end":{"line":18,"column":33}},"type":"cond-expr","locations":[{"start":{"line":18,"column":67},"end":{"line":18,"column":33}},{"start":{"line":18,"column":81},"end":{"line":17,"column":39}}]},"1":{"loc":{"start":{"line":25,"column":67},"end":{"line":25,"column":33}},"type":"cond-expr","locations":[{"start":{"line":25,"column":67},"end":{"line":25,"column":33}},{"start":{"line":25,"column":81},"end":{"line":24,"column":39}}]},"2":{"loc":{"start":{"line":32,"column":73},"end":{"line":32,"column":33}},"type":"cond-expr","locations":[{"start":{"line":32,"column":73},"end":{"line":32,"column":33}},{"start":{"line":32,"column":87},"end":{"line":31,"column":39}}]},"3":{"loc":{"start":{"line":39,"column":75},"end":{"line":39,"column":33}},"type":"cond-expr","locations":[{"start":{"line":39,"column":75},"end":{"line":39,"column":33}},{"start":{"line":39,"column":89},"end":{"line":38,"column":39}}]},"4":{"loc":{"start":{"line":46,"column":77},"end":{"line":46,"column":33}},"type":"cond-expr","locations":[{"start":{"line":46,"column":77},"end":{"line":46,"column":33}},{"start":{"line":46,"column":91},"end":{"line":45,"column":39}}]}},"s":{"0":0,"1":0,"2":0,"3":0},"f":{"0":0},"b":{"0":[0,0],"1":[0,0],"2":[0,0],"3":[0,0],"4":[0,0]}}
,"/home/omar/Documents/evolveu/objects/src/components/BankAccounts.jsx": {"path":"/home/omar/Documents/evolveu/objects/src/components/BankAccounts.jsx","statementMap":{"0":{"start":{"line":1,"column":0},"end":{"line":null,"column":-1}},"1":{"start":{"line":2,"column":0},"end":{"line":null,"column":-1}},"2":{"start":{"line":3,"column":0},"end":{"line":null,"column":-1}},"3":{"start":{"line":4,"column":0},"end":{"line":null,"column":-1}},"4":{"start":{"line":5,"column":0},"end":{"line":null,"column":-1}},"5":{"start":{"line":6,"column":0},"end":{"line":null,"column":-1}},"6":{"start":{"line":10,"column":4},"end":{"line":null,"column":-1}},"7":{"start":{"line":9,"column":14},"end":{"line":null,"column":-1}},"8":{"start":{"line":70,"column":26},"end":{"line":69,"column":25}},"9":{"start":{"line":69,"column":25},"end":{"line":69,"column":24}},"10":{"start":{"line":76,"column":4},"end":{"line":87,"column":5}},"11":{"start":{"line":77,"column":8},"end":{"line":null,"column":-1}},"12":{"start":{"line":78,"column":8},"end":{"line":null,"column":-1}},"13":{"start":{"line":84,"column":8},"end":{"line":null,"column":-1}},"14":{"start":{"line":102,"column":27},"end":{"line":102,"column":4}},"15":{"start":{"line":103,"column":30},"end":{"line":103,"column":4}},"16":{"start":{"line":105,"column":4},"end":{"line":686,"column":5}},"17":{"start":{"line":111,"column":30},"end":{"line":111,"column":8}},"18":{"start":{"line":112,"column":35},"end":{"line":112,"column":8}},"19":{"start":{"line":114,"column":8},"end":{"line":null,"column":-1}},"20":{"start":{"line":115,"column":12},"end":{"line":117,"column":13}},"21":{"start":{"line":116,"column":16},"end":{"line":null,"column":-1}},"22":{"start":{"line":119,"column":8},"end":{"line":108,"column":40}},"23":{"start":{"line":120,"column":12},"end":{"line":null,"column":-1}},"24":{"start":{"line":121,"column":12},"end":{"line":119,"column":34}},"25":{"start":{"line":133,"column":12},"end":{"line":null,"column":-1}},"26":{"start":{"line":134,"column":35},"end":{"line":134,"column":16}},"27":{"start":{"line":135,"column":44},"end":{"line":135,"column":16}},"28":{"start":{"line":137,"column":16},"end":{"line":null,"column":-1}},"29":{"start":{"line":138,"column":20},"end":{"line":null,"column":-1}},"30":{"start":{"line":140,"column":16},"end":{"line":133,"column":39}},"31":{"start":{"line":143,"column":16},"end":{"line":146,"column":20}},"32":{"start":{"line":144,"column":20},"end":{"line":143,"column":16}},"33":{"start":{"line":146,"column":20},"end":{"line":null,"column":-1}},"34":{"start":{"line":148,"column":16},"end":{"line":null,"column":-1}},"35":{"start":{"line":163,"column":11},"end":{"line":686,"column":5}},"36":{"start":{"line":174,"column":27},"end":{"line":174,"column":8}},"37":{"start":{"line":175,"column":34},"end":{"line":175,"column":8}},"38":{"start":{"line":176,"column":8},"end":{"line":163,"column":110}},"39":{"start":{"line":177,"column":12},"end":{"line":null,"column":-1}},"40":{"start":{"line":193,"column":11},"end":{"line":686,"column":5}},"41":{"start":{"line":194,"column":7},"end":{"line":193,"column":48}},"42":{"start":{"line":210,"column":11},"end":{"line":686,"column":5}},"43":{"start":{"line":211,"column":27},"end":{"line":211,"column":8}},"44":{"start":{"line":213,"column":34},"end":{"line":213,"column":8}},"45":{"start":{"line":215,"column":8},"end":{"line":210,"column":71}},"46":{"start":{"line":233,"column":11},"end":{"line":686,"column":5}},"47":{"start":{"line":234,"column":23},"end":{"line":234,"column":4}},"48":{"start":{"line":238,"column":4},"end":{"line":233,"column":72}},"49":{"start":{"line":239,"column":8},"end":{"line":null,"column":-1}},"50":{"start":{"line":242,"column":8},"end":{"line":null,"column":-1}},"51":{"start":{"line":248,"column":30},"end":{"line":248,"column":4}},"52":{"start":{"line":250,"column":23},"end":{"line":250,"column":4}},"53":{"start":{"line":251,"column":4},"end":{"line":254,"column":8}},"54":{"start":{"line":252,"column":8},"end":{"line":251,"column":4}},"55":{"start":{"line":254,"column":8},"end":{"line":null,"column":-1}},"56":{"start":{"line":256,"column":4},"end":{"line":233,"column":72}},"57":{"start":{"line":275,"column":11},"end":{"line":686,"column":5}},"58":{"start":{"line":276,"column":27},"end":{"line":276,"column":8}},"59":{"start":{"line":278,"column":34},"end":{"line":278,"column":8}},"60":{"start":{"line":280,"column":8},"end":{"line":275,"column":67}},"61":{"start":{"line":295,"column":11},"end":{"line":686,"column":5}},"62":{"start":{"line":296,"column":27},"end":{"line":296,"column":8}},"63":{"start":{"line":298,"column":34},"end":{"line":298,"column":8}},"64":{"start":{"line":300,"column":8},"end":{"line":295,"column":70}},"65":{"start":{"line":315,"column":11},"end":{"line":686,"column":5}},"66":{"start":{"line":316,"column":26},"end":{"line":316,"column":4}},"67":{"start":{"line":317,"column":31},"end":{"line":317,"column":4}},"68":{"start":{"line":319,"column":25},"end":{"line":319,"column":4}},"69":{"start":{"line":321,"column":4},"end":{"line":315,"column":55}},"70":{"start":{"line":323,"column":35},"end":{"line":323,"column":8}},"71":{"start":{"line":324,"column":8},"end":{"line":null,"column":-1}},"72":{"start":{"line":325,"column":12},"end":{"line":327,"column":13}},"73":{"start":{"line":326,"column":16},"end":{"line":null,"column":-1}},"74":{"start":{"line":329,"column":8},"end":{"line":363,"column":9}},"75":{"start":{"line":331,"column":12},"end":{"line":null,"column":-1}},"76":{"start":{"line":335,"column":12},"end":{"line":null,"column":-1}},"77":{"start":{"line":337,"column":12},"end":{"line":null,"column":-1}},"78":{"start":{"line":343,"column":44},"end":{"line":343,"column":16}},"79":{"start":{"line":345,"column":16},"end":{"line":null,"column":-1}},"80":{"start":{"line":346,"column":20},"end":{"line":null,"column":-1}},"81":{"start":{"line":349,"column":16},"end":{"line":null,"column":-1}},"82":{"start":{"line":351,"column":16},"end":{"line":354,"column":20}},"83":{"start":{"line":352,"column":20},"end":{"line":351,"column":16}},"84":{"start":{"line":354,"column":20},"end":{"line":null,"column":-1}},"85":{"start":{"line":356,"column":16},"end":{"line":null,"column":-1}},"86":{"start":{"line":370,"column":11},"end":{"line":686,"column":5}},"87":{"start":{"line":371,"column":30},"end":{"line":371,"column":8}},"88":{"start":{"line":372,"column":35},"end":{"line":372,"column":8}},"89":{"start":{"line":374,"column":8},"end":{"line":370,"column":55}},"90":{"start":{"line":378,"column":40},"end":{"line":378,"column":12}},"91":{"start":{"line":380,"column":12},"end":{"line":null,"column":-1}},"92":{"start":{"line":381,"column":16},"end":{"line":null,"column":-1}},"93":{"start":{"line":384,"column":12},"end":{"line":null,"column":-1}},"94":{"start":{"line":391,"column":12},"end":{"line":395,"column":13}},"95":{"start":{"line":392,"column":16},"end":{"line":null,"column":-1}},"96":{"start":{"line":394,"column":16},"end":{"line":null,"column":-1}},"97":{"start":{"line":396,"column":12},"end":{"line":null,"column":-1}},"98":{"start":{"line":405,"column":11},"end":{"line":686,"column":5}},"99":{"start":{"line":408,"column":23},"end":{"line":408,"column":8}},"100":{"start":{"line":409,"column":8},"end":{"line":412,"column":9}},"101":{"start":{"line":410,"column":8},"end":{"line":null,"column":-1}},"102":{"start":{"line":411,"column":12},"end":{"line":null,"column":-1}},"103":{"start":{"line":414,"column":8},"end":{"line":405,"column":49}},"104":{"start":{"line":421,"column":40},"end":{"line":421,"column":12}},"105":{"start":{"line":423,"column":12},"end":{"line":null,"column":-1}},"106":{"start":{"line":424,"column":16},"end":{"line":null,"column":-1}},"107":{"start":{"line":427,"column":12},"end":{"line":null,"column":-1}},"108":{"start":{"line":428,"column":16},"end":{"line":430,"column":17}},"109":{"start":{"line":429,"column":20},"end":{"line":null,"column":-1}},"110":{"start":{"line":433,"column":12},"end":{"line":436,"column":16}},"111":{"start":{"line":434,"column":16},"end":{"line":433,"column":12}},"112":{"start":{"line":436,"column":16},"end":{"line":null,"column":-1}},"113":{"start":{"line":438,"column":12},"end":{"line":null,"column":-1}},"114":{"start":{"line":448,"column":11},"end":{"line":686,"column":5}},"115":{"start":{"line":451,"column":23},"end":{"line":451,"column":8}},"116":{"start":{"line":452,"column":8},"end":{"line":455,"column":9}},"117":{"start":{"line":453,"column":12},"end":{"line":null,"column":-1}},"118":{"start":{"line":454,"column":16},"end":{"line":null,"column":-1}},"119":{"start":{"line":457,"column":8},"end":{"line":448,"column":50}},"120":{"start":{"line":465,"column":40},"end":{"line":465,"column":12}},"121":{"start":{"line":467,"column":12},"end":{"line":null,"column":-1}},"122":{"start":{"line":468,"column":16},"end":{"line":null,"column":-1}},"123":{"start":{"line":471,"column":34},"end":{"line":471,"column":12}},"124":{"start":{"line":473,"column":12},"end":{"line":null,"column":-1}},"125":{"start":{"line":474,"column":16},"end":{"line":480,"column":17}},"126":{"start":{"line":475,"column":20},"end":{"line":479,"column":21}},"127":{"start":{"line":476,"column":24},"end":{"line":null,"column":-1}},"128":{"start":{"line":478,"column":24},"end":{"line":null,"column":-1}},"129":{"start":{"line":483,"column":12},"end":{"line":486,"column":16}},"130":{"start":{"line":484,"column":16},"end":{"line":483,"column":12}},"131":{"start":{"line":486,"column":16},"end":{"line":null,"column":-1}},"132":{"start":{"line":488,"column":12},"end":{"line":null,"column":-1}},"133":{"start":{"line":498,"column":11},"end":{"line":686,"column":5}},"134":{"start":{"line":499,"column":8},"end":{"line":498,"column":50}},"135":{"start":{"line":504,"column":23},"end":{"line":504,"column":8}},"136":{"start":{"line":505,"column":8},"end":{"line":508,"column":9}},"137":{"start":{"line":506,"column":12},"end":{"line":null,"column":-1}},"138":{"start":{"line":507,"column":16},"end":{"line":null,"column":-1}},"139":{"start":{"line":510,"column":8},"end":{"line":498,"column":50}},"140":{"start":{"line":519,"column":40},"end":{"line":519,"column":12}},"141":{"start":{"line":521,"column":12},"end":{"line":null,"column":-1}},"142":{"start":{"line":522,"column":16},"end":{"line":null,"column":-1}},"143":{"start":{"line":525,"column":34},"end":{"line":525,"column":12}},"144":{"start":{"line":527,"column":12},"end":{"line":null,"column":-1}},"145":{"start":{"line":529,"column":16},"end":{"line":545,"column":17}},"146":{"start":{"line":532,"column":20},"end":{"line":544,"column":21}},"147":{"start":{"line":533,"column":24},"end":{"line":532,"column":51}},"148":{"start":{"line":536,"column":24},"end":{"line":null,"column":-1}},"149":{"start":{"line":538,"column":28},"end":{"line":539,"column":36}},"150":{"start":{"line":539,"column":36},"end":{"line":null,"column":-1}},"151":{"start":{"line":543,"column":24},"end":{"line":null,"column":-1}},"152":{"start":{"line":548,"column":12},"end":{"line":551,"column":16}},"153":{"start":{"line":549,"column":16},"end":{"line":548,"column":12}},"154":{"start":{"line":551,"column":16},"end":{"line":null,"column":-1}},"155":{"start":{"line":553,"column":12},"end":{"line":null,"column":-1}},"156":{"start":{"line":563,"column":11},"end":{"line":686,"column":5}},"157":{"start":{"line":564,"column":4},"end":{"line":563,"column":55}},"158":{"start":{"line":572,"column":11},"end":{"line":686,"column":5}},"159":{"start":{"line":573,"column":8},"end":{"line":572,"column":58}},"160":{"start":{"line":580,"column":11},"end":{"line":686,"column":5}},"161":{"start":{"line":581,"column":8},"end":{"line":580,"column":53}},"162":{"start":{"line":588,"column":11},"end":{"line":686,"column":5}},"163":{"start":{"line":589,"column":4},"end":{"line":588,"column":60}},"164":{"start":{"line":596,"column":11},"end":{"line":686,"column":5}},"165":{"start":{"line":597,"column":8},"end":{"line":596,"column":58}},"166":{"start":{"line":603,"column":11},"end":{"line":686,"column":5}},"167":{"start":{"line":605,"column":8},"end":{"line":603,"column":59}},"168":{"start":{"line":611,"column":12},"end":{"line":605,"column":35}},"169":{"start":{"line":612,"column":16},"end":{"line":611,"column":55}},"170":{"start":{"line":618,"column":16},"end":{"line":null,"column":-1}},"171":{"start":{"line":622,"column":40},"end":{"line":622,"column":12}},"172":{"start":{"line":624,"column":12},"end":{"line":null,"column":-1}},"173":{"start":{"line":625,"column":16},"end":{"line":null,"column":-1}},"174":{"start":{"line":628,"column":12},"end":{"line":605,"column":35}},"175":{"start":{"line":631,"column":33},"end":{"line":631,"column":12}},"176":{"start":{"line":637,"column":12},"end":{"line":null,"column":-1}},"177":{"start":{"line":646,"column":11},"end":{"line":686,"column":5}},"178":{"start":{"line":647,"column":8},"end":{"line":null,"column":-1}},"179":{"start":{"line":649,"column":8},"end":{"line":null,"column":-1}},"180":{"start":{"line":655,"column":12},"end":{"line":649,"column":35}},"181":{"start":{"line":656,"column":16},"end":{"line":655,"column":56}},"182":{"start":{"line":662,"column":16},"end":{"line":null,"column":-1}},"183":{"start":{"line":666,"column":40},"end":{"line":666,"column":12}},"184":{"start":{"line":668,"column":12},"end":{"line":null,"column":-1}},"185":{"start":{"line":669,"column":16},"end":{"line":null,"column":-1}},"186":{"start":{"line":672,"column":12},"end":{"line":649,"column":35}},"187":{"start":{"line":675,"column":33},"end":{"line":675,"column":12}},"188":{"start":{"line":681,"column":12},"end":{"line":null,"column":-1}},"189":{"start":{"line":11,"column":4},"end":{"line":null,"column":-1}},"190":{"start":{"line":691,"column":8},"end":{"line":null,"column":-1}}},"fnMap":{"0":{"name":"(anonymous_0)","decl":{"start":{"line":9,"column":0},"end":{"line":9,"column":10}},"loc":{"start":{"line":9,"column":14},"end":{"line":8,"column":37}}},"1":{"name":"(anonymous_1)","decl":{"start":{"line":69,"column":16},"end":{"line":69,"column":20}},"loc":{"start":{"line":69,"column":25},"end":{"line":9,"column":14}}},"2":{"name":"(anonymous_2)","decl":{"start":{"line":97,"column":15},"end":{"line":97,"column":19}},"loc":{"start":{"line":97,"column":24},"end":{"line":9,"column":14}}},"3":{"name":"(anonymous_3)","decl":{"start":{"line":114,"column":30},"end":{"line":114,"column":36}},"loc":{"start":{"line":114,"column":41},"end":{"line":114,"column":8}}},"4":{"name":"(anonymous_4)","decl":{"start":{"line":133,"column":26},"end":{"line":133,"column":34}},"loc":{"start":{"line":133,"column":39},"end":{"line":133,"column":12}}},"5":{"name":"(anonymous_5)","decl":{"start":{"line":137,"column":67},"end":{"line":137,"column":73}},"loc":{"start":{"line":137,"column":78},"end":{"line":137,"column":16}}},"6":{"name":"(anonymous_6)","decl":{"start":{"line":324,"column":30},"end":{"line":324,"column":36}},"loc":{"start":{"line":324,"column":41},"end":{"line":324,"column":8}}},"7":{"name":"(anonymous_7)","decl":{"start":{"line":337,"column":26},"end":{"line":337,"column":34}},"loc":{"start":{"line":337,"column":39},"end":{"line":337,"column":12}}},"8":{"name":"(anonymous_8)","decl":{"start":{"line":345,"column":67},"end":{"line":345,"column":73}},"loc":{"start":{"line":345,"column":78},"end":{"line":345,"column":16}}},"9":{"name":"(anonymous_9)","decl":{"start":{"line":374,"column":22},"end":{"line":374,"column":30}},"loc":{"start":{"line":374,"column":35},"end":{"line":374,"column":8}}},"10":{"name":"(anonymous_10)","decl":{"start":{"line":380,"column":34},"end":{"line":380,"column":40}},"loc":{"start":{"line":380,"column":45},"end":{"line":380,"column":12}}},"11":{"name":"(anonymous_11)","decl":{"start":{"line":414,"column":22},"end":{"line":414,"column":30}},"loc":{"start":{"line":414,"column":35},"end":{"line":414,"column":8}}},"12":{"name":"(anonymous_12)","decl":{"start":{"line":423,"column":63},"end":{"line":423,"column":69}},"loc":{"start":{"line":423,"column":74},"end":{"line":423,"column":12}}},"13":{"name":"(anonymous_13)","decl":{"start":{"line":427,"column":56},"end":{"line":427,"column":62}},"loc":{"start":{"line":427,"column":67},"end":{"line":427,"column":12}}},"14":{"name":"(anonymous_14)","decl":{"start":{"line":457,"column":22},"end":{"line":457,"column":30}},"loc":{"start":{"line":457,"column":35},"end":{"line":457,"column":8}}},"15":{"name":"(anonymous_15)","decl":{"start":{"line":467,"column":63},"end":{"line":467,"column":69}},"loc":{"start":{"line":467,"column":74},"end":{"line":467,"column":12}}},"16":{"name":"(anonymous_16)","decl":{"start":{"line":473,"column":56},"end":{"line":473,"column":62}},"loc":{"start":{"line":473,"column":67},"end":{"line":473,"column":12}}},"17":{"name":"(anonymous_17)","decl":{"start":{"line":510,"column":22},"end":{"line":510,"column":30}},"loc":{"start":{"line":510,"column":35},"end":{"line":510,"column":8}}},"18":{"name":"(anonymous_18)","decl":{"start":{"line":521,"column":63},"end":{"line":521,"column":69}},"loc":{"start":{"line":521,"column":74},"end":{"line":521,"column":12}}},"19":{"name":"(anonymous_19)","decl":{"start":{"line":527,"column":56},"end":{"line":527,"column":62}},"loc":{"start":{"line":527,"column":67},"end":{"line":527,"column":12}}},"20":{"name":"(anonymous_20)","decl":{"start":{"line":536,"column":68},"end":{"line":536,"column":74}},"loc":{"start":{"line":536,"column":79},"end":{"line":536,"column":24}}},"21":{"name":"(anonymous_21)","decl":{"start":{"line":605,"column":22},"end":{"line":605,"column":30}},"loc":{"start":{"line":605,"column":35},"end":{"line":605,"column":8}}},"22":{"name":"(anonymous_22)","decl":{"start":{"line":624,"column":63},"end":{"line":624,"column":69}},"loc":{"start":{"line":624,"column":74},"end":{"line":624,"column":12}}},"23":{"name":"(anonymous_23)","decl":{"start":{"line":649,"column":22},"end":{"line":649,"column":30}},"loc":{"start":{"line":649,"column":35},"end":{"line":649,"column":8}}},"24":{"name":"(anonymous_24)","decl":{"start":{"line":668,"column":63},"end":{"line":668,"column":69}},"loc":{"start":{"line":668,"column":74},"end":{"line":668,"column":12}}},"25":{"name":"(anonymous_25)","decl":{"start":{"line":690,"column":4},"end":{"line":690,"column":9}},"loc":{"start":{"line":690,"column":13},"end":{"line":716,"column":5}}}},"branchMap":{"0":{"loc":{"start":{"line":76,"column":4},"end":{"line":87,"column":5}},"type":"if","locations":[{"start":{"line":76,"column":4},"end":{"line":87,"column":5}},{"start":{"line":76,"column":4},"end":{"line":87,"column":5}}]},"1":{"loc":{"start":{"line":105,"column":4},"end":{"line":686,"column":5}},"type":"if","locations":[{"start":{"line":105,"column":4},"end":{"line":686,"column":5}},{"start":{"line":105,"column":4},"end":{"line":686,"column":5}}]},"2":{"loc":{"start":{"line":105,"column":8},"end":{"line":105,"column":7}},"type":"binary-expr","locations":[{"start":{"line":105,"column":8},"end":{"line":105,"column":7}},{"start":{"line":106,"column":16},"end":{"line":105,"column":8}},{"start":{"line":107,"column":16},"end":{"line":105,"column":8}},{"start":{"line":108,"column":16},"end":{"line":105,"column":4}}]},"3":{"loc":{"start":{"line":115,"column":12},"end":{"line":117,"column":13}},"type":"if","locations":[{"start":{"line":115,"column":12},"end":{"line":117,"column":13}},{"start":{"line":115,"column":12},"end":{"line":117,"column":13}}]},"4":{"loc":{"start":{"line":119,"column":8},"end":{"line":108,"column":40}},"type":"if","locations":[{"start":{"line":119,"column":8},"end":{"line":108,"column":40}},{"start":{"line":119,"column":8},"end":{"line":108,"column":40}}]},"5":{"loc":{"start":{"line":143,"column":16},"end":{"line":146,"column":20}},"type":"if","locations":[{"start":{"line":143,"column":16},"end":{"line":146,"column":20}},{"start":{"line":143,"column":16},"end":{"line":146,"column":20}}]},"6":{"loc":{"start":{"line":163,"column":11},"end":{"line":686,"column":5}},"type":"if","locations":[{"start":{"line":163,"column":11},"end":{"line":686,"column":5}},{"start":{"line":163,"column":11},"end":{"line":686,"column":5}}]},"7":{"loc":{"start":{"line":163,"column":15},"end":{"line":163,"column":62}},"type":"binary-expr","locations":[{"start":{"line":163,"column":15},"end":{"line":163,"column":62}},{"start":{"line":163,"column":63},"end":{"line":163,"column":11}}]},"8":{"loc":{"start":{"line":176,"column":8},"end":{"line":163,"column":110}},"type":"if","locations":[{"start":{"line":176,"column":8},"end":{"line":163,"column":110}},{"start":{"line":176,"column":8},"end":{"line":163,"column":110}}]},"9":{"loc":{"start":{"line":193,"column":11},"end":{"line":686,"column":5}},"type":"if","locations":[{"start":{"line":193,"column":11},"end":{"line":686,"column":5}},{"start":{"line":193,"column":11},"end":{"line":686,"column":5}}]},"10":{"loc":{"start":{"line":210,"column":11},"end":{"line":686,"column":5}},"type":"if","locations":[{"start":{"line":210,"column":11},"end":{"line":686,"column":5}},{"start":{"line":210,"column":11},"end":{"line":686,"column":5}}]},"11":{"loc":{"start":{"line":233,"column":11},"end":{"line":686,"column":5}},"type":"if","locations":[{"start":{"line":233,"column":11},"end":{"line":686,"column":5}},{"start":{"line":233,"column":11},"end":{"line":686,"column":5}}]},"12":{"loc":{"start":{"line":238,"column":4},"end":{"line":233,"column":72}},"type":"if","locations":[{"start":{"line":238,"column":4},"end":{"line":233,"column":72}},{"start":{"line":238,"column":4},"end":{"line":233,"column":72}}]},"13":{"loc":{"start":{"line":251,"column":4},"end":{"line":254,"column":8}},"type":"if","locations":[{"start":{"line":251,"column":4},"end":{"line":254,"column":8}},{"start":{"line":251,"column":4},"end":{"line":254,"column":8}}]},"14":{"loc":{"start":{"line":275,"column":11},"end":{"line":686,"column":5}},"type":"if","locations":[{"start":{"line":275,"column":11},"end":{"line":686,"column":5}},{"start":{"line":275,"column":11},"end":{"line":686,"column":5}}]},"15":{"loc":{"start":{"line":295,"column":11},"end":{"line":686,"column":5}},"type":"if","locations":[{"start":{"line":295,"column":11},"end":{"line":686,"column":5}},{"start":{"line":295,"column":11},"end":{"line":686,"column":5}}]},"16":{"loc":{"start":{"line":315,"column":11},"end":{"line":686,"column":5}},"type":"if","locations":[{"start":{"line":315,"column":11},"end":{"line":686,"column":5}},{"start":{"line":315,"column":11},"end":{"line":686,"column":5}}]},"17":{"loc":{"start":{"line":321,"column":4},"end":{"line":315,"column":55}},"type":"if","locations":[{"start":{"line":321,"column":4},"end":{"line":315,"column":55}},{"start":{"line":321,"column":4},"end":{"line":315,"column":55}}]},"18":{"loc":{"start":{"line":321,"column":8},"end":{"line":321,"column":7}},"type":"binary-expr","locations":[{"start":{"line":321,"column":8},"end":{"line":321,"column":7}},{"start":{"line":321,"column":35},"end":{"line":321,"column":4}}]},"19":{"loc":{"start":{"line":325,"column":12},"end":{"line":327,"column":13}},"type":"if","locations":[{"start":{"line":325,"column":12},"end":{"line":327,"column":13}},{"start":{"line":325,"column":12},"end":{"line":327,"column":13}}]},"20":{"loc":{"start":{"line":329,"column":8},"end":{"line":363,"column":9}},"type":"if","locations":[{"start":{"line":329,"column":8},"end":{"line":363,"column":9}},{"start":{"line":329,"column":8},"end":{"line":363,"column":9}}]},"21":{"loc":{"start":{"line":351,"column":16},"end":{"line":354,"column":20}},"type":"if","locations":[{"start":{"line":351,"column":16},"end":{"line":354,"column":20}},{"start":{"line":351,"column":16},"end":{"line":354,"column":20}}]},"22":{"loc":{"start":{"line":370,"column":11},"end":{"line":686,"column":5}},"type":"if","locations":[{"start":{"line":370,"column":11},"end":{"line":686,"column":5}},{"start":{"line":370,"column":11},"end":{"line":686,"column":5}}]},"23":{"loc":{"start":{"line":391,"column":12},"end":{"line":395,"column":13}},"type":"if","locations":[{"start":{"line":391,"column":12},"end":{"line":395,"column":13}},{"start":{"line":391,"column":12},"end":{"line":395,"column":13}}]},"24":{"loc":{"start":{"line":405,"column":11},"end":{"line":686,"column":5}},"type":"if","locations":[{"start":{"line":405,"column":11},"end":{"line":686,"column":5}},{"start":{"line":405,"column":11},"end":{"line":686,"column":5}}]},"25":{"loc":{"start":{"line":409,"column":8},"end":{"line":412,"column":9}},"type":"if","locations":[{"start":{"line":409,"column":8},"end":{"line":412,"column":9}},{"start":{"line":409,"column":8},"end":{"line":412,"column":9}}]},"26":{"loc":{"start":{"line":409,"column":12},"end":{"line":409,"column":11}},"type":"binary-expr","locations":[{"start":{"line":409,"column":12},"end":{"line":409,"column":11}},{"start":{"line":409,"column":27},"end":{"line":409,"column":8}}]},"27":{"loc":{"start":{"line":428,"column":16},"end":{"line":430,"column":17}},"type":"if","locations":[{"start":{"line":428,"column":16},"end":{"line":430,"column":17}},{"start":{"line":428,"column":16},"end":{"line":430,"column":17}}]},"28":{"loc":{"start":{"line":433,"column":12},"end":{"line":436,"column":16}},"type":"if","locations":[{"start":{"line":433,"column":12},"end":{"line":436,"column":16}},{"start":{"line":433,"column":12},"end":{"line":436,"column":16}}]},"29":{"loc":{"start":{"line":448,"column":11},"end":{"line":686,"column":5}},"type":"if","locations":[{"start":{"line":448,"column":11},"end":{"line":686,"column":5}},{"start":{"line":448,"column":11},"end":{"line":686,"column":5}}]},"30":{"loc":{"start":{"line":452,"column":8},"end":{"line":455,"column":9}},"type":"if","locations":[{"start":{"line":452,"column":8},"end":{"line":455,"column":9}},{"start":{"line":452,"column":8},"end":{"line":455,"column":9}}]},"31":{"loc":{"start":{"line":452,"column":12},"end":{"line":452,"column":11}},"type":"binary-expr","locations":[{"start":{"line":452,"column":12},"end":{"line":452,"column":11}},{"start":{"line":452,"column":27},"end":{"line":452,"column":8}}]},"32":{"loc":{"start":{"line":474,"column":16},"end":{"line":480,"column":17}},"type":"if","locations":[{"start":{"line":474,"column":16},"end":{"line":480,"column":17}},{"start":{"line":474,"column":16},"end":{"line":480,"column":17}}]},"33":{"loc":{"start":{"line":475,"column":20},"end":{"line":479,"column":21}},"type":"if","locations":[{"start":{"line":475,"column":20},"end":{"line":479,"column":21}},{"start":{"line":475,"column":20},"end":{"line":479,"column":21}}]},"34":{"loc":{"start":{"line":483,"column":12},"end":{"line":486,"column":16}},"type":"if","locations":[{"start":{"line":483,"column":12},"end":{"line":486,"column":16}},{"start":{"line":483,"column":12},"end":{"line":486,"column":16}}]},"35":{"loc":{"start":{"line":498,"column":11},"end":{"line":686,"column":5}},"type":"if","locations":[{"start":{"line":498,"column":11},"end":{"line":686,"column":5}},{"start":{"line":498,"column":11},"end":{"line":686,"column":5}}]},"36":{"loc":{"start":{"line":505,"column":8},"end":{"line":508,"column":9}},"type":"if","locations":[{"start":{"line":505,"column":8},"end":{"line":508,"column":9}},{"start":{"line":505,"column":8},"end":{"line":508,"column":9}}]},"37":{"loc":{"start":{"line":505,"column":12},"end":{"line":505,"column":11}},"type":"binary-expr","locations":[{"start":{"line":505,"column":12},"end":{"line":505,"column":11}},{"start":{"line":505,"column":27},"end":{"line":505,"column":8}}]},"38":{"loc":{"start":{"line":529,"column":16},"end":{"line":545,"column":17}},"type":"if","locations":[{"start":{"line":529,"column":16},"end":{"line":545,"column":17}},{"start":{"line":529,"column":16},"end":{"line":545,"column":17}}]},"39":{"loc":{"start":{"line":532,"column":20},"end":{"line":544,"column":21}},"type":"if","locations":[{"start":{"line":532,"column":20},"end":{"line":544,"column":21}},{"start":{"line":532,"column":20},"end":{"line":544,"column":21}}]},"40":{"loc":{"start":{"line":538,"column":28},"end":{"line":539,"column":36}},"type":"if","locations":[{"start":{"line":538,"column":28},"end":{"line":539,"column":36}},{"start":{"line":538,"column":28},"end":{"line":539,"column":36}}]},"41":{"loc":{"start":{"line":548,"column":12},"end":{"line":551,"column":16}},"type":"if","locations":[{"start":{"line":548,"column":12},"end":{"line":551,"column":16}},{"start":{"line":548,"column":12},"end":{"line":551,"column":16}}]},"42":{"loc":{"start":{"line":563,"column":11},"end":{"line":686,"column":5}},"type":"if","locations":[{"start":{"line":563,"column":11},"end":{"line":686,"column":5}},{"start":{"line":563,"column":11},"end":{"line":686,"column":5}}]},"43":{"loc":{"start":{"line":572,"column":11},"end":{"line":686,"column":5}},"type":"if","locations":[{"start":{"line":572,"column":11},"end":{"line":686,"column":5}},{"start":{"line":572,"column":11},"end":{"line":686,"column":5}}]},"44":{"loc":{"start":{"line":580,"column":11},"end":{"line":686,"column":5}},"type":"if","locations":[{"start":{"line":580,"column":11},"end":{"line":686,"column":5}},{"start":{"line":580,"column":11},"end":{"line":686,"column":5}}]},"45":{"loc":{"start":{"line":588,"column":11},"end":{"line":686,"column":5}},"type":"if","locations":[{"start":{"line":588,"column":11},"end":{"line":686,"column":5}},{"start":{"line":588,"column":11},"end":{"line":686,"column":5}}]},"46":{"loc":{"start":{"line":596,"column":11},"end":{"line":686,"column":5}},"type":"if","locations":[{"start":{"line":596,"column":11},"end":{"line":686,"column":5}},{"start":{"line":596,"column":11},"end":{"line":686,"column":5}}]},"47":{"loc":{"start":{"line":603,"column":11},"end":{"line":686,"column":5}},"type":"if","locations":[{"start":{"line":603,"column":11},"end":{"line":686,"column":5}},{"start":{"line":603,"column":11},"end":{"line":686,"column":5}}]},"48":{"loc":{"start":{"line":611,"column":12},"end":{"line":605,"column":35}},"type":"if","locations":[{"start":{"line":611,"column":12},"end":{"line":605,"column":35}},{"start":{"line":611,"column":12},"end":{"line":605,"column":35}}]},"49":{"loc":{"start":{"line":612,"column":102},"end":{"line":612,"column":43}},"type":"cond-expr","locations":[{"start":{"line":612,"column":102},"end":{"line":612,"column":43}},{"start":{"line":612,"column":117},"end":{"line":612,"column":16}}]},"50":{"loc":{"start":{"line":646,"column":11},"end":{"line":686,"column":5}},"type":"if","locations":[{"start":{"line":646,"column":11},"end":{"line":686,"column":5}},{"start":{"line":646,"column":11},"end":{"line":686,"column":5}}]},"51":{"loc":{"start":{"line":655,"column":12},"end":{"line":649,"column":35}},"type":"if","locations":[{"start":{"line":655,"column":12},"end":{"line":649,"column":35}},{"start":{"line":655,"column":12},"end":{"line":649,"column":35}}]},"52":{"loc":{"start":{"line":656,"column":96},"end":{"line":656,"column":40}},"type":"cond-expr","locations":[{"start":{"line":656,"column":96},"end":{"line":656,"column":40}},{"start":{"line":656,"column":111},"end":{"line":656,"column":16}}]}},"s":{"0":0,"1":0,"2":0,"3":0,"4":0,"5":0,"6":0,"7":0,"8":0,"9":0,"10":0,"11":0,"12":0,"13":0,"14":0,"15":0,"16":0,"17":0,"18":0,"19":0,"20":0,"21":0,"22":0,"23":0,"24":0,"25":0,"26":0,"27":0,"28":0,"29":0,"30":0,"31":0,"32":0,"33":0,"34":0,"35":0,"36":0,"37":0,"38":0,"39":0,"40":0,"41":0,"42":0,"43":0,"44":0,"45":0,"46":0,"47":0,"48":0,"49":0,"50":0,"51":0,"52":0,"53":0,"54":0,"55":0,"56":0,"57":0,"58":0,"59":0,"60":0,"61":0,"62":0,"63":0,"64":0,"65":0,"66":0,"67":0,"68":0,"69":0,"70":0,"71":0,"72":0,"73":0,"74":0,"75":0,"76":0,"77":0,"78":0,"79":0,"80":0,"81":0,"82":0,"83":0,"84":0,"85":0,"86":0,"87":0,"88":0,"89":0,"90":0,"91":0,"92":0,"93":0,"94":0,"95":0,"96":0,"97":0,"98":0,"99":0,"100":0,"101":0,"102":0,"103":0,"104":0,"105":0,"106":0,"107":0,"108":0,"109":0,"110":0,"111":0,"112":0,"113":0,"114":0,"115":0,"116":0,"117":0,"118":0,"119":0,"120":0,"121":0,"122":0,"123":0,"124":0,"125":0,"126":0,"127":0,"128":0,"129":0,"130":0,"131":0,"132":0,"133":0,"134":0,"135":0,"136":0,"137":0,"138":0,"139":0,"140":0,"141":0,"142":0,"143":0,"144":0,"145":0,"146":0,"147":0,"148":0,"149":0,"150":0,"151":0,"152":0,"153":0,"154":0,"155":0,"156":0,"157":0,"158":0,"159":0,"160":0,"161":0,"162":0,"163":0,"164":0,"165":0,"166":0,"167":0,"168":0,"169":0,"170":0,"171":0,"172":0,"173":0,"174":0,"175":0,"176":0,"177":0,"178":0,"179":0,"180":0,"181":0,"182":0,"183":0,"184":0,"185":0,"186":0,"187":0,"188":0,"189":0,"190":0},"f":{"0":0,"1":0,"2":0,"3":0,"4":0,"5":0,"6":0,"7":0,"8":0,"9":0,"10":0,"11":0,"12":0,"13":0,"14":0,"15":0,"16":0,"17":0,"18":0,"19":0,"20":0,"21":0,"22":0,"23":0,"24":0,"25":0},"b":{"0":[0,0],"1":[0,0],"2":[0,0,0,0],"3":[0,0],"4":[0,0],"5":[0,0],"6":[0,0],"7":[0,0],"8":[0,0],"9":[0,0],"10":[0,0],"11":[0,0],"12":[0,0],"13":[0,0],"14":[0,0],"15":[0,0],"16":[0,0],"17":[0,0],"18":[0,0],"19":[0,0],"20":[0,0],"21":[0,0],"22":[0,0],"23":[0,0],"24":[0,0],"25":[0,0],"26":[0,0],"27":[0,0],"28":[0,0],"29":[0,0],"30":[0,0],"31":[0,0],"32":[0,0],"33":[0,0],"34":[0,0],"35":[0,0],"36":[0,0],"37":[0,0],"38":[0,0],"39":[0,0],"40":[0,0],"41":[0,0],"42":[0,0],"43":[0,0],"44":[0,0],"45":[0,0],"46":[0,0],"47":[0,0],"48":[0,0],"49":[0,0],"50":[0,0],"51":[0,0],"52":[0,0]}}
,"/home/omar/Documents/evolveu/objects/src/components/Calculator.jsx": {"path":"/home/omar/Documents/evolveu/objects/src/components/Calculator.jsx","statementMap":{"0":{"start":{"line":1,"column":0},"end":{"line":null,"column":-1}},"1":{"start":{"line":2,"column":0},"end":{"line":null,"column":-1}},"2":{"start":{"line":3,"column":0},"end":{"line":null,"column":-1}},"3":{"start":{"line":4,"column":0},"end":{"line":null,"column":-1}},"4":{"start":{"line":8,"column":8},"end":{"line":null,"column":-1}},"5":{"start":{"line":7,"column":18},"end":{"line":null,"column":-1}},"6":{"start":{"line":22,"column":45},"end":{"line":20,"column":29}},"7":{"start":{"line":20,"column":29},"end":{"line":20,"column":28}},"8":{"start":{"line":27,"column":8},"end":{"line":20,"column":29}},"9":{"start":{"line":40,"column":26},"end":{"line":40,"column":8}},"10":{"start":{"line":41,"column":26},"end":{"line":41,"column":8}},"11":{"start":{"line":42,"column":29},"end":{"line":42,"column":8}},"12":{"start":{"line":44,"column":25},"end":{"line":44,"column":8}},"13":{"start":{"line":45,"column":8},"end":{"line":null,"column":-1}},"14":{"start":{"line":47,"column":12},"end":{"line":null,"column":-1}},"15":{"start":{"line":48,"column":12},"end":{"line":null,"column":-1}},"16":{"start":{"line":51,"column":12},"end":{"line":null,"column":-1}},"17":{"start":{"line":52,"column":12},"end":{"line":null,"column":-1}},"18":{"start":{"line":55,"column":12},"end":{"line":null,"column":-1}},"19":{"start":{"line":56,"column":12},"end":{"line":null,"column":-1}},"20":{"start":{"line":59,"column":12},"end":{"line":null,"column":-1}},"21":{"start":{"line":60,"column":12},"end":{"line":null,"column":-1}},"22":{"start":{"line":63,"column":12},"end":{"line":null,"column":-1}},"23":{"start":{"line":64,"column":12},"end":{"line":null,"column":-1}},"24":{"start":{"line":66,"column":8},"end":{"line":null,"column":-1}},"25":{"start":{"line":9,"column":8},"end":{"line":null,"column":-1}},"26":{"start":{"line":70,"column":8},"end":{"line":null,"column":-1}}},"fnMap":{"0":{"name":"(anonymous_0)","decl":{"start":{"line":7,"column":4},"end":{"line":7,"column":14}},"loc":{"start":{"line":7,"column":18},"end":{"line":6,"column":35}}},"1":{"name":"(anonymous_1)","decl":{"start":{"line":20,"column":20},"end":{"line":20,"column":24}},"loc":{"start":{"line":20,"column":29},"end":{"line":7,"column":18}}},"2":{"name":"(anonymous_2)","decl":{"start":{"line":69,"column":4},"end":{"line":69,"column":9}},"loc":{"start":{"line":69,"column":13},"end":{"line":129,"column":5}}}},"branchMap":{"0":{"loc":{"start":{"line":27,"column":30},"end":{"line":27,"column":8}},"type":"cond-expr","locations":[{"start":{"line":27,"column":30},"end":{"line":27,"column":8}},{"start":{"line":27,"column":68},"end":{"line":27,"column":8}}]},"1":{"loc":{"start":{"line":40,"column":49},"end":{"line":40,"column":26}},"type":"cond-expr","locations":[{"start":{"line":40,"column":49},"end":{"line":40,"column":26}},{"start":{"line":40,"column":57},"end":{"line":40,"column":8}}]},"2":{"loc":{"start":{"line":41,"column":49},"end":{"line":41,"column":26}},"type":"cond-expr","locations":[{"start":{"line":41,"column":49},"end":{"line":41,"column":26}},{"start":{"line":41,"column":57},"end":{"line":41,"column":8}}]},"3":{"loc":{"start":{"line":42,"column":55},"end":{"line":42,"column":29}},"type":"cond-expr","locations":[{"start":{"line":42,"column":55},"end":{"line":42,"column":29}},{"start":{"line":42,"column":63},"end":{"line":42,"column":8}}]},"4":{"loc":{"start":{"line":46,"column":12},"end":{"line":48,"column":12}},"type":"switch","locations":[{"start":{"line":46,"column":12},"end":{"line":48,"column":12}},{"start":{"line":50,"column":12},"end":{"line":52,"column":12}},{"start":{"line":54,"column":12},"end":{"line":56,"column":12}},{"start":{"line":58,"column":12},"end":{"line":60,"column":12}},{"start":{"line":62,"column":12},"end":{"line":64,"column":12}}]}},"s":{"0":0,"1":0,"2":0,"3":0,"4":0,"5":0,"6":0,"7":0,"8":0,"9":0,"10":0,"11":0,"12":0,"13":0,"14":0,"15":0,"16":0,"17":0,"18":0,"19":0,"20":0,"21":0,"22":0,"23":0,"24":0,"25":0,"26":0},"f":{"0":0,"1":0,"2":0},"b":{"0":[0,0],"1":[0,0],"2":[0,0],"3":[0,0],"4":[0,0,0,0,0]}}
,"/home/omar/Documents/evolveu/objects/src/components/DataStructures.jsx": {"path":"/home/omar/Documents/evolveu/objects/src/components/DataStructures.jsx","statementMap":{"0":{"start":{"line":1,"column":0},"end":{"line":null,"column":-1}},"1":{"start":{"line":2,"column":0},"end":{"line":null,"column":-1}},"2":{"start":{"line":3,"column":0},"end":{"line":null,"column":-1}},"3":{"start":{"line":4,"column":0},"end":{"line":null,"column":-1}},"4":{"start":{"line":5,"column":0},"end":{"line":null,"column":-1}},"5":{"start":{"line":8,"column":0},"end":{"line":null,"column":-1}},"6":{"start":{"line":11,"column":18},"end":{"line":11,"column":0}},"7":{"start":{"line":27,"column":8},"end":{"line":null,"column":-1}},"8":{"start":{"line":26,"column":18},"end":{"line":null,"column":-1}},"9":{"start":{"line":39,"column":32},"end":{"line":38,"column":29}},"10":{"start":{"line":38,"column":29},"end":{"line":38,"column":28}},"11":{"start":{"line":40,"column":8},"end":{"line":38,"column":29}},"12":{"start":{"line":40,"column":23},"end":{"line":38,"column":29}},"13":{"start":{"line":44,"column":29},"end":{"line":44,"column":8}},"14":{"start":{"line":46,"column":8},"end":{"line":null,"column":-1}},"15":{"start":{"line":28,"column":8},"end":{"line":null,"column":-1}},"16":{"start":{"line":54,"column":49},"end":{"line":53,"column":13}},"17":{"start":{"line":53,"column":13},"end":{"line":53,"column":12}},"18":{"start":{"line":56,"column":8},"end":{"line":null,"column":-1}}},"fnMap":{"0":{"name":"(anonymous_0)","decl":{"start":{"line":26,"column":4},"end":{"line":26,"column":14}},"loc":{"start":{"line":26,"column":18},"end":{"line":16,"column":39}}},"1":{"name":"(anonymous_1)","decl":{"start":{"line":38,"column":20},"end":{"line":38,"column":24}},"loc":{"start":{"line":38,"column":29},"end":{"line":26,"column":18}}},"2":{"name":"(anonymous_2)","decl":{"start":{"line":53,"column":4},"end":{"line":53,"column":9}},"loc":{"start":{"line":53,"column":13},"end":{"line":87,"column":5}}}},"branchMap":{"0":{"loc":{"start":{"line":40,"column":8},"end":{"line":38,"column":29}},"type":"if","locations":[{"start":{"line":40,"column":8},"end":{"line":38,"column":29}},{"start":{"line":40,"column":8},"end":{"line":38,"column":29}}]},"1":{"loc":{"start":{"line":44,"column":56},"end":{"line":44,"column":29}},"type":"cond-expr","locations":[{"start":{"line":44,"column":56},"end":{"line":44,"column":29}},{"start":{"line":44,"column":61},"end":{"line":44,"column":8}}]},"2":{"loc":{"start":{"line":79,"column":21},"end":{"line":79,"column":20}},"type":"binary-expr","locations":[{"start":{"line":79,"column":21},"end":{"line":79,"column":20}},{"start":{"line":79,"column":56},"end":{"line":57,"column":12}}]},"3":{"loc":{"start":{"line":80,"column":21},"end":{"line":80,"column":20}},"type":"binary-expr","locations":[{"start":{"line":80,"column":21},"end":{"line":80,"column":20}},{"start":{"line":80,"column":62},"end":{"line":57,"column":12}}]},"4":{"loc":{"start":{"line":81,"column":21},"end":{"line":81,"column":20}},"type":"binary-expr","locations":[{"start":{"line":81,"column":21},"end":{"line":81,"column":20}},{"start":{"line":81,"column":56},"end":{"line":57,"column":12}}]},"5":{"loc":{"start":{"line":82,"column":21},"end":{"line":82,"column":20}},"type":"binary-expr","locations":[{"start":{"line":82,"column":21},"end":{"line":82,"column":20}},{"start":{"line":82,"column":62},"end":{"line":57,"column":12}}]},"6":{"loc":{"start":{"line":83,"column":21},"end":{"line":83,"column":20}},"type":"binary-expr","locations":[{"start":{"line":83,"column":21},"end":{"line":83,"column":20}},{"start":{"line":83,"column":56},"end":{"line":57,"column":12}}]},"7":{"loc":{"start":{"line":84,"column":21},"end":{"line":84,"column":20}},"type":"binary-expr","locations":[{"start":{"line":84,"column":21},"end":{"line":84,"column":20}},{"start":{"line":84,"column":62},"end":{"line":57,"column":12}}]}},"s":{"0":0,"1":0,"2":0,"3":0,"4":0,"5":0,"6":0,"7":0,"8":0,"9":0,"10":0,"11":0,"12":0,"13":0,"14":0,"15":0,"16":0,"17":0,"18":0},"f":{"0":0,"1":0,"2":0},"b":{"0":[0,0],"1":[0,0],"2":[0,0],"3":[0,0],"4":[0,0],"5":[0,0],"6":[0,0],"7":[0,0]}}
,"/home/omar/Documents/evolveu/objects/src/components/OneAccount.jsx": {"path":"/home/omar/Documents/evolveu/objects/src/components/OneAccount.jsx","statementMap":{"0":{"start":{"line":1,"column":0},"end":{"line":null,"column":-1}},"1":{"start":{"line":2,"column":0},"end":{"line":null,"column":-1}},"2":{"start":{"line":3,"column":0},"end":{"line":null,"column":-1}},"3":{"start":{"line":8,"column":8},"end":{"line":null,"column":-1}},"4":{"start":{"line":7,"column":18},"end":{"line":null,"column":-1}},"5":{"start":{"line":19,"column":32},"end":{"line":18,"column":29}},"6":{"start":{"line":18,"column":29},"end":{"line":18,"column":28}},"7":{"start":{"line":22,"column":8},"end":{"line":22,"column":19}},"8":{"start":{"line":22,"column":19},"end":{"line":null,"column":-1}},"9":{"start":{"line":38,"column":8},"end":{"line":38,"column":35}},"10":{"start":{"line":38,"column":35},"end":{"line":null,"column":-1}},"11":{"start":{"line":40,"column":30},"end":{"line":40,"column":8}},"12":{"start":{"line":42,"column":8},"end":{"line":null,"column":-1}},"13":{"start":{"line":44,"column":16},"end":{"line":null,"column":-1}},"14":{"start":{"line":45,"column":40},"end":{"line":45,"column":20}},"15":{"start":{"line":46,"column":20},"end":{"line":null,"column":-1}},"16":{"start":{"line":51,"column":16},"end":{"line":null,"column":-1}},"17":{"start":{"line":54,"column":16},"end":{"line":null,"column":-1}},"18":{"start":{"line":55,"column":40},"end":{"line":55,"column":20}},"19":{"start":{"line":56,"column":20},"end":{"line":null,"column":-1}},"20":{"start":{"line":61,"column":16},"end":{"line":null,"column":-1}},"21":{"start":{"line":64,"column":16},"end":{"line":null,"column":-1}},"22":{"start":{"line":9,"column":8},"end":{"line":null,"column":-1}},"23":{"start":{"line":71,"column":8},"end":{"line":null,"column":-1}}},"fnMap":{"0":{"name":"(anonymous_0)","decl":{"start":{"line":7,"column":4},"end":{"line":7,"column":14}},"loc":{"start":{"line":7,"column":18},"end":{"line":6,"column":35}}},"1":{"name":"(anonymous_1)","decl":{"start":{"line":18,"column":20},"end":{"line":18,"column":24}},"loc":{"start":{"line":18,"column":29},"end":{"line":7,"column":18}}},"2":{"name":"(anonymous_2)","decl":{"start":{"line":35,"column":19},"end":{"line":35,"column":23}},"loc":{"start":{"line":35,"column":28},"end":{"line":7,"column":18}}},"3":{"name":"(anonymous_3)","decl":{"start":{"line":44,"column":30},"end":{"line":44,"column":38}},"loc":{"start":{"line":44,"column":43},"end":{"line":44,"column":16}}},"4":{"name":"(anonymous_4)","decl":{"start":{"line":54,"column":30},"end":{"line":54,"column":38}},"loc":{"start":{"line":54,"column":43},"end":{"line":54,"column":16}}},"5":{"name":"(anonymous_5)","decl":{"start":{"line":68,"column":4},"end":{"line":68,"column":9}},"loc":{"start":{"line":68,"column":13},"end":{"line":95,"column":5}}}},"branchMap":{"0":{"loc":{"start":{"line":22,"column":8},"end":{"line":22,"column":19}},"type":"if","locations":[{"start":{"line":22,"column":8},"end":{"line":22,"column":19}},{"start":{"line":22,"column":8},"end":{"line":22,"column":19}}]},"1":{"loc":{"start":{"line":38,"column":8},"end":{"line":38,"column":35}},"type":"if","locations":[{"start":{"line":38,"column":8},"end":{"line":38,"column":35}},{"start":{"line":38,"column":8},"end":{"line":38,"column":35}}]},"2":{"loc":{"start":{"line":43,"column":12},"end":{"line":51,"column":16}},"type":"switch","locations":[{"start":{"line":43,"column":12},"end":{"line":51,"column":16}},{"start":{"line":53,"column":12},"end":{"line":61,"column":16}},{"start":{"line":63,"column":12},"end":{"line":64,"column":16}}]}},"s":{"0":0,"1":0,"2":0,"3":0,"4":0,"5":0,"6":0,"7":0,"8":0,"9":0,"10":0,"11":0,"12":0,"13":0,"14":0,"15":0,"16":0,"17":0,"18":0,"19":0,"20":0,"21":0,"22":0,"23":0},"f":{"0":0,"1":0,"2":0,"3":0,"4":0,"5":0},"b":{"0":[0,0],"1":[0,0],"2":[0,0,0]}}
,"/home/omar/Documents/evolveu/objects/src/components/ReactGreeter.jsx": {"path":"/home/omar/Documents/evolveu/objects/src/components/ReactGreeter.jsx","statementMap":{"0":{"start":{"line":1,"column":0},"end":{"line":null,"column":-1}},"1":{"start":{"line":2,"column":0},"end":{"line":null,"column":-1}},"2":{"start":{"line":7,"column":8},"end":{"line":null,"column":-1}}},"fnMap":{"0":{"name":"(anonymous_0)","decl":{"start":{"line":6,"column":4},"end":{"line":6,"column":9}},"loc":{"start":{"line":6,"column":13},"end":{"line":23,"column":5}}}},"branchMap":{},"s":{"0":0,"1":0,"2":0},"f":{"0":0},"b":{}}
,"/home/omar/Documents/evolveu/objects/src/components/BankAccounts/AccountsList.jsx": {"path":"/home/omar/Documents/evolveu/objects/src/components/BankAccounts/AccountsList.jsx","statementMap":{"0":{"start":{"line":1,"column":0},"end":{"line":null,"column":-1}},"1":{"start":{"line":2,"column":0},"end":{"line":null,"column":-1}},"2":{"start":{"line":8,"column":28},"end":{"line":8,"column":8}},"3":{"start":{"line":11,"column":29},"end":{"line":11,"column":8}},"4":{"start":{"line":13,"column":8},"end":{"line":44,"column":9}},"5":{"start":{"line":14,"column":12},"end":{"line":null,"column":-1}},"6":{"start":{"line":46,"column":29},"end":{"line":46,"column":8}},"7":{"start":{"line":47,"column":28},"end":{"line":47,"column":12}},"8":{"start":{"line":48,"column":12},"end":{"line":null,"column":-1}},"9":{"start":{"line":101,"column":8},"end":{"line":null,"column":-1}}},"fnMap":{"0":{"name":"(anonymous_0)","decl":{"start":{"line":5,"column":4},"end":{"line":5,"column":9}},"loc":{"start":{"line":5,"column":18},"end":{"line":121,"column":5}}},"1":{"name":"(anonymous_1)","decl":{"start":{"line":46,"column":58},"end":{"line":46,"column":59}},"loc":{"start":{"line":46,"column":75},"end":{"line":46,"column":29}}}},"branchMap":{"0":{"loc":{"start":{"line":8,"column":56},"end":{"line":8,"column":28}},"type":"cond-expr","locations":[{"start":{"line":8,"column":56},"end":{"line":8,"column":28}},{"start":{"line":8,"column":61},"end":{"line":8,"column":8}}]},"1":{"loc":{"start":{"line":13,"column":8},"end":{"line":44,"column":9}},"type":"if","locations":[{"start":{"line":13,"column":8},"end":{"line":44,"column":9}},{"start":{"line":13,"column":8},"end":{"line":44,"column":9}}]},"2":{"loc":{"start":{"line":19,"column":74},"end":{"line":19,"column":32}},"type":"cond-expr","locations":[{"start":{"line":19,"column":74},"end":{"line":19,"column":32}},{"start":{"line":19,"column":85},"end":{"line":17,"column":17}}]},"3":{"loc":{"start":{"line":23,"column":88},"end":{"line":23,"column":31}},"type":"cond-expr","locations":[{"start":{"line":23,"column":88},"end":{"line":23,"column":31}},{"start":{"line":23,"column":108},"end":{"line":22,"column":30}}]},"4":{"loc":{"start":{"line":30,"column":77},"end":{"line":30,"column":36}},"type":"cond-expr","locations":[{"start":{"line":30,"column":77},"end":{"line":30,"column":36}},{"start":{"line":30,"column":88},"end":{"line":28,"column":20}}]},"5":{"loc":{"start":{"line":34,"column":95},"end":{"line":34,"column":35}},"type":"cond-expr","locations":[{"start":{"line":34,"column":95},"end":{"line":34,"column":35}},{"start":{"line":34,"column":116},"end":{"line":33,"column":37}}]},"6":{"loc":{"start":{"line":50,"column":42},"end":{"line":50,"column":32}},"type":"cond-expr","locations":[{"start":{"line":50,"column":42},"end":{"line":50,"column":32}},{"start":{"line":50,"column":53},"end":{"line":48,"column":19}}]},"7":{"loc":{"start":{"line":56,"column":103},"end":{"line":56,"column":61}},"type":"cond-expr","locations":[{"start":{"line":56,"column":103},"end":{"line":56,"column":61}},{"start":{"line":56,"column":123},"end":{"line":56,"column":39}}]},"8":{"loc":{"start":{"line":57,"column":56},"end":{"line":57,"column":31}},"type":"cond-expr","locations":[{"start":{"line":57,"column":56},"end":{"line":57,"column":31}},{"start":{"line":57,"column":90},"end":{"line":52,"column":28}}]},"9":{"loc":{"start":{"line":110,"column":46},"end":{"line":110,"column":18}},"type":"cond-expr","locations":[{"start":{"line":110,"column":46},"end":{"line":110,"column":18}},{"start":{"line":110,"column":59},"end":{"line":109,"column":16}}]}},"s":{"0":0,"1":0,"2":0,"3":0,"4":0,"5":0,"6":0,"7":0,"8":0,"9":0},"f":{"0":0,"1":0},"b":{"0":[0,0],"1":[0,0],"2":[0,0],"3":[0,0],"4":[0,0],"5":[0,0],"6":[0,0],"7":[0,0],"8":[0,0],"9":[0,0]}}
,"/home/omar/Documents/evolveu/objects/src/components/BankAccounts/Body.jsx": {"path":"/home/omar/Documents/evolveu/objects/src/components/BankAccounts/Body.jsx","statementMap":{"0":{"start":{"line":1,"column":0},"end":{"line":null,"column":-1}},"1":{"start":{"line":2,"column":0},"end":{"line":null,"column":-1}},"2":{"start":{"line":3,"column":0},"end":{"line":null,"column":-1}},"3":{"start":{"line":4,"column":0},"end":{"line":null,"column":-1}},"4":{"start":{"line":5,"column":0},"end":{"line":null,"column":-1}},"5":{"start":{"line":6,"column":0},"end":{"line":null,"column":-1}},"6":{"start":{"line":7,"column":0},"end":{"line":null,"column":-1}},"7":{"start":{"line":15,"column":29},"end":{"line":15,"column":8}},"8":{"start":{"line":17,"column":8},"end":{"line":null,"column":-1}}},"fnMap":{"0":{"name":"(anonymous_0)","decl":{"start":{"line":11,"column":4},"end":{"line":11,"column":9}},"loc":{"start":{"line":11,"column":18},"end":{"line":73,"column":5}}}},"branchMap":{"0":{"loc":{"start":{"line":15,"column":98},"end":{"line":15,"column":28}},"type":"cond-expr","locations":[{"start":{"line":15,"column":98},"end":{"line":15,"column":28}},{"start":{"line":15,"column":121},"end":{"line":15,"column":8}}]},"1":{"loc":{"start":{"line":15,"column":29},"end":{"line":15,"column":28}},"type":"binary-expr","locations":[{"start":{"line":15,"column":29},"end":{"line":15,"column":28}},{"start":{"line":15,"column":65},"end":{"line":15,"column":28}}]},"2":{"loc":{"start":{"line":26,"column":21},"end":{"line":26,"column":20}},"type":"binary-expr","locations":[{"start":{"line":26,"column":21},"end":{"line":26,"column":20}},{"start":{"line":27,"column":24},"end":{"line":19,"column":16}}]},"3":{"loc":{"start":{"line":34,"column":21},"end":{"line":34,"column":20}},"type":"binary-expr","locations":[{"start":{"line":34,"column":21},"end":{"line":34,"column":20}},{"start":{"line":35,"column":24},"end":{"line":19,"column":16}}]},"4":{"loc":{"start":{"line":43,"column":21},"end":{"line":43,"column":20}},"type":"binary-expr","locations":[{"start":{"line":43,"column":21},"end":{"line":43,"column":20}},{"start":{"line":44,"column":24},"end":{"line":19,"column":16}}]},"5":{"loc":{"start":{"line":54,"column":21},"end":{"line":54,"column":20}},"type":"binary-expr","locations":[{"start":{"line":54,"column":21},"end":{"line":54,"column":20}},{"start":{"line":55,"column":24},"end":{"line":19,"column":16}}]},"6":{"loc":{"start":{"line":63,"column":21},"end":{"line":63,"column":20}},"type":"binary-expr","locations":[{"start":{"line":63,"column":21},"end":{"line":63,"column":20}},{"start":{"line":64,"column":24},"end":{"line":19,"column":16}}]}},"s":{"0":0,"1":0,"2":0,"3":0,"4":0,"5":0,"6":0,"7":0,"8":0},"f":{"0":0},"b":{"0":[0,0],"1":[0,0],"2":[0,0],"3":[0,0],"4":[0,0],"5":[0,0],"6":[0,0]}}
,"/home/omar/Documents/evolveu/objects/src/components/BankAccounts/DeleteAccount.jsx": {"path":"/home/omar/Documents/evolveu/objects/src/components/BankAccounts/DeleteAccount.jsx","statementMap":{"0":{"start":{"line":1,"column":0},"end":{"line":null,"column":-1}},"1":{"start":{"line":2,"column":0},"end":{"line":null,"column":-1}},"2":{"start":{"line":13,"column":22},"end":{"line":13,"column":4}},"3":{"start":{"line":16,"column":4},"end":{"line":27,"column":5}},"4":{"start":{"line":17,"column":8},"end":{"line":16,"column":42}},"5":{"start":{"line":22,"column":8},"end":{"line":null,"column":-1}},"6":{"start":{"line":23,"column":12},"end":{"line":25,"column":13}},"7":{"start":{"line":24,"column":16},"end":{"line":null,"column":-1}},"8":{"start":{"line":29,"column":4},"end":{"line":null,"column":-1}}},"fnMap":{"0":{"name":"(anonymous_0)","decl":{"start":{"line":5,"column":4},"end":{"line":5,"column":9}},"loc":{"start":{"line":5,"column":18},"end":{"line":50,"column":3}}},"1":{"name":"(anonymous_1)","decl":{"start":{"line":22,"column":42},"end":{"line":22,"column":40}},"loc":{"start":{"line":22,"column":54},"end":{"line":22,"column":8}}}},"branchMap":{"0":{"loc":{"start":{"line":16,"column":4},"end":{"line":27,"column":5}},"type":"if","locations":[{"start":{"line":16,"column":4},"end":{"line":27,"column":5}},{"start":{"line":16,"column":4},"end":{"line":27,"column":5}}]},"1":{"loc":{"start":{"line":23,"column":12},"end":{"line":25,"column":13}},"type":"if","locations":[{"start":{"line":23,"column":12},"end":{"line":25,"column":13}},{"start":{"line":23,"column":12},"end":{"line":25,"column":13}}]}},"s":{"0":0,"1":0,"2":0,"3":0,"4":0,"5":0,"6":0,"7":0,"8":0},"f":{"0":0,"1":0},"b":{"0":[0,0],"1":[0,0]}}
,"/home/omar/Documents/evolveu/objects/src/components/BankAccounts/DepositWithdraw.jsx": {"path":"/home/omar/Documents/evolveu/objects/src/components/BankAccounts/DepositWithdraw.jsx","statementMap":{"0":{"start":{"line":1,"column":0},"end":{"line":null,"column":-1}},"1":{"start":{"line":2,"column":0},"end":{"line":null,"column":-1}},"2":{"start":{"line":7,"column":22},"end":{"line":7,"column":4}},"3":{"start":{"line":8,"column":25},"end":{"line":8,"column":4}},"4":{"start":{"line":12,"column":4},"end":{"line":24,"column":5}},"5":{"start":{"line":13,"column":8},"end":{"line":12,"column":42}},"6":{"start":{"line":18,"column":8},"end":{"line":null,"column":-1}},"7":{"start":{"line":19,"column":12},"end":{"line":22,"column":13}},"8":{"start":{"line":20,"column":16},"end":{"line":null,"column":-1}},"9":{"start":{"line":21,"column":16},"end":{"line":null,"column":-1}},"10":{"start":{"line":26,"column":4},"end":{"line":null,"column":-1}}},"fnMap":{"0":{"name":"(anonymous_0)","decl":{"start":{"line":5,"column":4},"end":{"line":5,"column":9}},"loc":{"start":{"line":5,"column":18},"end":{"line":61,"column":3}}},"1":{"name":"(anonymous_1)","decl":{"start":{"line":18,"column":42},"end":{"line":18,"column":40}},"loc":{"start":{"line":18,"column":54},"end":{"line":18,"column":8}}}},"branchMap":{"0":{"loc":{"start":{"line":12,"column":4},"end":{"line":24,"column":5}},"type":"if","locations":[{"start":{"line":12,"column":4},"end":{"line":24,"column":5}},{"start":{"line":12,"column":4},"end":{"line":24,"column":5}}]},"1":{"loc":{"start":{"line":19,"column":12},"end":{"line":22,"column":13}},"type":"if","locations":[{"start":{"line":19,"column":12},"end":{"line":22,"column":13}},{"start":{"line":19,"column":12},"end":{"line":22,"column":13}}]}},"s":{"0":0,"1":0,"2":0,"3":0,"4":0,"5":0,"6":0,"7":0,"8":0,"9":0,"10":0},"f":{"0":0,"1":0},"b":{"0":[0,0],"1":[0,0]}}
,"/home/omar/Documents/evolveu/objects/src/components/BankAccounts/Header.jsx": {"path":"/home/omar/Documents/evolveu/objects/src/components/BankAccounts/Header.jsx","statementMap":{"0":{"start":{"line":1,"column":0},"end":{"line":null,"column":-1}},"1":{"start":{"line":6,"column":22},"end":{"line":6,"column":4}},"2":{"start":{"line":7,"column":25},"end":{"line":7,"column":4}},"3":{"start":{"line":11,"column":4},"end":{"line":23,"column":5}},"4":{"start":{"line":12,"column":8},"end":{"line":11,"column":42}},"5":{"start":{"line":17,"column":8},"end":{"line":null,"column":-1}},"6":{"start":{"line":18,"column":12},"end":{"line":21,"column":13}},"7":{"start":{"line":19,"column":16},"end":{"line":null,"column":-1}},"8":{"start":{"line":20,"column":16},"end":{"line":null,"column":-1}},"9":{"start":{"line":25,"column":23},"end":{"line":25,"column":4}},"10":{"start":{"line":26,"column":4},"end":{"line":33,"column":5}},"11":{"start":{"line":27,"column":8},"end":{"line":null,"column":-1}},"12":{"start":{"line":35,"column":4},"end":{"line":null,"column":-1}}},"fnMap":{"0":{"name":"(anonymous_0)","decl":{"start":{"line":4,"column":2},"end":{"line":4,"column":7}},"loc":{"start":{"line":4,"column":16},"end":{"line":47,"column":3}}},"1":{"name":"(anonymous_1)","decl":{"start":{"line":17,"column":42},"end":{"line":17,"column":40}},"loc":{"start":{"line":17,"column":54},"end":{"line":17,"column":8}}}},"branchMap":{"0":{"loc":{"start":{"line":11,"column":4},"end":{"line":23,"column":5}},"type":"if","locations":[{"start":{"line":11,"column":4},"end":{"line":23,"column":5}},{"start":{"line":11,"column":4},"end":{"line":23,"column":5}}]},"1":{"loc":{"start":{"line":18,"column":12},"end":{"line":21,"column":13}},"type":"if","locations":[{"start":{"line":18,"column":12},"end":{"line":21,"column":13}},{"start":{"line":18,"column":12},"end":{"line":21,"column":13}}]},"2":{"loc":{"start":{"line":26,"column":4},"end":{"line":33,"column":5}},"type":"if","locations":[{"start":{"line":26,"column":4},"end":{"line":33,"column":5}},{"start":{"line":26,"column":4},"end":{"line":33,"column":5}}]},"3":{"loc":{"start":{"line":41,"column":43},"end":{"line":41,"column":18}},"type":"cond-expr","locations":[{"start":{"line":41,"column":43},"end":{"line":41,"column":18}},{"start":{"line":41,"column":65},"end":{"line":38,"column":12}}]}},"s":{"0":0,"1":0,"2":0,"3":0,"4":0,"5":0,"6":0,"7":0,"8":0,"9":0,"10":0,"11":0,"12":0},"f":{"0":0,"1":0},"b":{"0":[0,0],"1":[0,0],"2":[0,0],"3":[0,0]}}
,"/home/omar/Documents/evolveu/objects/src/components/BankAccounts/NewAccount.jsx": {"path":"/home/omar/Documents/evolveu/objects/src/components/BankAccounts/NewAccount.jsx","statementMap":{"0":{"start":{"line":1,"column":0},"end":{"line":null,"column":-1}},"1":{"start":{"line":2,"column":0},"end":{"line":null,"column":-1}},"2":{"start":{"line":7,"column":8},"end":{"line":null,"column":-1}}},"fnMap":{"0":{"name":"(anonymous_0)","decl":{"start":{"line":5,"column":4},"end":{"line":5,"column":9}},"loc":{"start":{"line":5,"column":18},"end":{"line":49,"column":5}}}},"branchMap":{},"s":{"0":0,"1":0,"2":0},"f":{"0":0},"b":{}}
,"/home/omar/Documents/evolveu/objects/src/components/BankAccounts/RenameAccount.jsx": {"path":"/home/omar/Documents/evolveu/objects/src/components/BankAccounts/RenameAccount.jsx","statementMap":{"0":{"start":{"line":1,"column":0},"end":{"line":null,"column":-1}},"1":{"start":{"line":2,"column":0},"end":{"line":null,"column":-1}},"2":{"start":{"line":13,"column":22},"end":{"line":13,"column":4}},"3":{"start":{"line":16,"column":4},"end":{"line":26,"column":5}},"4":{"start":{"line":17,"column":8},"end":{"line":16,"column":42}},"5":{"start":{"line":21,"column":8},"end":{"line":null,"column":-1}},"6":{"start":{"line":22,"column":12},"end":{"line":24,"column":13}},"7":{"start":{"line":23,"column":16},"end":{"line":null,"column":-1}},"8":{"start":{"line":28,"column":4},"end":{"line":null,"column":-1}}},"fnMap":{"0":{"name":"(anonymous_0)","decl":{"start":{"line":5,"column":4},"end":{"line":5,"column":9}},"loc":{"start":{"line":5,"column":18},"end":{"line":55,"column":3}}},"1":{"name":"(anonymous_1)","decl":{"start":{"line":21,"column":42},"end":{"line":21,"column":40}},"loc":{"start":{"line":21,"column":54},"end":{"line":21,"column":8}}}},"branchMap":{"0":{"loc":{"start":{"line":16,"column":4},"end":{"line":26,"column":5}},"type":"if","locations":[{"start":{"line":16,"column":4},"end":{"line":26,"column":5}},{"start":{"line":16,"column":4},"end":{"line":26,"column":5}}]},"1":{"loc":{"start":{"line":22,"column":12},"end":{"line":24,"column":13}},"type":"if","locations":[{"start":{"line":22,"column":12},"end":{"line":24,"column":13}},{"start":{"line":22,"column":12},"end":{"line":24,"column":13}}]}},"s":{"0":0,"1":0,"2":0,"3":0,"4":0,"5":0,"6":0,"7":0,"8":0},"f":{"0":0,"1":0},"b":{"0":[0,0],"1":[0,0]}}
,"/home/omar/Documents/evolveu/objects/src/components/BankAccounts/Transfer.jsx": {"path":"/home/omar/Documents/evolveu/objects/src/components/BankAccounts/Transfer.jsx","statementMap":{"0":{"start":{"line":1,"column":0},"end":{"line":null,"column":-1}},"1":{"start":{"line":2,"column":0},"end":{"line":null,"column":-1}},"2":{"start":{"line":10,"column":29},"end":{"line":10,"column":4}},"3":{"start":{"line":11,"column":8},"end":{"line":null,"column":-1}},"4":{"start":{"line":22,"column":27},"end":{"line":22,"column":4}},"5":{"start":{"line":23,"column":8},"end":{"line":30,"column":15}},"6":{"start":{"line":24,"column":12},"end":{"line":null,"column":-1}},"7":{"start":{"line":30,"column":15},"end":{"line":null,"column":-1}},"8":{"start":{"line":33,"column":4},"end":{"line":null,"column":-1}}},"fnMap":{"0":{"name":"(anonymous_0)","decl":{"start":{"line":5,"column":4},"end":{"line":5,"column":9}},"loc":{"start":{"line":5,"column":18},"end":{"line":89,"column":3}}},"1":{"name":"(anonymous_1)","decl":{"start":{"line":10,"column":59},"end":{"line":10,"column":57}},"loc":{"start":{"line":10,"column":71},"end":{"line":10,"column":29}}},"2":{"name":"(anonymous_2)","decl":{"start":{"line":22,"column":57},"end":{"line":22,"column":55}},"loc":{"start":{"line":22,"column":69},"end":{"line":22,"column":27}}}},"branchMap":{"0":{"loc":{"start":{"line":23,"column":8},"end":{"line":30,"column":15}},"type":"if","locations":[{"start":{"line":23,"column":8},"end":{"line":30,"column":15}},{"start":{"line":23,"column":8},"end":{"line":30,"column":15}}]},"1":{"loc":{"start":{"line":41,"column":56},"end":{"line":41,"column":15}},"type":"cond-expr","locations":[{"start":{"line":41,"column":56},"end":{"line":41,"column":15}},{"start":{"line":41,"column":106},"end":{"line":40,"column":12}}]}},"s":{"0":0,"1":0,"2":0,"3":0,"4":0,"5":0,"6":0,"7":0,"8":0},"f":{"0":0,"1":0,"2":0},"b":{"0":[0,0],"1":[0,0]}}
[...]
,"/home/omar/Documents/evolveu/objects/src/components/js/MoviesList.js": {"path":"/home/omar/Documents/evolveu/objects/src/components/js/MoviesList.js","statementMap":{"0":{"start":{"line":1,"column":0},"end":{"line":null,"column":-1}},"1":{"start":{"line":6,"column":8},"end":{"line":null,"column":-1}},"2":{"start":{"line":7,"column":8},"end":{"line":null,"column":-1}},"3":{"start":{"line":27,"column":8},"end":{"line":null,"column":-1}},"4":{"start":{"line":27,"column":32},"end":{"line":27,"column":15}},"5":{"start":{"line":28,"column":34},"end":{"line":27,"column":15}}},"fnMap":{"0":{"name":"(anonymous_0)","decl":{"start":{"line":5,"column":4},"end":{"line":5,"column":14}},"loc":{"start":{"line":5,"column":39},"end":{"line":8,"column":5}}},"1":{"name":"(anonymous_1)","decl":{"start":{"line":26,"column":4},"end":{"line":26,"column":13}},"loc":{"start":{"line":26,"column":17},"end":{"line":29,"column":5}}},"2":{"name":"(anonymous_2)","decl":{"start":{"line":27,"column":24},"end":{"line":27,"column":27}},"loc":{"start":{"line":27,"column":32},"end":{"line":27,"column":15}}},"3":{"name":"(anonymous_3)","decl":{"start":{"line":28,"column":20},"end":{"line":28,"column":21}},"loc":{"start":{"line":28,"column":34},"end":{"line":27,"column":15}}}},"branchMap":{"0":{"loc":{"start":{"line":5,"column":24},"end":{"line":5,"column":15}},"type":"default-arg","locations":[{"start":{"line":5,"column":24},"end":{"line":5,"column":15}}]},"1":{"loc":{"start":{"line":5,"column":36},"end":{"line":5,"column":15}},"type":"default-arg","locations":[{"start":{"line":5,"column":36},"end":{"line":5,"column":15}}]}},"s":{"0":0,"1":0,"2":0,"3":0,"4":0,"5":0},"f":{"0":0,"1":0,"2":0,"3":0},"b":{"0":[0],"1":[0]}}
,"/home/omar/Documents/evolveu/objects/src/components/js/Node.js": {"path":"/home/omar/Documents/evolveu/objects/src/components/js/Node.js","statementMap":{"0":{"start":{"line":3,"column":8},"end":{"line":null,"column":-1}},"1":{"start":{"line":4,"column":8},"end":{"line":null,"column":-1}},"2":{"start":{"line":17,"column":8},"end":{"line":null,"column":-1}},"3":{"start":{"line":21,"column":12},"end":{"line":19,"column":12}},"4":{"start":{"line":22,"column":16},"end":{"line":null,"column":-1}},"5":{"start":{"line":23,"column":16},"end":{"line":null,"column":-1}},"6":{"start":{"line":27,"column":29},"end":{"line":27,"column":12}},"7":{"start":{"line":30,"column":29},"end":{"line":30,"column":12}},"8":{"start":{"line":33,"column":12},"end":{"line":19,"column":12}},"9":{"start":{"line":34,"column":16},"end":{"line":null,"column":-1}},"10":{"start":{"line":38,"column":12},"end":{"line":null,"column":-1}},"11":{"start":{"line":39,"column":12},"end":{"line":null,"column":-1}},"12":{"start":{"line":40,"column":12},"end":{"line":null,"column":-1}},"13":{"start":{"line":43,"column":12},"end":{"line":null,"column":-1}}},"fnMap":{"0":{"name":"(anonymous_0)","decl":{"start":{"line":2,"column":4},"end":{"line":2,"column":14}},"loc":{"start":{"line":2,"column":50},"end":{"line":1,"column":11}}},"1":{"name":"(anonymous_1)","decl":{"start":{"line":12,"column":4},"end":{"line":12,"column":7}},"loc":{"start":{"line":12,"column":11},"end":{"line":47,"column":5}}},"2":{"name":"(anonymous_2)","decl":{"start":{"line":33,"column":29},"end":{"line":33,"column":31}},"loc":{"start":{"line":33,"column":36},"end":{"line":33,"column":12}}}},"branchMap":{"0":{"loc":{"start":{"line":2,"column":27},"end":{"line":2,"column":15}},"type":"default-arg","locations":[{"start":{"line":2,"column":27},"end":{"line":2,"column":15}}]},"1":{"loc":{"start":{"line":2,"column":44},"end":{"line":2,"column":15}},"type":"default-arg","locations":[{"start":{"line":2,"column":44},"end":{"line":2,"column":15}}]},"2":{"loc":{"start":{"line":19,"column":12},"end":{"line":40,"column":12}},"type":"switch","locations":[{"start":{"line":19,"column":12},"end":{"line":40,"column":12}},{"start":{"line":42,"column":12},"end":{"line":43,"column":12}}]},"3":{"loc":{"start":{"line":21,"column":12},"end":{"line":19,"column":12}},"type":"if","locations":[{"start":{"line":21,"column":12},"end":{"line":19,"column":12}},{"start":{"line":21,"column":12},"end":{"line":19,"column":12}}]}},"s":{"0":0,"1":0,"2":0,"3":0,"4":0,"5":0,"6":0,"7":0,"8":0,"9":0,"10":0,"11":0,"12":0,"13":0},"f":{"0":0,"1":0,"2":0},"b":{"0":[0],"1":[0],"2":[0,0],"3":[0,0]}}
,"/home/omar/Documents/evolveu/objects/src/components/js/Queue.js": {"path":"/home/omar/Documents/evolveu/objects/src/components/js/Queue.js","statementMap":{"0":{"start":{"line":19,"column":8},"end":{"line":null,"column":-1}},"1":{"start":{"line":24,"column":8},"end":{"line":null,"column":-1}},"2":{"start":{"line":29,"column":8},"end":{"line":null,"column":-1}},"3":{"start":{"line":34,"column":8},"end":{"line":null,"column":-1}}},"fnMap":{"0":{"name":"(anonymous_0)","decl":{"start":{"line":18,"column":4},"end":{"line":18,"column":14}},"loc":{"start":{"line":18,"column":18},"end":{"line":16,"column":12}}},"1":{"name":"(anonymous_1)","decl":{"start":{"line":23,"column":4},"end":{"line":23,"column":6}},"loc":{"start":{"line":23,"column":14},"end":{"line":16,"column":12}}},"2":{"name":"(anonymous_2)","decl":{"start":{"line":28,"column":4},"end":{"line":28,"column":9}},"loc":{"start":{"line":28,"column":13},"end":{"line":16,"column":12}}},"3":{"name":"(anonymous_3)","decl":{"start":{"line":33,"column":4},"end":{"line":33,"column":7}},"loc":{"start":{"line":33,"column":11},"end":{"line":35,"column":5}}}},"branchMap":{},"s":{"0":0,"1":0,"2":0,"3":0},"f":{"0":0,"1":0,"2":0,"3":0},"b":{}}
,"/home/omar/Documents/evolveu/objects/src/components/js/Stack.js": {"path":"/home/omar/Documents/evolveu/objects/src/components/js/Stack.js","statementMap":{"0":{"start":{"line":19,"column":8},"end":{"line":null,"column":-1}},"1":{"start":{"line":24,"column":8},"end":{"line":null,"column":-1}},"2":{"start":{"line":29,"column":8},"end":{"line":null,"column":-1}},"3":{"start":{"line":34,"column":8},"end":{"line":null,"column":-1}}},"fnMap":{"0":{"name":"(anonymous_0)","decl":{"start":{"line":18,"column":4},"end":{"line":18,"column":14}},"loc":{"start":{"line":18,"column":18},"end":{"line":16,"column":12}}},"1":{"name":"(anonymous_1)","decl":{"start":{"line":23,"column":4},"end":{"line":23,"column":6}},"loc":{"start":{"line":23,"column":14},"end":{"line":16,"column":12}}},"2":{"name":"(anonymous_2)","decl":{"start":{"line":28,"column":4},"end":{"line":28,"column":9}},"loc":{"start":{"line":28,"column":13},"end":{"line":16,"column":12}}},"3":{"name":"(anonymous_3)","decl":{"start":{"line":33,"column":4},"end":{"line":33,"column":7}},"loc":{"start":{"line":33,"column":11},"end":{"line":35,"column":5}}}},"branchMap":{},"s":{"0":0,"1":0,"2":0,"3":0},"f":{"0":0,"1":0,"2":0,"3":0},"b":{}}
,"/home/omar/Documents/evolveu/objects/src/components/js/account.js": {"path":"/home/omar/Documents/evolveu/objects/src/components/js/account.js","statementMap":{"0":{"start":{"line":5,"column":46},"end":{"line":null,"column":-1}},"1":{"start":{"line":6,"column":8},"end":{"line":null,"column":-1}},"2":{"start":{"line":7,"column":8},"end":{"line":null,"column":-1}},"3":{"start":{"line":10,"column":17},"end":{"line":null,"column":-1}},"4":{"start":{"line":11,"column":20},"end":{"line":null,"column":-1}},"5":{"start":{"line":13,"column":25},"end":{"line":null,"column":-1}},"6":{"start":{"line":14,"column":27},"end":{"line":null,"column":-1}},"7":{"start":{"line":17,"column":8},"end":{"line":null,"column":-1}},"8":{"start":{"line":18,"column":8},"end":{"line":null,"column":-1}},"9":{"start":{"line":22,"column":8},"end":{"line":null,"column":-1}},"10":{"start":{"line":23,"column":8},"end":{"line":null,"column":-1}}},"fnMap":{"0":{"name":"(anonymous_0)","decl":{"start":{"line":5,"column":4},"end":{"line":5,"column":14}},"loc":{"start":{"line":5,"column":46},"end":{"line":8,"column":5}}},"1":{"name":"(anonymous_1)","decl":{"start":{"line":10,"column":4},"end":{"line":10,"column":7}},"loc":{"start":{"line":10,"column":15},"end":{"line":10,"column":36}}},"2":{"name":"(anonymous_2)","decl":{"start":{"line":11,"column":4},"end":{"line":11,"column":7}},"loc":{"start":{"line":11,"column":18},"end":{"line":11,"column":42}}},"3":{"name":"(anonymous_3)","decl":{"start":{"line":13,"column":4},"end":{"line":13,"column":13}},"loc":{"start":{"line":13,"column":23},"end":{"line":13,"column":61}}},"4":{"name":"(anonymous_4)","decl":{"start":{"line":14,"column":4},"end":{"line":14,"column":10}},"loc":{"start":{"line":14,"column":25},"end":{"line":14,"column":52}}},"5":{"name":"(anonymous_5)","decl":{"start":{"line":16,"column":4},"end":{"line":16,"column":10}},"loc":{"start":{"line":16,"column":20},"end":{"line":19,"column":5}}},"6":{"name":"(anonymous_6)","decl":{"start":{"line":21,"column":4},"end":{"line":21,"column":11}},"loc":{"start":{"line":21,"column":21},"end":{"line":24,"column":5}}}},"branchMap":{},"s":{"0":0,"1":0,"2":0,"3":0,"4":0,"5":0,"6":0,"7":0,"8":0,"9":0,"10":0},"f":{"0":0,"1":0,"2":0,"3":0,"4":0,"5":0,"6":0},"b":{}}
,"/home/omar/Documents/evolveu/objects/src/components/js/accountsController.js": {"path":"/home/omar/Documents/evolveu/objects/src/components/js/accountsController.js","statementMap":{"0":{"start":{"line":6,"column":18},"end":{"line":null,"column":-1}},"1":{"start":{"line":7,"column":8},"end":{"line":null,"column":-1}},"2":{"start":{"line":13,"column":8},"end":{"line":null,"column":-1}},"3":{"start":{"line":17,"column":23},"end":{"line":17,"column":8}},"4":{"start":{"line":18,"column":8},"end":{"line":null,"column":-1}},"5":{"start":{"line":19,"column":12},"end":{"line":21,"column":13}},"6":{"start":{"line":20,"column":16},"end":{"line":null,"column":-1}},"7":{"start":{"line":23,"column":8},"end":{"line":null,"column":-1}},"8":{"start":{"line":27,"column":28},"end":{"line":27,"column":8}},"9":{"start":{"line":28,"column":8},"end":{"line":null,"column":-1}},"10":{"start":{"line":29,"column":12},"end":{"line":31,"column":13}},"11":{"start":{"line":30,"column":16},"end":{"line":null,"column":-1}},"12":{"start":{"line":33,"column":8},"end":{"line":null,"column":-1}},"13":{"start":{"line":37,"column":29},"end":{"line":37,"column":8}},"14":{"start":{"line":38,"column":8},"end":{"line":null,"column":-1}},"15":{"start":{"line":39,"column":12},"end":{"line":41,"column":13}},"16":{"start":{"line":40,"column":16},"end":{"line":null,"column":-1}},"17":{"start":{"line":43,"column":8},"end":{"line":null,"column":-1}},"18":{"start":{"line":47,"column":21},"end":{"line":47,"column":8}},"19":{"start":{"line":48,"column":8},"end":{"line":null,"column":-1}},"20":{"start":{"line":49,"column":12},"end":{"line":null,"column":-1}},"21":{"start":{"line":51,"column":8},"end":{"line":null,"column":-1}},"22":{"start":{"line":55,"column":6},"end":{"line":null,"column":-1}},"23":{"start":{"line":56,"column":8},"end":{"line":58,"column":9}},"24":{"start":{"line":57,"column":10},"end":{"line":null,"column":-1}},"25":{"start":{"line":63,"column":6},"end":{"line":null,"column":-1}},"26":{"start":{"line":72,"column":19},"end":{"line":72,"column":8}},"27":{"start":{"line":74,"column":8},"end":{"line":null,"column":-1}},"28":{"start":{"line":78,"column":12},"end":{"line":null,"column":-1}},"29":{"start":{"line":79,"column":16},"end":{"line":82,"column":20}},"30":{"start":{"line":80,"column":20},"end":{"line":79,"column":16}},"31":{"start":{"line":82,"column":20},"end":{"line":null,"column":-1}},"32":{"start":{"line":84,"column":12},"end":{"line":null,"column":-1}},"33":{"start":{"line":88,"column":12},"end":{"line":null,"column":-1}},"34":{"start":{"line":89,"column":16},"end":{"line":null,"column":-1}},"35":{"start":{"line":90,"column":16},"end":{"line":null,"column":-1}},"36":{"start":{"line":91,"column":16},"end":{"line":100,"column":17}},"37":{"start":{"line":92,"column":20},"end":{"line":92,"column":31}},"38":{"start":{"line":92,"column":31},"end":{"line":null,"column":-1}},"39":{"start":{"line":93,"column":20},"end":{"line":93,"column":31}},"40":{"start":{"line":93,"column":31},"end":{"line":null,"column":-1}},"41":{"start":{"line":94,"column":20},"end":{"line":null,"column":-1}},"42":{"start":{"line":97,"column":20},"end":{"line":97,"column":31}},"43":{"start":{"line":97,"column":31},"end":{"line":null,"column":-1}},"44":{"start":{"line":98,"column":20},"end":{"line":98,"column":31}},"45":{"start":{"line":98,"column":31},"end":{"line":null,"column":-1}},"46":{"start":{"line":99,"column":20},"end":{"line":null,"column":-1}},"47":{"start":{"line":102,"column":12},"end":{"line":null,"column":-1}},"48":{"start":{"line":105,"column":12},"end":{"line":null,"column":-1}}},"fnMap":{"0":{"name":"(anonymous_0)","decl":{"start":{"line":6,"column":4},"end":{"line":6,"column":14}},"loc":{"start":{"line":6,"column":18},"end":{"line":1,"column":25}}},"1":{"name":"(anonymous_1)","decl":{"start":{"line":12,"column":4},"end":{"line":12,"column":13}},"loc":{"start":{"line":12,"column":27},"end":{"line":14,"column":5}}},"2":{"name":"(anonymous_2)","decl":{"start":{"line":16,"column":4},"end":{"line":16,"column":16}},"loc":{"start":{"line":16,"column":31},"end":{"line":24,"column":5}}},"3":{"name":"(anonymous_3)","decl":{"start":{"line":18,"column":37},"end":{"line":18,"column":40}},"loc":{"start":{"line":18,"column":45},"end":{"line":18,"column":8}}},"4":{"name":"(anonymous_4)","decl":{"start":{"line":26,"column":4},"end":{"line":26,"column":19}},"loc":{"start":{"line":26,"column":23},"end":{"line":34,"column":5}}},"5":{"name":"(anonymous_5)","decl":{"start":{"line":28,"column":37},"end":{"line":28,"column":40}},"loc":{"start":{"line":28,"column":45},"end":{"line":28,"column":8}}},"6":{"name":"(anonymous_6)","decl":{"start":{"line":36,"column":4},"end":{"line":36,"column":20}},"loc":{"start":{"line":36,"column":24},"end":{"line":44,"column":5}}},"7":{"name":"(anonymous_7)","decl":{"start":{"line":38,"column":37},"end":{"line":38,"column":40}},"loc":{"start":{"line":38,"column":45},"end":{"line":38,"column":8}}},"8":{"name":"(anonymous_8)","decl":{"start":{"line":46,"column":4},"end":{"line":46,"column":18}},"loc":{"start":{"line":46,"column":22},"end":{"line":52,"column":5}}},"9":{"name":"(anonymous_9)","decl":{"start":{"line":48,"column":37},"end":{"line":48,"column":40}},"loc":{"start":{"line":48,"column":45},"end":{"line":48,"column":8}}},"10":{"name":"(anonymous_10)","decl":{"start":{"line":54,"column":4},"end":{"line":54,"column":16}},"loc":{"start":{"line":54,"column":36},"end":{"line":60,"column":5}}},"11":{"name":"(anonymous_11)","decl":{"start":{"line":55,"column":34},"end":{"line":55,"column":37}},"loc":{"start":{"line":55,"column":42},"end":{"line":55,"column":6}}},"12":{"name":"(anonymous_12)","decl":{"start":{"line":62,"column":4},"end":{"line":62,"column":14}},"loc":{"start":{"line":62,"column":18},"end":{"line":1,"column":25}}},"13":{"name":"(anonymous_13)","decl":{"start":{"line":70,"column":4},"end":{"line":70,"column":15}},"loc":{"start":{"line":70,"column":34},"end":{"line":108,"column":5}}},"14":{"name":"(anonymous_14)","decl":{"start":{"line":78,"column":23},"end":{"line":78,"column":24}},"loc":{"start":{"line":78,"column":33},"end":{"line":78,"column":12}}},"15":{"name":"(anonymous_15)","decl":{"start":{"line":88,"column":23},"end":{"line":88,"column":24}},"loc":{"start":{"line":88,"column":33},"end":{"line":88,"column":12}}}},"branchMap":{"0":{"loc":{"start":{"line":19,"column":12},"end":{"line":21,"column":13}},"type":"if","locations":[{"start":{"line":19,"column":12},"end":{"line":21,"column":13}},{"start":{"line":19,"column":12},"end":{"line":21,"column":13}}]},"1":{"loc":{"start":{"line":29,"column":12},"end":{"line":31,"column":13}},"type":"if","locations":[{"start":{"line":29,"column":12},"end":{"line":31,"column":13}},{"start":{"line":29,"column":12},"end":{"line":31,"column":13}}]},"2":{"loc":{"start":{"line":39,"column":12},"end":{"line":41,"column":13}},"type":"if","locations":[{"start":{"line":39,"column":12},"end":{"line":41,"column":13}},{"start":{"line":39,"column":12},"end":{"line":41,"column":13}}]},"3":{"loc":{"start":{"line":56,"column":8},"end":{"line":58,"column":9}},"type":"if","locations":[{"start":{"line":56,"column":8},"end":{"line":58,"column":9}},{"start":{"line":56,"column":8},"end":{"line":58,"column":9}}]},"4":{"loc":{"start":{"line":77,"column":12},"end":{"line":84,"column":12}},"type":"switch","locations":[{"start":{"line":77,"column":12},"end":{"line":84,"column":12}},{"start":{"line":87,"column":12},"end":{"line":102,"column":12}},{"start":{"line":104,"column":12},"end":{"line":105,"column":12}}]},"5":{"loc":{"start":{"line":79,"column":16},"end":{"line":82,"column":20}},"type":"if","locations":[{"start":{"line":79,"column":16},"end":{"line":82,"column":20}},{"start":{"line":79,"column":16},"end":{"line":82,"column":20}}]},"6":{"loc":{"start":{"line":91,"column":16},"end":{"line":100,"column":17}},"type":"if","locations":[{"start":{"line":91,"column":16},"end":{"line":100,"column":17}},{"start":{"line":91,"column":16},"end":{"line":100,"column":17}}]},"7":{"loc":{"start":{"line":92,"column":20},"end":{"line":92,"column":31}},"type":"if","locations":[{"start":{"line":92,"column":20},"end":{"line":92,"column":31}},{"start":{"line":92,"column":20},"end":{"line":92,"column":31}}]},"8":{"loc":{"start":{"line":93,"column":20},"end":{"line":93,"column":31}},"type":"if","locations":[{"start":{"line":93,"column":20},"end":{"line":93,"column":31}},{"start":{"line":93,"column":20},"end":{"line":93,"column":31}}]},"9":{"loc":{"start":{"line":97,"column":20},"end":{"line":97,"column":31}},"type":"if","locations":[{"start":{"line":97,"column":20},"end":{"line":97,"column":31}},{"start":{"line":97,"column":20},"end":{"line":97,"column":31}}]},"10":{"loc":{"start":{"line":98,"column":20},"end":{"line":98,"column":31}},"type":"if","locations":[{"start":{"line":98,"column":20},"end":{"line":98,"column":31}},{"start":{"line":98,"column":20},"end":{"line":98,"column":31}}]}},"s":{"0":0,"1":0,"2":0,"3":0,"4":0,"5":0,"6":0,"7":0,"8":0,"9":0,"10":0,"11":0,"12":0,"13":0,"14":0,"15":0,"16":0,"17":0,"18":0,"19":0,"20":0,"21":0,"22":0,"23":0,"24":0,"25":0,"26":0,"27":0,"28":0,"29":0,"30":0,"31":0,"32":0,"33":0,"34":0,"35":0,"36":0,"37":0,"38":0,"39":0,"40":0,"41":0,"42":0,"43":0,"44":0,"45":0,"46":0,"47":0,"48":0},"f":{"0":0,"1":0,"2":0,"3":0,"4":0,"5":0,"6":0,"7":0,"8":0,"9":0,"10":0,"11":0,"12":0,"13":0,"14":0,"15":0},"b":{"0":[0,0],"1":[0,0],"2":[0,0],"3":[0,0],"4":[0,0,0],"5":[0,0],"6":[0,0],"7":[0,0],"8":[0,0],"9":[0,0],"10":[0,0]}}
,"/home/omar/Documents/evolveu/objects/src/components/js/math.js": {"path":"/home/omar/Documents/evolveu/objects/src/components/js/math.js","statementMap":{"0":{"start":{"line":2,"column":1},"end":{"line":null,"column":-1}},"1":{"start":{"line":6,"column":1},"end":{"line":null,"column":-1}},"2":{"start":{"line":10,"column":1},"end":{"line":null,"column":-1}},"3":{"start":{"line":14,"column":1},"end":{"line":null,"column":-1}}},"fnMap":{"0":{"name":"sum","decl":{"start":{"line":1,"column":9},"end":{"line":1,"column":0}},"loc":{"start":{"line":1,"column":19},"end":{"line":3,"column":1}}},"1":{"name":"difference","decl":{"start":{"line":5,"column":9},"end":{"line":5,"column":0}},"loc":{"start":{"line":5,"column":26},"end":{"line":7,"column":1}}},"2":{"name":"multiply","decl":{"start":{"line":9,"column":9},"end":{"line":9,"column":0}},"loc":{"start":{"line":9,"column":24},"end":{"line":11,"column":1}}},"3":{"name":"divide","decl":{"start":{"line":13,"column":9},"end":{"line":13,"column":0}},"loc":{"start":{"line":13,"column":22},"end":{"line":15,"column":1}}}},"branchMap":{},"s":{"0":0,"1":0,"2":0,"3":0},"f":{"0":0,"1":0,"2":0,"3":0},"b":{}}
}
