TN:
SF:/home/omar/Documents/evolveu/objects/src/App.js
FN:35,(anonymous_0)
FN:55,(anonymous_1)
FN:60,(anonymous_2)
FNF:3
FNH:2
FNDA:1,(anonymous_0)
FNDA:0,(anonymous_1)
FNDA:1,(anonymous_2)
DA:25,1
DA:36,1
DA:37,1
DA:56,0
DA:62,1
DA:64,1
LF:6
LH:5
BRDA:72,0,0,1
BRDA:72,0,1,0
BRDA:73,1,0,1
BRDA:73,1,1,0
BRDA:74,2,0,1
BRDA:74,2,1,0
BRDA:75,3,0,1
BRDA:75,3,1,1
BRF:8
BRH:5
end_of_record
TN:
SF:/home/omar/Documents/evolveu/objects/src/index.js
FNF:0
FNH:0
DA:1,0
DA:2,0
DA:3,0
DA:4,0
DA:5,0
DA:12,0
LF:6
LH:0
BRF:0
BRH:0
end_of_record
TN:
SF:/home/omar/Documents/evolveu/objects/src/serviceWorker.js
FN:23,register
FN:34,(anonymous_1)
FN:43,(anonymous_2)
FN:57,registerValidSW
FN:60,(anonymous_4)
FN:61,(anonymous_5)
FN:66,(anonymous_6)
FN:96,(anonymous_7)
FN:101,checkValidServiceWorker
FN:104,(anonymous_9)
FN:112,(anonymous_10)
FN:113,(anonymous_11)
FN:122,(anonymous_12)
FN:129,unregister
FN:131,(anonymous_14)
FNF:15
FNH:0
FNDA:0,register
FNDA:0,(anonymous_1)
FNDA:0,(anonymous_2)
FNDA:0,registerValidSW
FNDA:0,(anonymous_4)
FNDA:0,(anonymous_5)
FNDA:0,(anonymous_6)
FNDA:0,(anonymous_7)
FNDA:0,checkValidServiceWorker
FNDA:0,(anonymous_9)
FNDA:0,(anonymous_10)
FNDA:0,(anonymous_11)
FNDA:0,(anonymous_12)
FNDA:0,unregister
FNDA:0,(anonymous_14)
DA:13,0
DA:24,0
DA:26,0
DA:27,0
DA:31,0
DA:34,0
DA:35,0
DA:37,0
DA:39,0
DA:43,0
DA:44,0
DA:51,0
DA:58,0
DA:61,0
DA:62,0
DA:63,0
DA:64,0
DA:66,0
DA:67,0
DA:68,0
DA:72,0
DA:78,0
DA:79,0
DA:85,0
DA:88,0
DA:89,0
DA:97,0
DA:103,0
DA:106,0
DA:107,0
DA:112,0
DA:113,0
DA:114,0
DA:119,0
DA:123,0
DA:130,0
DA:131,0
DA:132,0
LF:38
LH:0
BRDA:14,0,0,0
BRDA:14,0,1,0
BRDA:14,0,2,0
BRDA:24,1,0,0
BRDA:24,1,1,0
BRDA:24,2,0,0
BRDA:24,2,1,0
BRDA:27,3,0,0
BRDA:27,3,1,0
BRDA:37,4,0,0
BRDA:37,4,1,0
BRDA:63,5,0,0
BRDA:63,5,1,0
BRDA:67,6,0,0
BRDA:67,6,1,0
BRDA:68,7,0,0
BRDA:68,7,1,0
BRDA:78,8,0,0
BRDA:78,8,1,0
BRDA:78,9,0,0
BRDA:78,9,1,0
BRDA:88,10,0,0
BRDA:88,10,1,0
BRDA:88,11,0,0
BRDA:88,11,1,0
BRDA:107,12,0,0
BRDA:107,12,1,0
BRDA:108,13,0,0
BRDA:108,13,1,0
BRDA:108,13,2,0
BRDA:130,14,0,0
BRDA:130,14,1,0
BRF:32
BRH:0
end_of_record
TN:
SF:/home/omar/Documents/evolveu/objects/src/components/AppNavBar.jsx
FN:8,(anonymous_0)
FNF:1
FNH:1
FNDA:1,(anonymous_0)
DA:10,1
LF:1
LH:1
BRDA:18,0,0,0
BRDA:18,0,1,1
BRDA:25,1,0,0
BRDA:25,1,1,1
BRDA:32,2,0,0
BRDA:32,2,1,1
BRDA:39,3,0,1
BRDA:39,3,1,0
BRF:8
BRH:4
end_of_record
TN:
SF:/home/omar/Documents/evolveu/objects/src/components/BankAccounts.jsx
FN:9,(anonymous_0)
FN:69,(anonymous_1)
FN:97,(anonymous_2)
FN:114,(anonymous_3)
FN:133,(anonymous_4)
FN:137,(anonymous_5)
FN:324,(anonymous_6)
FN:337,(anonymous_7)
FN:345,(anonymous_8)
FN:374,(anonymous_9)
FN:380,(anonymous_10)
FN:414,(anonymous_11)
FN:423,(anonymous_12)
FN:427,(anonymous_13)
FN:457,(anonymous_14)
FN:467,(anonymous_15)
FN:473,(anonymous_16)
FN:510,(anonymous_17)
FN:521,(anonymous_18)
FN:527,(anonymous_19)
FN:536,(anonymous_20)
FN:605,(anonymous_21)
FN:624,(anonymous_22)
FN:649,(anonymous_23)
FN:668,(anonymous_24)
FN:690,(anonymous_25)
FNF:26
FNH:2
FNDA:2,(anonymous_0)
FNDA:0,(anonymous_1)
FNDA:0,(anonymous_2)
FNDA:0,(anonymous_3)
FNDA:0,(anonymous_4)
FNDA:0,(anonymous_5)
FNDA:0,(anonymous_6)
FNDA:0,(anonymous_7)
FNDA:0,(anonymous_8)
FNDA:0,(anonymous_9)
FNDA:0,(anonymous_10)
FNDA:0,(anonymous_11)
FNDA:0,(anonymous_12)
FNDA:0,(anonymous_13)
FNDA:0,(anonymous_14)
FNDA:0,(anonymous_15)
FNDA:0,(anonymous_16)
FNDA:0,(anonymous_17)
FNDA:0,(anonymous_18)
FNDA:0,(anonymous_19)
FNDA:0,(anonymous_20)
FNDA:0,(anonymous_21)
FNDA:0,(anonymous_22)
FNDA:0,(anonymous_23)
FNDA:0,(anonymous_24)
FNDA:2,(anonymous_25)
DA:10,2
DA:11,2
DA:70,0
DA:76,0
DA:77,0
DA:78,0
DA:84,0
DA:102,0
DA:103,0
DA:105,0
DA:111,0
DA:112,0
DA:114,0
DA:115,0
DA:116,0
DA:119,0
DA:120,0
DA:121,0
DA:133,0
DA:134,0
DA:135,0
DA:137,0
DA:138,0
DA:140,0
DA:143,0
DA:144,0
DA:146,0
DA:148,0
DA:163,0
DA:174,0
DA:175,0
DA:176,0
DA:177,0
DA:193,0
DA:194,0
DA:210,0
DA:211,0
DA:213,0
DA:215,0
DA:233,0
DA:234,0
DA:238,0
DA:239,0
DA:242,0
DA:248,0
DA:250,0
DA:251,0
DA:252,0
DA:254,0
DA:256,0
DA:275,0
DA:276,0
DA:278,0
DA:280,0
DA:295,0
DA:296,0
DA:298,0
DA:300,0
DA:315,0
DA:316,0
DA:317,0
DA:319,0
DA:321,0
DA:323,0
DA:324,0
DA:325,0
DA:326,0
DA:329,0
DA:331,0
DA:335,0
DA:337,0
DA:343,0
DA:345,0
DA:346,0
DA:349,0
DA:351,0
DA:352,0
DA:354,0
DA:356,0
DA:370,0
DA:371,0
DA:372,0
DA:374,0
DA:378,0
DA:380,0
DA:381,0
DA:384,0
DA:391,0
DA:392,0
DA:394,0
DA:396,0
DA:405,0
DA:408,0
DA:409,0
DA:410,0
DA:411,0
DA:414,0
DA:421,0
DA:423,0
DA:424,0
DA:427,0
DA:428,0
DA:429,0
DA:433,0
DA:434,0
DA:436,0
DA:438,0
DA:448,0
DA:451,0
DA:452,0
DA:453,0
DA:454,0
DA:457,0
DA:465,0
DA:467,0
DA:468,0
DA:471,0
DA:473,0
DA:474,0
DA:475,0
DA:476,0
DA:478,0
DA:483,0
DA:484,0
DA:486,0
DA:488,0
DA:498,0
DA:499,0
DA:504,0
DA:505,0
DA:506,0
DA:507,0
DA:510,0
DA:519,0
DA:521,0
DA:522,0
DA:525,0
DA:527,0
DA:529,0
DA:532,0
DA:533,0
DA:536,0
DA:538,0
DA:539,0
DA:543,0
DA:548,0
DA:549,0
DA:551,0
DA:553,0
DA:563,0
DA:564,0
DA:572,0
DA:573,0
DA:580,0
DA:581,0
DA:588,0
DA:589,0
DA:596,0
DA:597,0
DA:603,0
DA:605,0
DA:611,0
DA:612,0
DA:618,0
DA:622,0
DA:624,0
DA:625,0
DA:628,0
DA:631,0
DA:637,0
DA:646,0
DA:647,0
DA:649,0
DA:655,0
DA:656,0
DA:662,0
DA:666,0
DA:668,0
DA:669,0
DA:672,0
DA:675,0
DA:681,0
DA:691,2
LF:183
LH:3
BRDA:76,0,0,0
BRDA:76,0,1,0
BRDA:105,1,0,0
BRDA:105,1,1,0
BRDA:105,2,0,0
BRDA:105,2,1,0
BRDA:105,2,2,0
BRDA:105,2,3,0
BRDA:115,3,0,0
BRDA:115,3,1,0
BRDA:119,4,0,0
BRDA:119,4,1,0
BRDA:143,5,0,0
BRDA:143,5,1,0
BRDA:163,6,0,0
BRDA:163,6,1,0
BRDA:163,7,0,0
BRDA:163,7,1,0
BRDA:176,8,0,0
BRDA:176,8,1,0
BRDA:193,9,0,0
BRDA:193,9,1,0
BRDA:210,10,0,0
BRDA:210,10,1,0
BRDA:233,11,0,0
BRDA:233,11,1,0
BRDA:238,12,0,0
BRDA:238,12,1,0
BRDA:251,13,0,0
BRDA:251,13,1,0
BRDA:275,14,0,0
BRDA:275,14,1,0
BRDA:295,15,0,0
BRDA:295,15,1,0
BRDA:315,16,0,0
BRDA:315,16,1,0
BRDA:321,17,0,0
BRDA:321,17,1,0
BRDA:321,18,0,0
BRDA:321,18,1,0
BRDA:325,19,0,0
BRDA:325,19,1,0
BRDA:329,20,0,0
BRDA:329,20,1,0
BRDA:351,21,0,0
BRDA:351,21,1,0
BRDA:370,22,0,0
BRDA:370,22,1,0
BRDA:391,23,0,0
BRDA:391,23,1,0
BRDA:405,24,0,0
BRDA:405,24,1,0
BRDA:409,25,0,0
BRDA:409,25,1,0
BRDA:409,26,0,0
BRDA:409,26,1,0
BRDA:428,27,0,0
BRDA:428,27,1,0
BRDA:433,28,0,0
BRDA:433,28,1,0
BRDA:448,29,0,0
BRDA:448,29,1,0
BRDA:452,30,0,0
BRDA:452,30,1,0
BRDA:452,31,0,0
BRDA:452,31,1,0
BRDA:474,32,0,0
BRDA:474,32,1,0
BRDA:475,33,0,0
BRDA:475,33,1,0
BRDA:483,34,0,0
BRDA:483,34,1,0
BRDA:498,35,0,0
BRDA:498,35,1,0
BRDA:505,36,0,0
BRDA:505,36,1,0
BRDA:505,37,0,0
BRDA:505,37,1,0
BRDA:529,38,0,0
BRDA:529,38,1,0
BRDA:532,39,0,0
BRDA:532,39,1,0
BRDA:538,40,0,0
BRDA:538,40,1,0
BRDA:548,41,0,0
BRDA:548,41,1,0
BRDA:563,42,0,0
BRDA:563,42,1,0
BRDA:572,43,0,0
BRDA:572,43,1,0
BRDA:580,44,0,0
BRDA:580,44,1,0
BRDA:588,45,0,0
BRDA:588,45,1,0
BRDA:596,46,0,0
BRDA:596,46,1,0
BRDA:603,47,0,0
BRDA:603,47,1,0
BRDA:611,48,0,0
BRDA:611,48,1,0
BRDA:612,49,0,0
BRDA:612,49,1,0
BRDA:646,50,0,0
BRDA:646,50,1,0
BRDA:655,51,0,0
BRDA:655,51,1,0
BRDA:656,52,0,0
BRDA:656,52,1,0
BRF:108
BRH:0
end_of_record
TN:
SF:/home/omar/Documents/evolveu/objects/src/components/Calculator.jsx
FN:7,(anonymous_0)
FN:20,(anonymous_1)
FN:69,(anonymous_2)
FNF:3
FNH:2
FNDA:1,(anonymous_0)
FNDA:0,(anonymous_1)
FNDA:1,(anonymous_2)
DA:8,1
DA:9,1
DA:22,0
DA:27,0
DA:40,0
DA:41,0
DA:42,0
DA:44,0
DA:45,0
DA:47,0
DA:48,0
DA:51,0
DA:52,0
DA:55,0
DA:56,0
DA:59,0
DA:60,0
DA:63,0
DA:64,0
DA:66,0
DA:70,1
LF:21
LH:3
BRDA:27,0,0,0
BRDA:27,0,1,0
BRDA:40,1,0,0
BRDA:40,1,1,0
BRDA:41,2,0,0
BRDA:41,2,1,0
BRDA:42,3,0,0
BRDA:42,3,1,0
BRDA:45,4,0,0
BRDA:45,4,1,0
BRDA:45,4,2,0
BRDA:45,4,3,0
BRDA:45,4,4,0
BRF:13
BRH:0
end_of_record
TN:
SF:/home/omar/Documents/evolveu/objects/src/components/OneAccount.jsx
FN:7,(anonymous_0)
FN:18,(anonymous_1)
FN:35,(anonymous_2)
FN:41,(anonymous_3)
FN:51,(anonymous_4)
FN:65,(anonymous_5)
FNF:6
FNH:2
FNDA:1,(anonymous_0)
FNDA:0,(anonymous_1)
FNDA:0,(anonymous_2)
FNDA:0,(anonymous_3)
FNDA:0,(anonymous_4)
FNDA:1,(anonymous_5)
DA:8,1
DA:9,1
DA:19,0
DA:22,0
DA:37,0
DA:39,0
DA:41,0
DA:42,0
DA:43,0
DA:48,0
DA:51,0
DA:52,0
DA:53,0
DA:58,0
DA:61,0
DA:68,1
LF:16
LH:3
BRDA:22,0,0,0
BRDA:22,0,1,0
BRDA:39,1,0,0
BRDA:39,1,1,0
BRDA:39,1,2,0
BRF:5
BRH:0
end_of_record
TN:
SF:/home/omar/Documents/evolveu/objects/src/components/ReactGreeter.jsx
FN:6,(anonymous_0)
FNF:1
FNH:0
FNDA:0,(anonymous_0)
DA:7,0
LF:1
LH:0
BRF:0
BRH:0
end_of_record
TN:
SF:/home/omar/Documents/evolveu/objects/src/components/BankAccounts/AccountsList.jsx
FN:5,(anonymous_0)
FN:46,(anonymous_1)
FNF:2
FNH:1
FNDA:2,(anonymous_0)
FNDA:0,(anonymous_1)
DA:8,2
DA:11,2
DA:13,2
DA:14,0
DA:46,2
DA:47,0
DA:48,0
DA:101,2
LF:8
LH:5
BRDA:8,0,0,0
BRDA:8,0,1,2
BRDA:13,1,0,0
BRDA:13,1,1,2
BRDA:19,2,0,0
BRDA:19,2,1,0
BRDA:23,3,0,0
BRDA:23,3,1,0
BRDA:30,4,0,0
BRDA:30,4,1,0
BRDA:34,5,0,0
BRDA:34,5,1,0
BRDA:50,6,0,0
BRDA:50,6,1,0
BRDA:56,7,0,0
BRDA:56,7,1,0
BRDA:57,8,0,0
BRDA:57,8,1,0
BRDA:110,9,0,0
BRDA:110,9,1,2
BRF:20
BRH:3
end_of_record
TN:
SF:/home/omar/Documents/evolveu/objects/src/components/BankAccounts/Body.jsx
FN:11,(anonymous_0)
FNF:1
FNH:1
FNDA:2,(anonymous_0)
DA:15,2
DA:17,2
LF:2
LH:2
BRDA:15,0,0,2
BRDA:15,0,1,0
BRDA:15,1,0,2
BRDA:15,1,1,2
BRDA:26,2,0,2
BRDA:26,2,1,0
BRDA:34,3,0,2
BRDA:34,3,1,0
BRDA:43,4,0,2
BRDA:43,4,1,0
BRDA:54,5,0,2
BRDA:54,5,1,0
BRDA:63,6,0,2
BRDA:63,6,1,0
BRF:14
BRH:8
end_of_record
TN:
SF:/home/omar/Documents/evolveu/objects/src/components/BankAccounts/DeleteAccount.jsx
FN:5,(anonymous_0)
FN:22,(anonymous_1)
FNF:2
FNH:0
FNDA:0,(anonymous_0)
FNDA:0,(anonymous_1)
DA:13,0
DA:16,0
DA:17,0
DA:22,0
DA:23,0
DA:24,0
DA:29,0
LF:7
LH:0
BRDA:16,0,0,0
BRDA:16,0,1,0
BRDA:23,1,0,0
BRDA:23,1,1,0
BRF:4
BRH:0
end_of_record
TN:
SF:/home/omar/Documents/evolveu/objects/src/components/BankAccounts/DepositWithdraw.jsx
FN:5,(anonymous_0)
FN:18,(anonymous_1)
FNF:2
FNH:0
FNDA:0,(anonymous_0)
FNDA:0,(anonymous_1)
DA:7,0
DA:8,0
DA:12,0
DA:13,0
DA:18,0
DA:19,0
DA:20,0
DA:21,0
DA:26,0
LF:9
LH:0
BRDA:12,0,0,0
BRDA:12,0,1,0
BRDA:19,1,0,0
BRDA:19,1,1,0
BRF:4
BRH:0
end_of_record
TN:
SF:/home/omar/Documents/evolveu/objects/src/components/BankAccounts/Header.jsx
FN:4,(anonymous_0)
FN:17,(anonymous_1)
FNF:2
FNH:1
FNDA:2,(anonymous_0)
FNDA:0,(anonymous_1)
DA:6,2
DA:7,2
DA:11,2
DA:12,2
DA:17,0
DA:18,0
DA:19,0
DA:20,0
DA:25,2
DA:26,2
DA:27,0
DA:35,2
LF:12
LH:7
BRDA:11,0,0,2
BRDA:11,0,1,0
BRDA:18,1,0,0
BRDA:18,1,1,0
BRDA:26,2,0,0
BRDA:26,2,1,2
BRDA:41,3,0,0
BRDA:41,3,1,2
BRF:8
BRH:3
end_of_record
TN:
SF:/home/omar/Documents/evolveu/objects/src/components/BankAccounts/NewAccount.jsx
FN:5,(anonymous_0)
FNF:1
FNH:0
FNDA:0,(anonymous_0)
DA:7,0
LF:1
LH:0
BRF:0
BRH:0
end_of_record
TN:
SF:/home/omar/Documents/evolveu/objects/src/components/BankAccounts/RenameAccount.jsx
FN:5,(anonymous_0)
FN:21,(anonymous_1)
FNF:2
FNH:0
FNDA:0,(anonymous_0)
FNDA:0,(anonymous_1)
DA:13,0
DA:16,0
DA:17,0
DA:21,0
DA:22,0
DA:23,0
DA:28,0
LF:7
LH:0
BRDA:16,0,0,0
BRDA:16,0,1,0
BRDA:22,1,0,0
BRDA:22,1,1,0
BRF:4
BRH:0
end_of_record
TN:
SF:/home/omar/Documents/evolveu/objects/src/components/BankAccounts/Transfer.jsx
FN:5,(anonymous_0)
FN:10,(anonymous_1)
FN:22,(anonymous_2)
FNF:3
FNH:0
FNDA:0,(anonymous_0)
FNDA:0,(anonymous_1)
FNDA:0,(anonymous_2)
DA:10,0
DA:11,0
DA:22,0
DA:23,0
DA:24,0
DA:30,0
DA:33,0
LF:7
LH:0
BRDA:23,0,0,0
BRDA:23,0,1,0
BRDA:41,1,0,0
BRDA:41,1,1,0
BRF:4
BRH:0
end_of_record
TN:
SF:/home/omar/Documents/evolveu/objects/src/components/js/LinkedList.js
FN:55,(anonymous_0)
FN:65,(anonymous_1)
FN:119,(anonymous_2)
FN:183,(anonymous_3)
FN:192,(anonymous_4)
FN:200,(anonymous_5)
FN:216,(anonymous_6)
FN:235,(anonymous_7)
FNF:8
FNH:8
FNDA:7,(anonymous_0)
FNDA:68,(anonymous_1)
FNDA:15,(anonymous_2)
FNDA:3,(anonymous_3)
FNDA:2,(anonymous_4)
FNDA:4,(anonymous_5)
FNDA:9,(anonymous_6)
FNDA:2,(anonymous_7)
DA:49,3
DA:56,7
DA:57,7
DA:58,7
DA:59,7
DA:67,68
DA:69,67
DA:75,67
DA:76,7
DA:77,7
DA:87,60
DA:88,59
DA:89,59
DA:90,59
DA:91,59
DA:104,1
DA:105,1
DA:106,1
DA:107,1
DA:111,67
DA:113,67
DA:121,15
DA:123,13
DA:130,13
DA:132,3
DA:135,3
DA:136,3
DA:139,3
DA:140,3
DA:149,10
DA:150,39
DA:156,10
DA:160,10
DA:164,10
DA:167,10
DA:169,10
DA:173,13
DA:176,13
DA:184,3
DA:185,3
DA:193,2
DA:194,2
DA:203,4
DA:208,3
DA:210,3
DA:219,9
DA:225,8
DA:226,27
DA:227,8
DA:229,8
DA:236,2
DA:237,2
DA:239,2
DA:240,31
DA:241,31
DA:243,2
LF:56
LH:56
BRDA:65,0,0,1
BRDA:67,1,0,1
BRDA:67,1,1,67
BRDA:75,2,0,7
BRDA:75,2,1,60
BRDA:87,3,0,59
BRDA:87,3,1,1
BRDA:121,4,0,2
BRDA:121,4,1,13
BRDA:130,5,0,3
BRDA:130,5,1,10
BRDA:139,6,0,1
BRDA:139,6,1,2
BRDA:164,7,0,9
BRDA:164,7,1,1
BRDA:203,8,0,1
BRDA:203,8,1,3
BRDA:219,9,0,1
BRDA:219,9,1,8
BRF:19
BRH:19
end_of_record
TN:
SF:/home/omar/Documents/evolveu/objects/src/components/js/MoviesList.js
FN:5,(anonymous_0)
FN:26,(anonymous_1)
FN:27,(anonymous_2)
FN:28,(anonymous_3)
FNF:4
FNH:4
FNDA:41,(anonymous_0)
FNDA:1,(anonymous_1)
FNDA:21,(anonymous_2)
FNDA:20,(anonymous_3)
DA:6,41
DA:7,41
DA:27,21
DA:28,20
LF:4
LH:4
BRDA:5,0,0,1
BRDA:5,1,0,1
BRF:2
BRH:2
end_of_record
TN:
SF:/home/omar/Documents/evolveu/objects/src/components/js/Node.js
FN:2,(anonymous_0)
FN:12,(anonymous_1)
FN:33,(anonymous_2)
FNF:3
FNH:3
FNDA:73,(anonymous_0)
FNDA:6,(anonymous_1)
FNDA:2,(anonymous_2)
DA:3,73
DA:4,73
DA:17,6
DA:21,2
DA:22,1
DA:23,1
DA:27,1
DA:30,1
DA:33,1
DA:34,2
DA:38,1
DA:39,1
DA:40,1
DA:43,4
LF:14
LH:14
BRDA:2,0,0,1
BRDA:2,1,0,6
BRDA:17,2,0,2
BRDA:17,2,1,4
BRDA:21,3,0,1
BRDA:21,3,1,1
BRF:6
BRH:6
end_of_record
TN:
SF:/home/omar/Documents/evolveu/objects/src/components/js/Queue.js
FN:22,(anonymous_0)
FN:27,(anonymous_1)
FN:32,(anonymous_2)
FN:37,(anonymous_3)
FNF:4
FNH:4
FNDA:2,(anonymous_0)
FNDA:20,(anonymous_1)
FNDA:1,(anonymous_2)
FNDA:4,(anonymous_3)
DA:16,1
DA:23,2
DA:28,20
DA:33,1
DA:38,4
LF:5
LH:5
BRF:0
BRH:0
end_of_record
TN:
SF:/home/omar/Documents/evolveu/objects/src/components/js/account.js
FN:5,(anonymous_0)
FN:10,(anonymous_1)
FN:11,(anonymous_2)
FN:13,(anonymous_3)
FN:14,(anonymous_4)
FN:16,(anonymous_5)
FN:21,(anonymous_6)
FNF:7
FNH:7
FNDA:35,(anonymous_0)
FNDA:118,(anonymous_1)
FNDA:132,(anonymous_2)
FNDA:1,(anonymous_3)
FNDA:2,(anonymous_4)
FNDA:1,(anonymous_5)
FNDA:1,(anonymous_6)
DA:6,35
DA:7,35
DA:10,118
DA:11,132
DA:13,1
DA:14,2
DA:17,1
DA:18,1
DA:22,1
DA:23,1
LF:10
LH:10
BRF:0
BRH:0
end_of_record
TN:
SF:/home/omar/Documents/evolveu/objects/src/components/js/accountsController.js
FN:6,(anonymous_0)
FN:12,(anonymous_1)
FN:16,(anonymous_2)
FN:18,(anonymous_3)
FN:26,(anonymous_4)
FN:28,(anonymous_5)
FN:36,(anonymous_6)
FN:38,(anonymous_7)
FN:46,(anonymous_8)
FN:48,(anonymous_9)
FN:54,(anonymous_10)
FN:55,(anonymous_11)
FN:62,(anonymous_12)
FN:70,(anonymous_13)
FN:78,(anonymous_14)
FN:88,(anonymous_15)
FNF:16
FNH:16
FNDA:13,(anonymous_0)
FNDA:33,(anonymous_1)
FNDA:1,(anonymous_2)
FNDA:2,(anonymous_3)
FNDA:1,(anonymous_4)
FNDA:2,(anonymous_5)
FNDA:1,(anonymous_6)
FNDA:3,(anonymous_7)
FNDA:3,(anonymous_8)
FNDA:4,(anonymous_9)
FNDA:2,(anonymous_10)
FNDA:2,(anonymous_11)
FNDA:9,(anonymous_12)
FNDA:8,(anonymous_13)
FNDA:27,(anonymous_14)
FNDA:27,(anonymous_15)
DA:7,13
DA:13,33
DA:17,1
DA:18,1
DA:19,2
DA:20,1
DA:23,1
DA:27,1
DA:28,1
DA:29,2
DA:30,1
DA:33,1
DA:37,1
DA:38,1
DA:39,3
DA:40,1
DA:43,1
DA:47,3
DA:48,3
DA:49,4
DA:51,3
DA:55,2
DA:56,2
DA:57,1
DA:63,9
DA:72,8
DA:74,8
DA:78,3
DA:79,27
DA:80,9
DA:82,18
DA:84,3
DA:88,3
DA:89,27
DA:90,27
DA:91,27
DA:92,9
DA:93,3
DA:94,1
DA:97,18
DA:98,11
DA:99,2
DA:102,3
DA:105,2
LF:44
LH:44
BRDA:19,0,0,1
BRDA:19,0,1,1
BRDA:29,1,0,1
BRDA:29,1,1,1
BRDA:39,2,0,1
BRDA:39,2,1,2
BRDA:56,3,0,1
BRDA:56,3,1,1
BRDA:74,4,0,3
BRDA:74,4,1,3
BRDA:74,4,2,2
BRDA:79,5,0,9
BRDA:79,5,1,18
BRDA:91,6,0,9
BRDA:91,6,1,18
BRDA:92,7,0,6
BRDA:92,7,1,3
BRDA:93,8,0,2
BRDA:93,8,1,1
BRDA:97,9,0,7
BRDA:97,9,1,11
BRDA:98,10,0,9
BRDA:98,10,1,2
BRF:23
BRH:23
end_of_record
TN:
SF:/home/omar/Documents/evolveu/objects/src/components/js/math.js
FN:1,sum
FN:5,difference
FN:9,multiply
FN:13,divide
FNF:4
FNH:4
FNDA:1,sum
FNDA:1,difference
FNDA:1,multiply
FNDA:1,divide
DA:2,1
DA:6,1
DA:10,1
DA:14,1
LF:4
LH:4
BRF:0
BRH:0
end_of_record
